
*** Running vivado
    with args -log base_xbar_10.vds -m64 -product Vivado -mode batch -messageDb vivado.pb -notrace -source base_xbar_10.tcl


****** Vivado v2024.1 (64-bit)
  **** SW Build 5076996 on Wed May 22 18:36:09 MDT 2024
  **** IP Build 5075265 on Wed May 22 21:45:21 MDT 2024
  **** SharedData Build 5076995 on Wed May 22 18:29:18 MDT 2024
  **** Start of session at: Sat Oct 25 14:10:10 2025
    ** Copyright 1986-2022 Xilinx, Inc. All Rights Reserved.
    ** Copyright 2022-2024 Advanced Micro Devices, Inc. All Rights Reserved.

source base_xbar_10.tcl -notrace
INFO: [IP_Flow 19-234] Refreshing IP repositories
INFO: [IP_Flow 19-1700] Loaded user IP repository '/home/wu/__PYNQ__/board_grey/ip'.
INFO: [IP_Flow 19-2313] Loaded Vivado IP repository '/tools/Xilinx/Vivado/2024.1/data/ip'.
INFO: [IP_Flow 19-6924] IPCACHE: Running cache check for IP inst: base_xbar_10
INFO: [IP_Flow 19-6922] IPCACHE: Exporting cached entry bf7665c5b11b5bef to dir: /home/wu/__PYNQ__/board_grey/Pynq-Z2/base/base/base.runs/base_xbar_10_synth_1
INFO: [IP_Flow 19-6928] IPCACHE: copied cached file /home/wu/__PYNQ__/board_grey/Pynq-Z2/base/base/base.cache/ip/2024.1/b/f/bf7665c5b11b5bef/base_xbar_10_stub.vhdl to /home/wu/__PYNQ__/board_grey/Pynq-Z2/base/base/base.runs/base_xbar_10_synth_1/base_xbar_10_stub.vhdl.
INFO: [IP_Flow 19-6928] IPCACHE: copied cached file /home/wu/__PYNQ__/board_grey/Pynq-Z2/base/base/base.cache/ip/2024.1/b/f/bf7665c5b11b5bef/base_xbar_10_stub.v to /home/wu/__PYNQ__/board_grey/Pynq-Z2/base/base/base.runs/base_xbar_10_synth_1/base_xbar_10_stub.v.
INFO: [IP_Flow 19-6928] IPCACHE: copied cached file /home/wu/__PYNQ__/board_grey/Pynq-Z2/base/base/base.cache/ip/2024.1/b/f/bf7665c5b11b5bef/base_xbar_10_sim_netlist.v to /home/wu/__PYNQ__/board_grey/Pynq-Z2/base/base/base.runs/base_xbar_10_synth_1/base_xbar_10_sim_netlist.v.
INFO: [IP_Flow 19-6928] IPCACHE: copied cached file /home/wu/__PYNQ__/board_grey/Pynq-Z2/base/base/base.cache/ip/2024.1/b/f/bf7665c5b11b5bef/base_xbar_10.dcp to /home/wu/__PYNQ__/board_grey/Pynq-Z2/base/base/base.runs/base_xbar_10_synth_1/base_xbar_10.dcp.
INFO: [IP_Flow 19-6928] IPCACHE: copied cached file /home/wu/__PYNQ__/board_grey/Pynq-Z2/base/base/base.cache/ip/2024.1/b/f/bf7665c5b11b5bef/base_xbar_10_sim_netlist.vhdl to /home/wu/__PYNQ__/board_grey/Pynq-Z2/base/base/base.runs/base_xbar_10_synth_1/base_xbar_10_sim_netlist.vhdl.
INFO: [IP_Flow 19-4838] Using cached IP synthesis design for IP base_xbar_10, cache-ID = bf7665c5b11b5bef.
INFO: [Common 17-206] Exiting Vivado at Sat Oct 25 14:10:17 2025...
