# 
# Steps log generated by v++
# This log file contains a collection of steps that describe the kernel compilation flow
# Note: Some steps are tagged as internal, these steps are for debugging purposes and 
#       are not expected to be able to run independently.
# 

# The following environment variables are set when running v++
Environment variables :
------------------------------------------
SHELL=/bin/bash
SESSION_MANAGER=local/ubuntu:@/tmp/.ICE-unix/3140,unix/ubuntu:/tmp/.ICE-unix/3140
QT_ACCESSIBILITY=1
XDG_CONFIG_DIRS=/etc/xdg/xdg-ubuntu:/etc/xdg
XDG_MENU_PREFIX=gnome-
RDI_APPROOT=/tools/Xilinx/Vitis/2024.1
RDI_JAVA_PLATFORM=
SHARED_DATA_HOME=/tools/Xilinx/SharedData/2024.1
TK_LIBRARY=/tools/Xilinx/Vitis/2024.1/tps/tk/tk8.5
LANGUAGE=en_US:en
FREETYPE_PROPERTIES=truetype:interpreter-version=35
XIL_SUPPRESS_OVERRIDE_WARNINGS=1
RDI_BINROOT=/tools/Xilinx/Vitis/2024.1/bin
XILINX_VIVADO=/tools/Xilinx/Vivado/2024.1
JAVA_HOME=/tools/Xilinx/Vitis/2024.1/tps/lnx64/jre11.0.16_1/
GNOME_SHELL_SESSION_MODE=ubuntu
SSH_AUTH_SOCK=/run/user/1000/keyring/ssh
RDI_OPT_EXT=.o
RDI_INSTALLVER=2024.1
RDI_INSTALLROOT=/tools/Xilinx
THEIA_DEFAULT_PLUGINS=local-dir:/tools/Xilinx/Vitis/2024.1/ide/electron-app/lnx64/resources/app/plugins
MEMORY_PRESSURE_WRITE=c29tZSAyMDAwMDAgMjAwMDAwMAA=
RDI_PATCHROOT=
XMODIFIERS=@im=ibus
DESKTOP_SESSION=ubuntu
GTK_MODULES=gail:atk-bridge
XIL_NO_OVERRIDE=0
RDI_LIBDIR=/tools/Xilinx/Vitis/2024.1/lib/lnx64.o/Ubuntu:/tools/Xilinx/Vitis/2024.1/lib/lnx64.o
PWD=/home/wu/__PYNQ__/hls_ok/render
LOGNAME=wu
XDG_SESSION_DESKTOP=ubuntu
THEIA_ELECTRON_VERSION=15.5.7
XDG_SESSION_TYPE=wayland
_RDI_DONT_SET_XILINX_AS_PATH=True
SYSTEMD_EXEC_PID=3186
XAUTHORITY=/run/user/1000/.mutter-Xwaylandauth.DYGLE3
RDI_PREPEND_PATH=/tools/Xilinx/Vitis/2024.1/bin
XILINX_DSP=
GJS_DEBUG_TOPICS=JS ERROR;JS LOG
THEIA_PLUGINS=local-dir:/home/wu/.theia/plugins
HOME=/home/wu
USERNAME=wu
IM_CONFIG_PHASE=1
SYNTH_COMMON=/tools/Xilinx/Vitis/2024.1/scripts/rt/data
LANG=en_US.UTF-8
XDG_CURRENT_DESKTOP=Unity
MEMORY_PRESSURE_WATCH=/sys/fs/cgroup/user.slice/user-1000.slice/user@1000.service/session.slice/org.gnome.Shell@wayland.service/memory.pressure
WAYLAND_DISPLAY=wayland-0
XILINX_HLS=/tools/Xilinx/Vitis_HLS/2024.1
HDI_PROCESSOR=x86_64
RDI_BUILD=yes
RDI_PROG=/tools/Xilinx/Vitis/2024.1/bin/unwrapped/lnx64.o/v++
INVOCATION_ID=29dbf5a231f249479ad9ffd0bf1e8675
MANAGERPID=2989
RDI_SESSION_INFO=/home/wu:ubuntu_1761557055_6127
CHROME_DESKTOP=Vitis Unified IDE.desktop
RT_TCL_PATH=/tools/Xilinx/Vitis/2024.1/scripts/rt/base_tcl/tcl
GJS_DEBUG_OUTPUT=stderr
XILINX_SDK=/tools/Xilinx/Vitis/2024.1
GNOME_SETUP_DISPLAY=:1
RDI_SHARED_DATA=/tools/Xilinx/SharedData/2024.1/data
VSCODE_API_VERSION=1.53.2
XDG_SESSION_CLASS=user
PYTHONPATH=/tools/Xilinx/Vitis/2024.1/cli/:/tools/Xilinx/Vitis/2024.1/cli/python-packages/site-packages:/tools/Xilinx/Vitis/2024.1/cli/proto:/tools/Xilinx/Vitis/2024.1/tps/lnx64/python-3.8.3/lib/python3.8/lib-dynload/:/tools/Xilinx/Vitis/2024.1/tps/lnx64/python-3.8.3/lib/python3.8/:/tools/Xilinx/Vitis/2024.1/tps/lnx64/python-3.8.3/lib/python3.8/lib-dynload/:/tools/Xilinx/Vitis/2024.1/tps/lnx64/python-3.8.3/lib/python3.8:/tools/Xilinx/Vitis/2024.1/cli/:/tools/Xilinx/Vitis/2024.1/cli/python-packages/site-packages:/tools/Xilinx/Vitis/2024.1/cli/python-packages/lnx64:/tools/Xilinx/Vitis/2024.1/cli/proto:/tools/Xilinx/Vitis/2024.1/scripts/python_pkg
PYTHONHOME=/tools/Xilinx/Vitis/2024.1/tps/lnx64/python-3.8.3/
USER=wu
XILINX_PLANAHEAD=/tools/Xilinx/Vitis/2024.1
RDI_BASEROOT=/tools/Xilinx/Vitis
LOPPER_DTC_FLAGS=-b 0 -@
RDI_TPS_ROOT=/tools/Xilinx/Vivado/2024.1/tps/lnx64
RDI_JAVA_VERSION=11.0.16_1
IDE_SKIP_SERVER_LICENSE=1
RDI_DATADIR=/tools/Xilinx/SharedData/2024.1/data:/tools/Xilinx/Vitis/2024.1/data
THEIA_ELECTRON_TOKEN={"value":"fc199032-38b5-4220-97e0-a8eb233ce480"}
DISPLAY=:0
SHLVL=3
GSM_SKIP_SSH_AGENT_WORKAROUND=true
RDI_USE_JDK11=1
QT_IM_MODULE=ibus
XILINX_VIVADO_HLS=/tools/Xilinx/Vivado/2024.1
XIL_CHECK_TCL_DEBUG=False
LD_LIBRARY_PATH=/tools/Xilinx/Vitis/2024.1/tps/lnx64/java-cef-95.0.4638.69/bin/lib/linux64:/tools/Xilinx/Vitis/2024.1/tps/lnx64/javafx-sdk-11.0.2/lib:/tools/Xilinx/Vitis/2024.1/lib/lnx64.o/Ubuntu:/tools/Xilinx/Vitis/2024.1/lib/lnx64.o:/tools/Xilinx/Vitis/2024.1/tps/lnx64/jre11.0.16_1/lib/:/tools/Xilinx/Vitis/2024.1/tps/lnx64/jre11.0.16_1/lib//server:/tools/Xilinx/Vitis/2024.1/lib/lnx64.o/Ubuntu:/tools/Xilinx/Vitis/2024.1/lib/lnx64.o:/tools/Xilinx/Vitis/2024.1/tps/lnx64/cmake-3.24.2/libs/Ubuntu:/tools/Xilinx/Vitis/2024.1/tps/lnx64/cmake-3.24.2/libs:/tools/Xilinx/Vitis/2024.1/lib/lnx64.o/Ubuntu:/tools/Xilinx/Vitis/2024.1/lib/lnx64.o:/tools/Xilinx/Vitis/2024.1/tps/lnx64/python-3.8.3/lib:/tools/Xilinx/Vitis/2024.1/tps/lnx64/cmake-3.24.2/libs/Ubuntu:/tools/Xilinx/Vitis/2024.1/tps/lnx64/cmake-3.24.2/libs:/tools/Xilinx/Vitis/2024.1/lib/lnx64.o:/tools/Xilinx/Vitis/2024.1/lib/lnx64.o/Ubuntu:/tools/Xilinx/Vitis/2024.1/lib/lnx64.o:/tools/Xilinx/Vitis/2024.1/tps/lnx64/python-3.8.3/lib:/tools/Xilinx/Vitis/2024.1/aietools/lib/lnx64.o:/tools/Xilinx/Vitis_HLS/2024.1/lib/lnx64.o/Ubuntu:/tools/Xilinx/Vitis_HLS/2024.1/lib/lnx64.o:/tools/Xilinx/Vitis_HLS/2024.1/lib/lnx64.o:/tools/Xilinx/Vitis/2024.1/bin/../lnx64/tools/dot/lib
HDIPRELDPATH=/tools/Xilinx/Vitis/2024.1/lib/lnx64.o/Ubuntu:/tools/Xilinx/Vitis/2024.1/lib/lnx64.o:/tools/Xilinx/Vitis/2024.1/tps/lnx64/cmake-3.24.2/libs/Ubuntu:/tools/Xilinx/Vitis/2024.1/tps/lnx64/cmake-3.24.2/libs:/tools/Xilinx/Vitis/2024.1/lib/lnx64.o/Ubuntu:/tools/Xilinx/Vitis/2024.1/lib/lnx64.o:/tools/Xilinx/Vitis/2024.1/tps/lnx64/python-3.8.3/lib:/tools/Xilinx/Vitis/2024.1/tps/lnx64/cmake-3.24.2/libs/Ubuntu:/tools/Xilinx/Vitis/2024.1/tps/lnx64/cmake-3.24.2/libs:/tools/Xilinx/Vitis/2024.1/lib/lnx64.o:/tools/Xilinx/Vitis/2024.1/lib/lnx64.o/Ubuntu:/tools/Xilinx/Vitis/2024.1/lib/lnx64.o:/tools/Xilinx/Vitis/2024.1/tps/lnx64/python-3.8.3/lib:/tools/Xilinx/Vitis/2024.1/aietools/lib/lnx64.o:/tools/Xilinx/Vitis_HLS/2024.1/lib/lnx64.o/Ubuntu:/tools/Xilinx/Vitis_HLS/2024.1/lib/lnx64.o:/tools/Xilinx/Vitis_HLS/2024.1/lib/lnx64.o:/tools/Xilinx/Vitis/2024.1/bin/../lnx64/tools/dot/lib
XDG_RUNTIME_DIR=/run/user/1000
TCMALLOC_LARGE_ALLOC_REPORT_THRESHOLD=4294967296
DEBUGINFOD_URLS=https://debuginfod.ubuntu.com 
TCL_LIBRARY=/tools/Xilinx/Vitis/2024.1/tps/tcl/tcl8.6
LC_ALL=en_US.UTF-8
JOURNAL_STREAM=9:35297
XDG_DATA_DIRS=/usr/share/ubuntu:/usr/share/gnome:/usr/local/share/:/usr/share/:/var/lib/snapd/desktop
PATH=/tools/Xilinx/Vivado/2024.1/tps/lnx64/binutils-2.26/bin:/tools/Xilinx/Vitis/2024.1/bin/../gnu/aarch64/lin/aarch64-linux/bin:/tools/Xilinx/Vitis/2024.1/bin/../gnu/ppc64le/4.9.3/lnx64/bin:/tools/Xilinx/Vitis/2024.1/bin/../gnu/aarch32/lin/gcc-arm-linux-gnueabi/bin:/tools/Xilinx/Vivado/2024.1/tps/lnx64/gcc-8.3.0/bin:/tools/Xilinx/Vivado/2024.1/gnu/microblaze/lin/bin:/tools/Xilinx/Vitis/2024.1/bin:/tools/Xilinx/Vitis/2024.1/tps/lnx64/jre11.0.16_1/bin:/tools/Xilinx/Vitis/2024.1/gnu/microblaze/lin/bin:/tools/Xilinx/Vitis/2024.1/gnu/arm/lin/bin:/tools/Xilinx/Vitis/2024.1/gnu/microblaze/linux_toolchain/nt64_be/bin:/tools/Xilinx/Vitis/2024.1/gnu/microblaze/linux_toolchain/nt64_le/bin:/tools/Xilinx/Vitis/2024.1/gnu/aarch32/lin/gcc-arm-linux-gnueabi/bin:/tools/Xilinx/Vitis/2024.1/gnu/aarch32/lin/gcc-arm-none-eabi/bin:/tools/Xilinx/Vitis/2024.1/gnu/aarch64/lin/aarch64-linux/bin:/tools/Xilinx/Vitis/2024.1/gnu/aarch64/lin/aarch64-none/bin:/tools/Xilinx/Vitis/2024.1/gnu/armr5/lin/gcc-arm-none-eabi/bin:/tools/Xilinx/Vitis/2024.1/tps/lnx64/cmake-3.24.2/bin:/tools/Xilinx/Vitis/2024.1/lnx64/tools/clang/bin:/tools/Xilinx/Vitis/2024.1/tps/lnx64/python-3.8.3//bin:/tools/Xilinx/Vitis/2024.1/tps/lnx64/jre11.0.16_1//bin:/bin:/tools/Xilinx/Vivado/2024.1/bin:/tools/Xilinx/Vitis/2024.1/tps/lnx64/git-2.16.2/bin:/tools/Xilinx/Vitis/2024.1/gnu/riscv/lin/riscv64-unknown-elf/bin:/tools/Xilinx/Vitis_HLS/2024.1/bin:/tools/Xilinx/Vitis/2024.1/aietools/bin:/usr/local/sbin:/usr/local/bin:/usr/sbin:/usr/bin:/sbin:/usr/games:/usr/local/games:/snap/bin
RT_LIBPATH=/tools/Xilinx/Vitis/2024.1/scripts/rt/data
GDMSESSION=ubuntu
ORIGINAL_XDG_CURRENT_DESKTOP=ubuntu:GNOME
HDI_APPROOT=/tools/Xilinx/Vitis/2024.1
DBUS_SESSION_BUS_ADDRESS=unix:path=/run/user/1000/bus
RDI_PLATFORM=lnx64
THEIA_APP_PROJECT_PATH=/tools/Xilinx/Vitis/2024.1/ide/electron-app/lnx64/resources/app
MYVIVADO=
BUILDINFO=SW Build 5074859 on 2024-05-20-23:21:20
ISL_IOSTREAMS_RSA=/tools/Xilinx/Vitis/2024.1/tps/isl
GIO_LAUNCHED_DESKTOP_FILE_PID=6127
GIO_LAUNCHED_DESKTOP_FILE=/home/wu/Desktop/vitis.desktop
LC_NUMERIC=C
XILINX_VITIS=/tools/Xilinx/Vitis/2024.1
OLDPWD=/tools/Xilinx/Vitis/2024.1/bin
_=/tools/Xilinx/Vitis/2024.1/bin/unwrapped/lnx64.o/v++
XILINX_CD_CONNECT_ID=37269
XILINX_CD_SESSION=e9fa2165-ab21-4d95-b7fb-fe61ed13d81f


V++ command line:
------------------------------------------
/tools/Xilinx/Vitis/2024.1/bin/unwrapped/lnx64.o/v++ -c --mode hls --config /home/wu/__PYNQ__/hls_ok/render/hls_config.cfg --work_dir render 

FINAL PROGRAM OPTIONS
--compile
--config /home/wu/__PYNQ__/hls_ok/render/hls_config.cfg
--hls.clock 100MHz
--hls.clock_uncertainty 25%
--hls.flow_target vivado
--hls.package.output.format ip_catalog
--hls.package.output.syn false
--hls.syn.file /home/wu/__PYNQ__/hls_ok/src/get_index.cpp
--hls.syn.file /home/wu/__PYNQ__/hls_ok/src/get_index.h
--hls.syn.file /home/wu/__PYNQ__/hls_ok/src/main.cpp
--hls.syn.file /home/wu/__PYNQ__/hls_ok/src/main.h
--hls.syn.file /home/wu/__PYNQ__/hls_ok/src/rotate_move.cpp
--hls.syn.file /home/wu/__PYNQ__/hls_ok/src/rotate_move.h
--hls.syn.file /home/wu/__PYNQ__/hls_ok/src/rotate_norm.cpp
--hls.syn.file /home/wu/__PYNQ__/hls_ok/src/rotate_norm.h
--hls.syn.file /home/wu/__PYNQ__/hls_ok/src/triangle.cpp
--hls.syn.file /home/wu/__PYNQ__/hls_ok/src/triangle.h
--hls.syn.file /home/wu/__PYNQ__/hls_ok/src/zbuffer.cpp
--hls.syn.file /home/wu/__PYNQ__/hls_ok/src/zbuffer.h
--hls.syn.top main_process
--mode hls
--part xc7z020clg400-1
--target hw
--work_dir render

PARSED COMMAND LINE OPTIONS
-c 
--mode hls 
--config /home/wu/__PYNQ__/hls_ok/render/hls_config.cfg 
--work_dir render 

PARSED CONFIG FILE (1) OPTIONS
file: /home/wu/__PYNQ__/hls_ok/render/hls_config.cfg
part xc7z020clg400-1 
hls.flow_target vivado 
hls.package.output.format ip_catalog 
hls.package.output.syn false 
hls.clock 100MHz 
hls.clock_uncertainty 25% 
hls.syn.file /home/wu/__PYNQ__/hls_ok/src/get_index.cpp 
hls.syn.file /home/wu/__PYNQ__/hls_ok/src/get_index.h 
hls.syn.file /home/wu/__PYNQ__/hls_ok/src/main.cpp 
hls.syn.file /home/wu/__PYNQ__/hls_ok/src/main.h 
hls.syn.file /home/wu/__PYNQ__/hls_ok/src/rotate_move.cpp 
hls.syn.file /home/wu/__PYNQ__/hls_ok/src/rotate_move.h 
hls.syn.file /home/wu/__PYNQ__/hls_ok/src/rotate_norm.cpp 
hls.syn.file /home/wu/__PYNQ__/hls_ok/src/rotate_norm.h 
hls.syn.file /home/wu/__PYNQ__/hls_ok/src/triangle.cpp 
hls.syn.file /home/wu/__PYNQ__/hls_ok/src/triangle.h 
hls.syn.file /home/wu/__PYNQ__/hls_ok/src/zbuffer.cpp 
hls.syn.file /home/wu/__PYNQ__/hls_ok/src/zbuffer.h 
hls.syn.top main_process 


==========================================
new:  steps log generated by v++ for new launch 
timestamp: 27 Oct 2025 17:27:19
------------------------------------------
V++ internal step: writing a config file for vitis_hls: /home/wu/__PYNQ__/hls_ok/render/render/hls/config.cmdline
timestamp: 27 Oct 2025 17:27:19
V++ internal step status: success
------------------------------------------
V++ internal step: running vitis_hls
timestamp: 27 Oct 2025 17:27:19
working dir: /home/wu/__PYNQ__/hls_ok/render
cmd: vitis_hls -nolog -run csynth -work_dir /home/wu/__PYNQ__/hls_ok/render/render -config /home/wu/__PYNQ__/hls_ok/render/hls_config.cfg -cmdlineconfig /home/wu/__PYNQ__/hls_ok/render/render/hls/config.cmdline
V++ internal step status: success

------------------------------------------
VITIS-RUN command line :
------------------------------------------
/tools/Xilinx/Vitis/2024.1/bin/unwrapped/lnx64.o/vitis-run --mode hls --package --config /home/wu/__PYNQ__/hls_ok/render/hls_config.cfg --work_dir render 
  Options from -O    : 
  Options from *.ini : 
  Options from Hw Platform : 

==========================================
new:  steps log generated by v++ for new launch 
timestamp: 27 Oct 2025 17:27:58
------------------------------------------
VITIS-RUN internal step: writing a config file for vitis_hls: /home/wu/__PYNQ__/hls_ok/render/render/hls/config.cmdline
timestamp: 27 Oct 2025 17:27:58
VITIS-RUN internal step status: success
------------------------------------------
VITIS-RUN internal step: running vitis_hls
timestamp: 27 Oct 2025 17:27:58
working dir: /home/wu/__PYNQ__/hls_ok/render
cmd: vitis_hls -nolog -run package -work_dir /home/wu/__PYNQ__/hls_ok/render/render -config /home/wu/__PYNQ__/hls_ok/render/hls_config.cfg -cmdlineconfig /home/wu/__PYNQ__/hls_ok/render/render/hls/config.cmdline
VITIS-RUN internal step status: success
