Mon Oct 27 17:27:17 2025: Running xcd server. This server was built by gradle.
Mon Oct 27 17:27:17 2025: Server was asked to start on port: '37269'
Mon Oct 27 17:27:17 2025: Server is using token UUID: 'ac86aa33-b4fa-4432-98c1-2313c64657d2'
Mon Oct 27 17:27:17 2025: SESSION_MGR: creating session with session uuid: '6d04a3e9-ade5-4ab9-8d63-1f78fcd2ec76' and name 'default'
Mon Oct 27 17:27:17 2025: Attempting to start server on port '37269'
Mon Oct 27 17:27:17 2025: XCD main fifo: created main fifo '/tmp/xcdmainac86aa33-b4fa-4432-98c1-2313c64657d2', fd read = 13
Mon Oct 27 17:27:17 2025: Running Dispatch Server
Mon Oct 27 17:27:17 2025: Version 2.2.0
Mon Oct 27 17:27:19 2025: Dispatch Server: Accepted socket connection from client
Mon Oct 27 17:27:19 2025: Starting Socket connection
Mon Oct 27 17:27:19 2025: EXCHANGE_TOKEN received, server token: ac86aa33-b4fa-4432-98c1-2313c64657d2, passed token: ac86aa33-b4fa-4432-98c1-2313c64657d2
Mon Oct 27 17:27:19 2025: DISPATCH_HANDLER: Adding handler from function makeHandler in library libxv_system_diagram
Mon Oct 27 17:27:19 2025: SESSION_MGR: creating session with session uuid: 'e9fa2165-ab21-4d95-b7fb-fe61ed13d81f' and name 'v++_compile_render'
Mon Oct 27 17:27:19 2025: KERNEL_SVC: creating session with uuid: 'e9fa2165-ab21-4d95-b7fb-fe61ed13d81f' and name 'v++_compile_render'
Mon Oct 27 17:27:19 2025: GUIDANCE_SMGR: creating guidance session with uuid: 'e9fa2165-ab21-4d95-b7fb-fe61ed13d81f' and name 'v++_compile_render'
Mon Oct 27 17:27:19 2025: SYSTEM_DIAGRAM: creating session with uuid: 'e9fa2165-ab21-4d95-b7fb-fe61ed13d81f' and name 'v++_compile_render'
Mon Oct 27 17:27:22 2025: Dispatch Server: Accepted socket connection from client
Mon Oct 27 17:27:22 2025: Starting Socket connection
Mon Oct 27 17:27:50 2025: SESSION_MGR: closing session for UUID 'e9fa2165-ab21-4d95-b7fb-fe61ed13d81f' with name 'v++_compile_render'
Mon Oct 27 17:27:50 2025: KERNEL_SVC: closing session for UUID 'e9fa2165-ab21-4d95-b7fb-fe61ed13d81f' with name 'v++_compile_render'
Mon Oct 27 17:27:50 2025: GUIDANCE_SMGR: closing session for UUID 'e9fa2165-ab21-4d95-b7fb-fe61ed13d81f' with name 'v++_compile_render'
Mon Oct 27 17:27:50 2025: SYSTEM_DIAGRAM: closing session for UUID 'e9fa2165-ab21-4d95-b7fb-fe61ed13d81f' with name 'v++_compile_render'
Mon Oct 27 17:27:50 2025: STOP_SERVER received, server token: ac86aa33-b4fa-4432-98c1-2313c64657d2, passed token: ac86aa33-b4fa-4432-98c1-2313c64657d2
Mon Oct 27 17:27:50 2025: Socket received request to stop server.
Mon Oct 27 17:27:50 2025: Dispatch Server: do_await_stop
Mon Oct 27 17:27:50 2025: Dispatch Server: stopping mainFifo_
Mon Oct 27 17:27:50 2025: XCD main fifo: Stopping
Mon Oct 27 17:27:50 2025: XCD main fifo: do_read error code: Operation canceled
Mon Oct 27 17:27:50 2025: XCD main fifo: bytes_transferred: 0
Mon Oct 27 17:27:50 2025: SERVER: destructor for server bound to port 37269
Mon Oct 27 17:27:50 2025: XCD main fifo: Good unlink of /tmp/xcdmainac86aa33-b4fa-4432-98c1-2313c64657d2
Mon Oct 27 17:27:50 2025: Server exiting with status 0.
Mon Oct 27 17:27:50 2025: Closing log file.
Mon Oct 27 17:27:56 2025: Running xcd server. This server was built by gradle.
Mon Oct 27 17:27:56 2025: Server was asked to start on port: '36907'
Mon Oct 27 17:27:56 2025: Server is using token UUID: 'f86d109e-bec0-4904-b8a3-e923ea410f69'
Mon Oct 27 17:27:56 2025: SESSION_MGR: creating session with session uuid: '6d04a3e9-ade5-4ab9-8d63-1f78fcd2ec76' and name 'default'
Mon Oct 27 17:27:56 2025: Attempting to start server on port '36907'
Mon Oct 27 17:27:56 2025: XCD main fifo: created main fifo '/tmp/xcdmainf86d109e-bec0-4904-b8a3-e923ea410f69', fd read = 13
Mon Oct 27 17:27:56 2025: Running Dispatch Server
Mon Oct 27 17:27:56 2025: Version 2.2.0
Mon Oct 27 17:27:58 2025: Dispatch Server: Accepted socket connection from client
Mon Oct 27 17:27:58 2025: Starting Socket connection
Mon Oct 27 17:27:58 2025: EXCHANGE_TOKEN received, server token: f86d109e-bec0-4904-b8a3-e923ea410f69, passed token: f86d109e-bec0-4904-b8a3-e923ea410f69
Mon Oct 27 17:27:58 2025: DISPATCH_HANDLER: Adding handler from function makeHandler in library libxv_system_diagram
Mon Oct 27 17:27:58 2025: SESSION_MGR: creating session with session uuid: '5008817d-0830-4589-8653-63a6962a3c32' and name 'vitis-run_compile_render'
Mon Oct 27 17:27:58 2025: KERNEL_SVC: creating session with uuid: '5008817d-0830-4589-8653-63a6962a3c32' and name 'vitis-run_compile_render'
Mon Oct 27 17:27:58 2025: GUIDANCE_SMGR: creating guidance session with uuid: '5008817d-0830-4589-8653-63a6962a3c32' and name 'vitis-run_compile_render'
Mon Oct 27 17:27:58 2025: SYSTEM_DIAGRAM: creating session with uuid: '5008817d-0830-4589-8653-63a6962a3c32' and name 'vitis-run_compile_render'
Mon Oct 27 17:28:01 2025: Dispatch Server: Accepted socket connection from client
Mon Oct 27 17:28:01 2025: Starting Socket connection
Mon Oct 27 17:28:15 2025: SESSION_MGR: closing session for UUID '5008817d-0830-4589-8653-63a6962a3c32' with name 'vitis-run_compile_render'
Mon Oct 27 17:28:15 2025: KERNEL_SVC: closing session for UUID '5008817d-0830-4589-8653-63a6962a3c32' with name 'vitis-run_compile_render'
Mon Oct 27 17:28:15 2025: GUIDANCE_SMGR: closing session for UUID '5008817d-0830-4589-8653-63a6962a3c32' with name 'vitis-run_compile_render'
Mon Oct 27 17:28:15 2025: SYSTEM_DIAGRAM: closing session for UUID '5008817d-0830-4589-8653-63a6962a3c32' with name 'vitis-run_compile_render'
Mon Oct 27 17:28:15 2025: STOP_SERVER received, server token: f86d109e-bec0-4904-b8a3-e923ea410f69, passed token: f86d109e-bec0-4904-b8a3-e923ea410f69
Mon Oct 27 17:28:15 2025: Socket received request to stop server.
Mon Oct 27 17:28:15 2025: Dispatch Server: do_await_stop
Mon Oct 27 17:28:15 2025: Dispatch Server: stopping mainFifo_
Mon Oct 27 17:28:15 2025: XCD main fifo: Stopping
Mon Oct 27 17:28:15 2025: XCD main fifo: do_read error code: Operation canceled
Mon Oct 27 17:28:15 2025: XCD main fifo: bytes_transferred: 0
Mon Oct 27 17:28:15 2025: SERVER: destructor for server bound to port 36907
Mon Oct 27 17:28:15 2025: XCD main fifo: Good unlink of /tmp/xcdmainf86d109e-bec0-4904-b8a3-e923ea410f69
Mon Oct 27 17:28:15 2025: Server exiting with status 0.
Mon Oct 27 17:28:15 2025: Closing log file.
