#-----------------------------------------------------------
# Vivado v2024.1 (64-bit)
# SW Build 5076996 on Wed May 22 18:36:09 MDT 2024
# IP Build 5075265 on Wed May 22 21:45:21 MDT 2024
# SharedData Build 5076995 on Wed May 22 18:29:18 MDT 2024
# Start of session at: Thu Oct 23 00:37:46 2025
# Process ID: 12643
# Current directory: /home/wu/__PYNQ__/boards/Pynq-Z2/base/base
# Command line: vivado -mode tcl base.xpr -source com.tcl
# Log file: /home/wu/__PYNQ__/boards/Pynq-Z2/base/base/vivado.log
# Journal file: /home/wu/__PYNQ__/boards/Pynq-Z2/base/base/vivado.jou
# Running On        :ubuntu
# Platform          :Ubuntu
# Operating System  :Ubuntu 24.10
# Processor Detail  :13th Gen Intel(R) Core(TM) i7-13700HX
# CPU Frequency     :2304.001 MHz
# CPU Physical cores:16
# CPU Logical cores :16
# Host memory       :10377 MB
# Swap memory       :2147 MB
# Total Virtual     :12524 MB
# Available Virtual :6903 MB
#-----------------------------------------------------------
open_project base.xpr
Scanning sources...
Finished scanning sources
INFO: [IP_Flow 19-234] Refreshing IP repositories
INFO: [IP_Flow 19-1700] Loaded user IP repository '/home/wu/__PYNQ__/boards/ip'.
INFO: [IP_Flow 19-2313] Loaded Vivado IP repository '/tools/Xilinx/Vivado/2024.1/data/ip'.
WARNING: [IP_Flow 19-3664] IP 'base_ps7_0_0' generated file not found '/home/wu/__PYNQ__/boards/Pynq-Z2/base/base/base.gen/sources_1/bd/base/ip/base_ps7_0_0/base_ps7_0_0.dcp'. Please regenerate to continue.
WARNING: [IP_Flow 19-3664] IP 'base_ps7_0_0' generated file not found '/home/wu/__PYNQ__/boards/Pynq-Z2/base/base/base.gen/sources_1/bd/base/ip/base_ps7_0_0/base_ps7_0_0_stub.v'. Please regenerate to continue.
WARNING: [IP_Flow 19-3664] IP 'base_ps7_0_0' generated file not found '/home/wu/__PYNQ__/boards/Pynq-Z2/base/base/base.gen/sources_1/bd/base/ip/base_ps7_0_0/base_ps7_0_0_stub.vhdl'. Please regenerate to continue.
WARNING: [IP_Flow 19-3664] IP 'base_ps7_0_0' generated file not found '/home/wu/__PYNQ__/boards/Pynq-Z2/base/base/base.gen/sources_1/bd/base/ip/base_ps7_0_0/base_ps7_0_0_sim_netlist.v'. Please regenerate to continue.
WARNING: [IP_Flow 19-3664] IP 'base_ps7_0_0' generated file not found '/home/wu/__PYNQ__/boards/Pynq-Z2/base/base/base.gen/sources_1/bd/base/ip/base_ps7_0_0/base_ps7_0_0_sim_netlist.vhdl'. Please regenerate to continue.
WARNING: [IP_Flow 19-3664] IP 'base_xbar_6' generated file not found '/home/wu/__PYNQ__/boards/Pynq-Z2/base/base/base.gen/sources_1/bd/base/ip/base_xbar_6/base_xbar_6.dcp'. Please regenerate to continue.
WARNING: [IP_Flow 19-3664] IP 'base_xbar_6' generated file not found '/home/wu/__PYNQ__/boards/Pynq-Z2/base/base/base.gen/sources_1/bd/base/ip/base_xbar_6/base_xbar_6_stub.v'. Please regenerate to continue.
WARNING: [IP_Flow 19-3664] IP 'base_xbar_6' generated file not found '/home/wu/__PYNQ__/boards/Pynq-Z2/base/base/base.gen/sources_1/bd/base/ip/base_xbar_6/base_xbar_6_stub.vhdl'. Please regenerate to continue.
WARNING: [IP_Flow 19-3664] IP 'base_xbar_6' generated file not found '/home/wu/__PYNQ__/boards/Pynq-Z2/base/base/base.gen/sources_1/bd/base/ip/base_xbar_6/base_xbar_6_sim_netlist.v'. Please regenerate to continue.
WARNING: [IP_Flow 19-3664] IP 'base_xbar_6' generated file not found '/home/wu/__PYNQ__/boards/Pynq-Z2/base/base/base.gen/sources_1/bd/base/ip/base_xbar_6/base_xbar_6_sim_netlist.vhdl'. Please regenerate to continue.
WARNING: [IP_Flow 19-3664] IP 'base_s00_regslice_14' generated file not found '/home/wu/__PYNQ__/boards/Pynq-Z2/base/base/base.gen/sources_1/bd/base/ip/base_s00_regslice_14/base_s00_regslice_14.dcp'. Please regenerate to continue.
WARNING: [IP_Flow 19-3664] IP 'base_s00_regslice_14' generated file not found '/home/wu/__PYNQ__/boards/Pynq-Z2/base/base/base.gen/sources_1/bd/base/ip/base_s00_regslice_14/base_s00_regslice_14_stub.v'. Please regenerate to continue.
WARNING: [IP_Flow 19-3664] IP 'base_s00_regslice_14' generated file not found '/home/wu/__PYNQ__/boards/Pynq-Z2/base/base/base.gen/sources_1/bd/base/ip/base_s00_regslice_14/base_s00_regslice_14_stub.vhdl'. Please regenerate to continue.
WARNING: [IP_Flow 19-3664] IP 'base_s00_regslice_14' generated file not found '/home/wu/__PYNQ__/boards/Pynq-Z2/base/base/base.gen/sources_1/bd/base/ip/base_s00_regslice_14/base_s00_regslice_14_sim_netlist.v'. Please regenerate to continue.
WARNING: [IP_Flow 19-3664] IP 'base_s00_regslice_14' generated file not found '/home/wu/__PYNQ__/boards/Pynq-Z2/base/base/base.gen/sources_1/bd/base/ip/base_s00_regslice_14/base_s00_regslice_14_sim_netlist.vhdl'. Please regenerate to continue.
WARNING: [IP_Flow 19-3664] IP 'base_auto_pc_11' generated file not found '/home/wu/__PYNQ__/boards/Pynq-Z2/base/base/base.gen/sources_1/bd/base/ip/base_auto_pc_11/base_auto_pc_11.dcp'. Please regenerate to continue.
WARNING: [IP_Flow 19-3664] IP 'base_auto_pc_11' generated file not found '/home/wu/__PYNQ__/boards/Pynq-Z2/base/base/base.gen/sources_1/bd/base/ip/base_auto_pc_11/base_auto_pc_11_stub.v'. Please regenerate to continue.
WARNING: [IP_Flow 19-3664] IP 'base_auto_pc_11' generated file not found '/home/wu/__PYNQ__/boards/Pynq-Z2/base/base/base.gen/sources_1/bd/base/ip/base_auto_pc_11/base_auto_pc_11_stub.vhdl'. Please regenerate to continue.
WARNING: [IP_Flow 19-3664] IP 'base_auto_pc_11' generated file not found '/home/wu/__PYNQ__/boards/Pynq-Z2/base/base/base.gen/sources_1/bd/base/ip/base_auto_pc_11/base_auto_pc_11_sim_netlist.v'. Please regenerate to continue.
WARNING: [IP_Flow 19-3664] IP 'base_auto_pc_11' generated file not found '/home/wu/__PYNQ__/boards/Pynq-Z2/base/base/base.gen/sources_1/bd/base/ip/base_auto_pc_11/base_auto_pc_11_sim_netlist.vhdl'. Please regenerate to continue.
WARNING: [IP_Flow 19-3664] IP 'base_m00_regslice_14' generated file not found '/home/wu/__PYNQ__/boards/Pynq-Z2/base/base/base.gen/sources_1/bd/base/ip/base_m00_regslice_14/base_m00_regslice_14.dcp'. Please regenerate to continue.
WARNING: [IP_Flow 19-3664] IP 'base_m00_regslice_14' generated file not found '/home/wu/__PYNQ__/boards/Pynq-Z2/base/base/base.gen/sources_1/bd/base/ip/base_m00_regslice_14/base_m00_regslice_14_stub.v'. Please regenerate to continue.
WARNING: [IP_Flow 19-3664] IP 'base_m00_regslice_14' generated file not found '/home/wu/__PYNQ__/boards/Pynq-Z2/base/base/base.gen/sources_1/bd/base/ip/base_m00_regslice_14/base_m00_regslice_14_stub.vhdl'. Please regenerate to continue.
WARNING: [IP_Flow 19-3664] IP 'base_m00_regslice_14' generated file not found '/home/wu/__PYNQ__/boards/Pynq-Z2/base/base/base.gen/sources_1/bd/base/ip/base_m00_regslice_14/base_m00_regslice_14_sim_netlist.v'. Please regenerate to continue.
WARNING: [IP_Flow 19-3664] IP 'base_m00_regslice_14' generated file not found '/home/wu/__PYNQ__/boards/Pynq-Z2/base/base/base.gen/sources_1/bd/base/ip/base_m00_regslice_14/base_m00_regslice_14_sim_netlist.vhdl'. Please regenerate to continue.
WARNING: [IP_Flow 19-3664] IP 'base_auto_pc_10' generated file not found '/home/wu/__PYNQ__/boards/Pynq-Z2/base/base/base.gen/sources_1/bd/base/ip/base_auto_pc_10/base_auto_pc_10.dcp'. Please regenerate to continue.
WARNING: [IP_Flow 19-3664] IP 'base_auto_pc_10' generated file not found '/home/wu/__PYNQ__/boards/Pynq-Z2/base/base/base.gen/sources_1/bd/base/ip/base_auto_pc_10/base_auto_pc_10_stub.v'. Please regenerate to continue.
WARNING: [IP_Flow 19-3664] IP 'base_auto_pc_10' generated file not found '/home/wu/__PYNQ__/boards/Pynq-Z2/base/base/base.gen/sources_1/bd/base/ip/base_auto_pc_10/base_auto_pc_10_stub.vhdl'. Please regenerate to continue.
WARNING: [IP_Flow 19-3664] IP 'base_auto_pc_10' generated file not found '/home/wu/__PYNQ__/boards/Pynq-Z2/base/base/base.gen/sources_1/bd/base/ip/base_auto_pc_10/base_auto_pc_10_sim_netlist.v'. Please regenerate to continue.
WARNING: [IP_Flow 19-3664] IP 'base_auto_pc_10' generated file not found '/home/wu/__PYNQ__/boards/Pynq-Z2/base/base/base.gen/sources_1/bd/base/ip/base_auto_pc_10/base_auto_pc_10_sim_netlist.vhdl'. Please regenerate to continue.
WARNING: [IP_Flow 19-3664] IP 'base_m01_regslice_14' generated file not found '/home/wu/__PYNQ__/boards/Pynq-Z2/base/base/base.gen/sources_1/bd/base/ip/base_m01_regslice_14/base_m01_regslice_14.dcp'. Please regenerate to continue.
WARNING: [IP_Flow 19-3664] IP 'base_m01_regslice_14' generated file not found '/home/wu/__PYNQ__/boards/Pynq-Z2/base/base/base.gen/sources_1/bd/base/ip/base_m01_regslice_14/base_m01_regslice_14_stub.v'. Please regenerate to continue.
WARNING: [IP_Flow 19-3664] IP 'base_m01_regslice_14' generated file not found '/home/wu/__PYNQ__/boards/Pynq-Z2/base/base/base.gen/sources_1/bd/base/ip/base_m01_regslice_14/base_m01_regslice_14_stub.vhdl'. Please regenerate to continue.
WARNING: [IP_Flow 19-3664] IP 'base_m01_regslice_14' generated file not found '/home/wu/__PYNQ__/boards/Pynq-Z2/base/base/base.gen/sources_1/bd/base/ip/base_m01_regslice_14/base_m01_regslice_14_sim_netlist.v'. Please regenerate to continue.
WARNING: [IP_Flow 19-3664] IP 'base_m01_regslice_14' generated file not found '/home/wu/__PYNQ__/boards/Pynq-Z2/base/base/base.gen/sources_1/bd/base/ip/base_m01_regslice_14/base_m01_regslice_14_sim_netlist.vhdl'. Please regenerate to continue.
WARNING: [IP_Flow 19-3664] IP 'base_rst_ps7_0_fclk0_0' generated file not found '/home/wu/__PYNQ__/boards/Pynq-Z2/base/base/base.gen/sources_1/bd/base/ip/base_rst_ps7_0_fclk0_0/base_rst_ps7_0_fclk0_0.dcp'. Please regenerate to continue.
WARNING: [IP_Flow 19-3664] IP 'base_rst_ps7_0_fclk0_0' generated file not found '/home/wu/__PYNQ__/boards/Pynq-Z2/base/base/base.gen/sources_1/bd/base/ip/base_rst_ps7_0_fclk0_0/base_rst_ps7_0_fclk0_0_stub.v'. Please regenerate to continue.
WARNING: [IP_Flow 19-3664] IP 'base_rst_ps7_0_fclk0_0' generated file not found '/home/wu/__PYNQ__/boards/Pynq-Z2/base/base/base.gen/sources_1/bd/base/ip/base_rst_ps7_0_fclk0_0/base_rst_ps7_0_fclk0_0_stub.vhdl'. Please regenerate to continue.
WARNING: [IP_Flow 19-3664] IP 'base_rst_ps7_0_fclk0_0' generated file not found '/home/wu/__PYNQ__/boards/Pynq-Z2/base/base/base.gen/sources_1/bd/base/ip/base_rst_ps7_0_fclk0_0/base_rst_ps7_0_fclk0_0_sim_netlist.v'. Please regenerate to continue.
WARNING: [IP_Flow 19-3664] IP 'base_rst_ps7_0_fclk0_0' generated file not found '/home/wu/__PYNQ__/boards/Pynq-Z2/base/base/base.gen/sources_1/bd/base/ip/base_rst_ps7_0_fclk0_0/base_rst_ps7_0_fclk0_0_sim_netlist.vhdl'. Please regenerate to continue.
WARNING: [IP_Flow 19-3664] IP 'base_rst_ps7_0_fclk1_0' generated file not found '/home/wu/__PYNQ__/boards/Pynq-Z2/base/base/base.gen/sources_1/bd/base/ip/base_rst_ps7_0_fclk1_0/base_rst_ps7_0_fclk1_0.dcp'. Please regenerate to continue.
WARNING: [IP_Flow 19-3664] IP 'base_rst_ps7_0_fclk1_0' generated file not found '/home/wu/__PYNQ__/boards/Pynq-Z2/base/base/base.gen/sources_1/bd/base/ip/base_rst_ps7_0_fclk1_0/base_rst_ps7_0_fclk1_0_stub.v'. Please regenerate to continue.
WARNING: [IP_Flow 19-3664] IP 'base_rst_ps7_0_fclk1_0' generated file not found '/home/wu/__PYNQ__/boards/Pynq-Z2/base/base/base.gen/sources_1/bd/base/ip/base_rst_ps7_0_fclk1_0/base_rst_ps7_0_fclk1_0_stub.vhdl'. Please regenerate to continue.
WARNING: [IP_Flow 19-3664] IP 'base_rst_ps7_0_fclk1_0' generated file not found '/home/wu/__PYNQ__/boards/Pynq-Z2/base/base/base.gen/sources_1/bd/base/ip/base_rst_ps7_0_fclk1_0/base_rst_ps7_0_fclk1_0_sim_netlist.v'. Please regenerate to continue.
WARNING: [IP_Flow 19-3664] IP 'base_rst_ps7_0_fclk1_0' generated file not found '/home/wu/__PYNQ__/boards/Pynq-Z2/base/base/base.gen/sources_1/bd/base/ip/base_rst_ps7_0_fclk1_0/base_rst_ps7_0_fclk1_0_sim_netlist.vhdl'. Please regenerate to continue.
WARNING: [IP_Flow 19-3664] IP 'base_system_interrupts_0' generated file not found '/home/wu/__PYNQ__/boards/Pynq-Z2/base/base/base.gen/sources_1/bd/base/ip/base_system_interrupts_0/base_system_interrupts_0.dcp'. Please regenerate to continue.
WARNING: [IP_Flow 19-3664] IP 'base_system_interrupts_0' generated file not found '/home/wu/__PYNQ__/boards/Pynq-Z2/base/base/base.gen/sources_1/bd/base/ip/base_system_interrupts_0/base_system_interrupts_0_stub.v'. Please regenerate to continue.
WARNING: [IP_Flow 19-3664] IP 'base_system_interrupts_0' generated file not found '/home/wu/__PYNQ__/boards/Pynq-Z2/base/base/base.gen/sources_1/bd/base/ip/base_system_interrupts_0/base_system_interrupts_0_stub.vhdl'. Please regenerate to continue.
WARNING: [IP_Flow 19-3664] IP 'base_system_interrupts_0' generated file not found '/home/wu/__PYNQ__/boards/Pynq-Z2/base/base/base.gen/sources_1/bd/base/ip/base_system_interrupts_0/base_system_interrupts_0_sim_netlist.v'. Please regenerate to continue.
WARNING: [IP_Flow 19-3664] IP 'base_system_interrupts_0' generated file not found '/home/wu/__PYNQ__/boards/Pynq-Z2/base/base/base.gen/sources_1/bd/base/ip/base_system_interrupts_0/base_system_interrupts_0_sim_netlist.vhdl'. Please regenerate to continue.
WARNING: [IP_Flow 19-3664] IP 'base_xbar_9' generated file not found '/home/wu/__PYNQ__/boards/Pynq-Z2/base/base/base.gen/sources_1/bd/base/ip/base_xbar_9/base_xbar_9.dcp'. Please regenerate to continue.
WARNING: [IP_Flow 19-3664] IP 'base_xbar_9' generated file not found '/home/wu/__PYNQ__/boards/Pynq-Z2/base/base/base.gen/sources_1/bd/base/ip/base_xbar_9/base_xbar_9_stub.v'. Please regenerate to continue.
WARNING: [IP_Flow 19-3664] IP 'base_xbar_9' generated file not found '/home/wu/__PYNQ__/boards/Pynq-Z2/base/base/base.gen/sources_1/bd/base/ip/base_xbar_9/base_xbar_9_stub.vhdl'. Please regenerate to continue.
WARNING: [IP_Flow 19-3664] IP 'base_xbar_9' generated file not found '/home/wu/__PYNQ__/boards/Pynq-Z2/base/base/base.gen/sources_1/bd/base/ip/base_xbar_9/base_xbar_9_sim_netlist.v'. Please regenerate to continue.
WARNING: [IP_Flow 19-3664] IP 'base_xbar_9' generated file not found '/home/wu/__PYNQ__/boards/Pynq-Z2/base/base/base.gen/sources_1/bd/base/ip/base_xbar_9/base_xbar_9_sim_netlist.vhdl'. Please regenerate to continue.
WARNING: [IP_Flow 19-3664] IP 'base_s00_regslice_15' generated file not found '/home/wu/__PYNQ__/boards/Pynq-Z2/base/base/base.gen/sources_1/bd/base/ip/base_s00_regslice_15/base_s00_regslice_15.dcp'. Please regenerate to continue.
WARNING: [IP_Flow 19-3664] IP 'base_s00_regslice_15' generated file not found '/home/wu/__PYNQ__/boards/Pynq-Z2/base/base/base.gen/sources_1/bd/base/ip/base_s00_regslice_15/base_s00_regslice_15_stub.v'. Please regenerate to continue.
WARNING: [IP_Flow 19-3664] IP 'base_s00_regslice_15' generated file not found '/home/wu/__PYNQ__/boards/Pynq-Z2/base/base/base.gen/sources_1/bd/base/ip/base_s00_regslice_15/base_s00_regslice_15_stub.vhdl'. Please regenerate to continue.
WARNING: [IP_Flow 19-3664] IP 'base_s00_regslice_15' generated file not found '/home/wu/__PYNQ__/boards/Pynq-Z2/base/base/base.gen/sources_1/bd/base/ip/base_s00_regslice_15/base_s00_regslice_15_sim_netlist.v'. Please regenerate to continue.
WARNING: [IP_Flow 19-3664] IP 'base_s00_regslice_15' generated file not found '/home/wu/__PYNQ__/boards/Pynq-Z2/base/base/base.gen/sources_1/bd/base/ip/base_s00_regslice_15/base_s00_regslice_15_sim_netlist.vhdl'. Please regenerate to continue.
WARNING: [IP_Flow 19-3664] IP 'base_auto_pc_12' generated file not found '/home/wu/__PYNQ__/boards/Pynq-Z2/base/base/base.gen/sources_1/bd/base/ip/base_auto_pc_12/base_auto_pc_12.dcp'. Please regenerate to continue.
WARNING: [IP_Flow 19-3664] IP 'base_auto_pc_12' generated file not found '/home/wu/__PYNQ__/boards/Pynq-Z2/base/base/base.gen/sources_1/bd/base/ip/base_auto_pc_12/base_auto_pc_12_stub.v'. Please regenerate to continue.
WARNING: [IP_Flow 19-3664] IP 'base_auto_pc_12' generated file not found '/home/wu/__PYNQ__/boards/Pynq-Z2/base/base/base.gen/sources_1/bd/base/ip/base_auto_pc_12/base_auto_pc_12_stub.vhdl'. Please regenerate to continue.
WARNING: [IP_Flow 19-3664] IP 'base_auto_pc_12' generated file not found '/home/wu/__PYNQ__/boards/Pynq-Z2/base/base/base.gen/sources_1/bd/base/ip/base_auto_pc_12/base_auto_pc_12_sim_netlist.v'. Please regenerate to continue.
WARNING: [IP_Flow 19-3664] IP 'base_auto_pc_12' generated file not found '/home/wu/__PYNQ__/boards/Pynq-Z2/base/base/base.gen/sources_1/bd/base/ip/base_auto_pc_12/base_auto_pc_12_sim_netlist.vhdl'. Please regenerate to continue.
WARNING: [IP_Flow 19-3664] IP 'base_m00_regslice_15' generated file not found '/home/wu/__PYNQ__/boards/Pynq-Z2/base/base/base.gen/sources_1/bd/base/ip/base_m00_regslice_15/base_m00_regslice_15.dcp'. Please regenerate to continue.
WARNING: [IP_Flow 19-3664] IP 'base_m00_regslice_15' generated file not found '/home/wu/__PYNQ__/boards/Pynq-Z2/base/base/base.gen/sources_1/bd/base/ip/base_m00_regslice_15/base_m00_regslice_15_stub.v'. Please regenerate to continue.
WARNING: [IP_Flow 19-3664] IP 'base_m00_regslice_15' generated file not found '/home/wu/__PYNQ__/boards/Pynq-Z2/base/base/base.gen/sources_1/bd/base/ip/base_m00_regslice_15/base_m00_regslice_15_stub.vhdl'. Please regenerate to continue.
WARNING: [IP_Flow 19-3664] IP 'base_m00_regslice_15' generated file not found '/home/wu/__PYNQ__/boards/Pynq-Z2/base/base/base.gen/sources_1/bd/base/ip/base_m00_regslice_15/base_m00_regslice_15_sim_netlist.v'. Please regenerate to continue.
WARNING: [IP_Flow 19-3664] IP 'base_m00_regslice_15' generated file not found '/home/wu/__PYNQ__/boards/Pynq-Z2/base/base/base.gen/sources_1/bd/base/ip/base_m00_regslice_15/base_m00_regslice_15_sim_netlist.vhdl'. Please regenerate to continue.
WARNING: [IP_Flow 19-3664] IP 'base_m01_regslice_15' generated file not found '/home/wu/__PYNQ__/boards/Pynq-Z2/base/base/base.gen/sources_1/bd/base/ip/base_m01_regslice_15/base_m01_regslice_15.dcp'. Please regenerate to continue.
WARNING: [IP_Flow 19-3664] IP 'base_m01_regslice_15' generated file not found '/home/wu/__PYNQ__/boards/Pynq-Z2/base/base/base.gen/sources_1/bd/base/ip/base_m01_regslice_15/base_m01_regslice_15_stub.v'. Please regenerate to continue.
WARNING: [IP_Flow 19-3664] IP 'base_m01_regslice_15' generated file not found '/home/wu/__PYNQ__/boards/Pynq-Z2/base/base/base.gen/sources_1/bd/base/ip/base_m01_regslice_15/base_m01_regslice_15_stub.vhdl'. Please regenerate to continue.
WARNING: [IP_Flow 19-3664] IP 'base_m01_regslice_15' generated file not found '/home/wu/__PYNQ__/boards/Pynq-Z2/base/base/base.gen/sources_1/bd/base/ip/base_m01_regslice_15/base_m01_regslice_15_sim_netlist.v'. Please regenerate to continue.
WARNING: [IP_Flow 19-3664] IP 'base_m01_regslice_15' generated file not found '/home/wu/__PYNQ__/boards/Pynq-Z2/base/base/base.gen/sources_1/bd/base/ip/base_m01_regslice_15/base_m01_regslice_15_sim_netlist.vhdl'. Please regenerate to continue.
WARNING: [IP_Flow 19-3664] IP 'base_auto_cc_0' generated file not found '/home/wu/__PYNQ__/boards/Pynq-Z2/base/base/base.gen/sources_1/bd/base/ip/base_auto_cc_0/base_auto_cc_0.dcp'. Please regenerate to continue.
WARNING: [IP_Flow 19-3664] IP 'base_auto_cc_0' generated file not found '/home/wu/__PYNQ__/boards/Pynq-Z2/base/base/base.gen/sources_1/bd/base/ip/base_auto_cc_0/base_auto_cc_0_stub.v'. Please regenerate to continue.
WARNING: [IP_Flow 19-3664] IP 'base_auto_cc_0' generated file not found '/home/wu/__PYNQ__/boards/Pynq-Z2/base/base/base.gen/sources_1/bd/base/ip/base_auto_cc_0/base_auto_cc_0_stub.vhdl'. Please regenerate to continue.
WARNING: [IP_Flow 19-3664] IP 'base_auto_cc_0' generated file not found '/home/wu/__PYNQ__/boards/Pynq-Z2/base/base/base.gen/sources_1/bd/base/ip/base_auto_cc_0/base_auto_cc_0_sim_netlist.v'. Please regenerate to continue.
WARNING: [IP_Flow 19-3664] IP 'base_auto_cc_0' generated file not found '/home/wu/__PYNQ__/boards/Pynq-Z2/base/base/base.gen/sources_1/bd/base/ip/base_auto_cc_0/base_auto_cc_0_sim_netlist.vhdl'. Please regenerate to continue.
WARNING: [IP_Flow 19-3664] IP 'base_m02_regslice_13' generated file not found '/home/wu/__PYNQ__/boards/Pynq-Z2/base/base/base.gen/sources_1/bd/base/ip/base_m02_regslice_13/base_m02_regslice_13.dcp'. Please regenerate to continue.
WARNING: [IP_Flow 19-3664] IP 'base_m02_regslice_13' generated file not found '/home/wu/__PYNQ__/boards/Pynq-Z2/base/base/base.gen/sources_1/bd/base/ip/base_m02_regslice_13/base_m02_regslice_13_stub.v'. Please regenerate to continue.
WARNING: [IP_Flow 19-3664] IP 'base_m02_regslice_13' generated file not found '/home/wu/__PYNQ__/boards/Pynq-Z2/base/base/base.gen/sources_1/bd/base/ip/base_m02_regslice_13/base_m02_regslice_13_stub.vhdl'. Please regenerate to continue.
WARNING: [IP_Flow 19-3664] IP 'base_m02_regslice_13' generated file not found '/home/wu/__PYNQ__/boards/Pynq-Z2/base/base/base.gen/sources_1/bd/base/ip/base_m02_regslice_13/base_m02_regslice_13_sim_netlist.v'. Please regenerate to continue.
WARNING: [IP_Flow 19-3664] IP 'base_m02_regslice_13' generated file not found '/home/wu/__PYNQ__/boards/Pynq-Z2/base/base/base.gen/sources_1/bd/base/ip/base_m02_regslice_13/base_m02_regslice_13_sim_netlist.vhdl'. Please regenerate to continue.
WARNING: [IP_Flow 19-3664] IP 'base_auto_cc_1' generated file not found '/home/wu/__PYNQ__/boards/Pynq-Z2/base/base/base.gen/sources_1/bd/base/ip/base_auto_cc_1/base_auto_cc_1.dcp'. Please regenerate to continue.
WARNING: [IP_Flow 19-3664] IP 'base_auto_cc_1' generated file not found '/home/wu/__PYNQ__/boards/Pynq-Z2/base/base/base.gen/sources_1/bd/base/ip/base_auto_cc_1/base_auto_cc_1_stub.v'. Please regenerate to continue.
WARNING: [IP_Flow 19-3664] IP 'base_auto_cc_1' generated file not found '/home/wu/__PYNQ__/boards/Pynq-Z2/base/base/base.gen/sources_1/bd/base/ip/base_auto_cc_1/base_auto_cc_1_stub.vhdl'. Please regenerate to continue.
WARNING: [IP_Flow 19-3664] IP 'base_auto_cc_1' generated file not found '/home/wu/__PYNQ__/boards/Pynq-Z2/base/base/base.gen/sources_1/bd/base/ip/base_auto_cc_1/base_auto_cc_1_sim_netlist.v'. Please regenerate to continue.
WARNING: [IP_Flow 19-3664] IP 'base_auto_cc_1' generated file not found '/home/wu/__PYNQ__/boards/Pynq-Z2/base/base/base.gen/sources_1/bd/base/ip/base_auto_cc_1/base_auto_cc_1_sim_netlist.vhdl'. Please regenerate to continue.
WARNING: [IP_Flow 19-3664] IP 'base_m03_regslice_13' generated file not found '/home/wu/__PYNQ__/boards/Pynq-Z2/base/base/base.gen/sources_1/bd/base/ip/base_m03_regslice_13/base_m03_regslice_13.dcp'. Please regenerate to continue.
WARNING: [IP_Flow 19-3664] IP 'base_m03_regslice_13' generated file not found '/home/wu/__PYNQ__/boards/Pynq-Z2/base/base/base.gen/sources_1/bd/base/ip/base_m03_regslice_13/base_m03_regslice_13_stub.v'. Please regenerate to continue.
WARNING: [IP_Flow 19-3664] IP 'base_m03_regslice_13' generated file not found '/home/wu/__PYNQ__/boards/Pynq-Z2/base/base/base.gen/sources_1/bd/base/ip/base_m03_regslice_13/base_m03_regslice_13_stub.vhdl'. Please regenerate to continue.
WARNING: [IP_Flow 19-3664] IP 'base_m03_regslice_13' generated file not found '/home/wu/__PYNQ__/boards/Pynq-Z2/base/base/base.gen/sources_1/bd/base/ip/base_m03_regslice_13/base_m03_regslice_13_sim_netlist.v'. Please regenerate to continue.
WARNING: [IP_Flow 19-3664] IP 'base_m03_regslice_13' generated file not found '/home/wu/__PYNQ__/boards/Pynq-Z2/base/base/base.gen/sources_1/bd/base/ip/base_m03_regslice_13/base_m03_regslice_13_sim_netlist.vhdl'. Please regenerate to continue.
WARNING: [IP_Flow 19-3664] IP 'base_m04_regslice_11' generated file not found '/home/wu/__PYNQ__/boards/Pynq-Z2/base/base/base.gen/sources_1/bd/base/ip/base_m04_regslice_11/base_m04_regslice_11.dcp'. Please regenerate to continue.
WARNING: [IP_Flow 19-3664] IP 'base_m04_regslice_11' generated file not found '/home/wu/__PYNQ__/boards/Pynq-Z2/base/base/base.gen/sources_1/bd/base/ip/base_m04_regslice_11/base_m04_regslice_11_stub.v'. Please regenerate to continue.
WARNING: [IP_Flow 19-3664] IP 'base_m04_regslice_11' generated file not found '/home/wu/__PYNQ__/boards/Pynq-Z2/base/base/base.gen/sources_1/bd/base/ip/base_m04_regslice_11/base_m04_regslice_11_stub.vhdl'. Please regenerate to continue.
WARNING: [IP_Flow 19-3664] IP 'base_m04_regslice_11' generated file not found '/home/wu/__PYNQ__/boards/Pynq-Z2/base/base/base.gen/sources_1/bd/base/ip/base_m04_regslice_11/base_m04_regslice_11_sim_netlist.v'. Please regenerate to continue.
WARNING: [IP_Flow 19-3664] IP 'base_m04_regslice_11' generated file not found '/home/wu/__PYNQ__/boards/Pynq-Z2/base/base/base.gen/sources_1/bd/base/ip/base_m04_regslice_11/base_m04_regslice_11_sim_netlist.vhdl'. Please regenerate to continue.
INFO: [Common 17-14] Message 'IP_Flow 19-3664' appears 100 times and further instances of the messages will be disabled. Use the Tcl command set_msg_config to change the current settings.
open_project: Time (s): cpu = 00:00:05 ; elapsed = 00:00:06 . Memory (MB): peak = 1459.559 ; gain = 164.676 ; free physical = 1078 ; free virtual = 6160
source com.tcl
# synth_design -top base_wrapper
Command: synth_design -top base_wrapper
Starting synth_design
Using part: xc7z020clg400-1
WARNING: [Vivado_Tcl 4-393] The 'Synthesis' target of the following IPs are stale, please generate the output products using the generate_target or synth_ip command before running synth_design.
/home/wu/__PYNQ__/boards/Pynq-Z2/base/base/base.srcs/sources_1/bd/base/base.bd

WARNING: [Vivado_Tcl 4-393] The 'Implementation' target of the following IPs are stale, please generate the output products using the generate_target or synth_ip command before running synth_design.
/home/wu/__PYNQ__/boards/Pynq-Z2/base/base/base.srcs/sources_1/bd/base/base.bd

Attempting to get a license for feature 'Synthesis' and/or device 'xc7z020'
INFO: [Common 17-349] Got license for feature 'Synthesis' and/or device 'xc7z020'
INFO: [Device 21-403] Loading part xc7z020clg400-1
INFO: [Device 21-9227] Part: xc7z020clg400-1 does not have CEAM library.
INFO: [Common 17-83] Releasing license: Synthesis
4 Infos, 2 Warnings, 0 Critical Warnings and 1 Errors encountered.
synth_design failed
ERROR: [Runs 36-527] DCP does not exist: /home/wu/__PYNQ__/boards/Pynq-Z2/base/base/base.gen/sources_1/bd/base/ip/base_ps7_0_0/base_ps7_0_0.dcp
