

================================================================
== Vitis HLS Report for 'main_process_Pipeline_VITIS_LOOP_258_11_VITIS_LOOP_259_12'
================================================================
* Date:           Mon Oct 27 17:27:48 2025

* Version:        2024.1 (Build 5069499 on May 21 2024)
* Project:        render
* Solution:       hls (Vivado IP Flow Target)
* Product family: zynq
* Target device:  xc7z020-clg400-1


================================================================
== Performance Estimates
================================================================
+ Timing: 
    * Summary: 
    +--------+----------+----------+------------+
    |  Clock |  Target  | Estimated| Uncertainty|
    +--------+----------+----------+------------+
    |ap_clk  |  10.00 ns|  6.417 ns|     2.50 ns|
    +--------+----------+----------+------------+

+ Latency: 
    * Summary: 
    +---------+---------+----------+----------+-----+-----+-----------------------------------------------+
    |  Latency (cycles) |  Latency (absolute) |  Interval |                    Pipeline                   |
    |   min   |   max   |    min   |    max   | min | max |                      Type                     |
    +---------+---------+----------+----------+-----+-----+-----------------------------------------------+
    |      388|      388|  3.880 us|  3.880 us|  385|  385|  loop auto-rewind stp(delay=0 clock cycles(s))|
    +---------+---------+----------+----------+-----+-----+-----------------------------------------------+

    + Detail: 
        * Instance: 
        N/A

        * Loop: 
        +---------------------------------------+---------+---------+----------+-----------+-----------+------+----------+
        |                                       |  Latency (cycles) | Iteration|  Initiation Interval  | Trip |          |
        |               Loop Name               |   min   |   max   |  Latency |  achieved |   target  | Count| Pipelined|
        +---------------------------------------+---------+---------+----------+-----------+-----------+------+----------+
        |- VITIS_LOOP_258_11_VITIS_LOOP_259_12  |      386|      386|         4|          1|          1|   384|       yes|
        +---------------------------------------+---------+---------+----------+-----------+-----------+------+----------+

============================================================
+ Verbose Summary: Synthesis Manager
============================================================
InlineROM: 1
ExposeGlobal: 0
============================================================
+ Verbose Summary: CDFG Model
============================================================
IsTopModel: 0
ResetActiveHigh: 1
IsCombinational: 0
IsDatapathOnly: 0
HasWiredReturn: 1
HasMFsm: 2
HasVarLatency: 1
IsPipeline: 0
IsRtlPipelined: 0
IsInstanceOverlapped: 0
IsDontTouch: 0
HasImplIP: 0
IsGatedGlobalClock: 0

+ Individual pipeline summary: 
  * Pipeline-0: initiation interval (II) = 1, depth = 4


============================================================
+ Verbose Summary: Schedule
============================================================
* Number of FSM states : 4
* Pipeline : 1
  Pipeline-0 : II = 1, D = 4, States = { 1 2 3 4 }
* Dataflow Pipeline: 0

* FSM state transitions: 
1 --> 2 
2 --> 3 
3 --> 4 
4 --> 

* FSM state operations: 

State 1 <SV = 0> <Delay = 4.99>
ST_1 : Operation 7 [1/1] (0.00ns)   --->   "%t = alloca i32 1" [../src/main.cpp:259]   --->   Operation 7 'alloca' 't' <Predicate = true> <Delay = 0.00>
ST_1 : Operation 8 [1/1] (0.00ns)   --->   "%m = alloca i32 1" [../src/main.cpp:258]   --->   Operation 8 'alloca' 'm' <Predicate = true> <Delay = 0.00>
ST_1 : Operation 9 [1/1] (0.00ns)   --->   "%indvar_flatten32 = alloca i32 1"   --->   Operation 9 'alloca' 'indvar_flatten32' <Predicate = true> <Delay = 0.00>
ST_1 : Operation 10 [1/1] (0.00ns)   --->   "%main_process_ap_fixed_ap_fixed_ap_fixed_ap_fixed_ap_fixed_ap_fixed_ap_fixed_ap_f_47 = alloca i32 1"   --->   Operation 10 'alloca' 'main_process_ap_fixed_ap_fixed_ap_fixed_ap_fixed_ap_fixed_ap_fixed_ap_fixed_ap_f_47' <Predicate = true> <Delay = 0.00>
ST_1 : Operation 11 [1/1] (0.00ns)   --->   "%main_process_ap_fixed_ap_fixed_ap_fixed_ap_fixed_ap_fixed_ap_fixed_ap_fixed_ap_f_46 = alloca i32 1"   --->   Operation 11 'alloca' 'main_process_ap_fixed_ap_fixed_ap_fixed_ap_fixed_ap_fixed_ap_fixed_ap_fixed_ap_f_46' <Predicate = true> <Delay = 0.00>
ST_1 : Operation 12 [1/1] (0.00ns)   --->   "%main_process_ap_fixed_ap_fixed_ap_fixed_ap_fixed_ap_fixed_ap_fixed_ap_fixed_ap_f_45 = alloca i32 1"   --->   Operation 12 'alloca' 'main_process_ap_fixed_ap_fixed_ap_fixed_ap_fixed_ap_fixed_ap_fixed_ap_fixed_ap_f_45' <Predicate = true> <Delay = 0.00>
ST_1 : Operation 13 [1/1] (0.00ns)   --->   "%zext_ln227_read = read i7 @_ssdm_op_Read.ap_auto.i7, i7 %zext_ln227"   --->   Operation 13 'read' 'zext_ln227_read' <Predicate = true> <Delay = 0.00>
ST_1 : Operation 14 [1/1] (0.00ns)   --->   "%specaxissidechannel_ln0 = specaxissidechannel void @_ssdm_op_SpecAXISSideChannel, i24 %output_stream_V_data_V, i3 %output_stream_V_keep_V, i3 %output_stream_V_strb_V, i1 0, i1 %output_stream_V_last_V, i1 0, i1 0, void @empty_8"   --->   Operation 14 'specaxissidechannel' 'specaxissidechannel_ln0' <Predicate = true> <Delay = 0.00>
ST_1 : Operation 15 [1/1] (0.00ns)   --->   "%specmemcore_ln0 = specmemcore void @_ssdm_op_SpecMemCore, i8 %main_process_ap_fixed_ap_fixed_ap_fixed_ap_fixed_ap_fixed_ap_fixed_ap_fixed_ap_f_8, i64 666, i64 25, i64 18446744073709551615"   --->   Operation 15 'specmemcore' 'specmemcore_ln0' <Predicate = true> <Delay = 0.00>
ST_1 : Operation 16 [1/1] (0.00ns)   --->   "%specmemcore_ln0 = specmemcore void @_ssdm_op_SpecMemCore, i8 %main_process_ap_fixed_ap_fixed_ap_fixed_ap_fixed_ap_fixed_ap_fixed_ap_fixed_ap_f, i64 666, i64 25, i64 18446744073709551615"   --->   Operation 16 'specmemcore' 'specmemcore_ln0' <Predicate = true> <Delay = 0.00>
ST_1 : Operation 17 [1/1] (0.00ns)   --->   "%specmemcore_ln0 = specmemcore void @_ssdm_op_SpecMemCore, i8 %main_process_ap_fixed_ap_fixed_ap_fixed_ap_fixed_ap_fixed_ap_fixed_ap_fixed_ap_f_7, i64 666, i64 25, i64 18446744073709551615"   --->   Operation 17 'specmemcore' 'specmemcore_ln0' <Predicate = true> <Delay = 0.00>
ST_1 : Operation 18 [1/1] (0.00ns)   --->   "%specinterface_ln0 = specinterface void @_ssdm_op_SpecInterface, i1 %output_stream_V_last_V, void @empty_12, i32 0, i32 0, void @empty_9, i32 0, i32 0, void @empty_11, void @empty_11, void @empty_11, i32 0, i32 0, i32 0, i32 0, void @empty_11, void @empty_11, i32 4294967295, i32 0, i32 0"   --->   Operation 18 'specinterface' 'specinterface_ln0' <Predicate = true> <Delay = 0.00>
ST_1 : Operation 19 [1/1] (0.00ns)   --->   "%specinterface_ln0 = specinterface void @_ssdm_op_SpecInterface, i3 %output_stream_V_strb_V, void @empty_12, i32 0, i32 0, void @empty_9, i32 0, i32 0, void @empty_11, void @empty_11, void @empty_11, i32 0, i32 0, i32 0, i32 0, void @empty_11, void @empty_11, i32 4294967295, i32 0, i32 0"   --->   Operation 19 'specinterface' 'specinterface_ln0' <Predicate = true> <Delay = 0.00>
ST_1 : Operation 20 [1/1] (0.00ns)   --->   "%specinterface_ln0 = specinterface void @_ssdm_op_SpecInterface, i3 %output_stream_V_keep_V, void @empty_12, i32 0, i32 0, void @empty_9, i32 0, i32 0, void @empty_11, void @empty_11, void @empty_11, i32 0, i32 0, i32 0, i32 0, void @empty_11, void @empty_11, i32 4294967295, i32 0, i32 0"   --->   Operation 20 'specinterface' 'specinterface_ln0' <Predicate = true> <Delay = 0.00>
ST_1 : Operation 21 [1/1] (0.00ns)   --->   "%specinterface_ln0 = specinterface void @_ssdm_op_SpecInterface, i24 %output_stream_V_data_V, void @empty_12, i32 0, i32 0, void @empty_9, i32 0, i32 0, void @empty_11, void @empty_11, void @empty_11, i32 0, i32 0, i32 0, i32 0, void @empty_11, void @empty_11, i32 4294967295, i32 0, i32 0"   --->   Operation 21 'specinterface' 'specinterface_ln0' <Predicate = true> <Delay = 0.00>
ST_1 : Operation 22 [1/1] (1.58ns)   --->   "%store_ln0 = store i9 0, i9 %indvar_flatten32"   --->   Operation 22 'store' 'store_ln0' <Predicate = true> <Delay = 1.58>
ST_1 : Operation 23 [1/1] (1.58ns)   --->   "%store_ln258 = store i8 0, i8 %m" [../src/main.cpp:258]   --->   Operation 23 'store' 'store_ln258' <Predicate = true> <Delay = 1.58>
ST_1 : Operation 24 [1/1] (1.58ns)   --->   "%store_ln259 = store i2 0, i2 %t" [../src/main.cpp:259]   --->   Operation 24 'store' 'store_ln259' <Predicate = true> <Delay = 1.58>
ST_1 : Operation 25 [1/1] (0.00ns)   --->   "%br_ln258 = br void %for.inc400" [../src/main.cpp:258]   --->   Operation 25 'br' 'br_ln258' <Predicate = true> <Delay = 0.00>
ST_1 : Operation 26 [1/1] (0.00ns)   --->   "%indvar_flatten32_load = load i9 %indvar_flatten32" [../src/main.cpp:258]   --->   Operation 26 'load' 'indvar_flatten32_load' <Predicate = true> <Delay = 0.00>
ST_1 : Operation 27 [1/1] (1.82ns)   --->   "%icmp_ln258 = icmp_eq  i9 %indvar_flatten32_load, i9 384" [../src/main.cpp:258]   --->   Operation 27 'icmp' 'icmp_ln258' <Predicate = true> <Delay = 1.82> <CoreInst = "Cmp">   --->   Core 9 'Cmp' <Latency = 0> <II = 1> <Delay = 1.82> <FuncUnit> <Opcode : 'seteq' 'setne' 'setle' 'setge' 'setlt' 'setgt'> <InPorts = 2> <OutPorts = 1>
ST_1 : Operation 28 [1/1] (1.82ns)   --->   "%add_ln258_1 = add i9 %indvar_flatten32_load, i9 1" [../src/main.cpp:258]   --->   Operation 28 'add' 'add_ln258_1' <Predicate = true> <Delay = 1.82> <CoreInst = "Adder">   --->   Core 1 'Adder' <Latency = 0> <II = 1> <Delay = 1.82> <FuncUnit> <Opcode : 'add' 'sub'> <InPorts = 2> <OutPorts = 1>
ST_1 : Operation 29 [1/1] (0.00ns)   --->   "%br_ln258 = br i1 %icmp_ln258, void %for.inc403, void %for.inc414.preheader.exitStub" [../src/main.cpp:258]   --->   Operation 29 'br' 'br_ln258' <Predicate = true> <Delay = 0.00>
ST_1 : Operation 30 [1/1] (1.58ns)   --->   "%store_ln258 = store i9 %add_ln258_1, i9 %indvar_flatten32" [../src/main.cpp:258]   --->   Operation 30 'store' 'store_ln258' <Predicate = (!icmp_ln258)> <Delay = 1.58>

State 2 <SV = 1> <Delay = 6.41>
ST_2 : Operation 31 [1/1] (0.00ns)   --->   "%t_load = load i2 %t" [../src/main.cpp:259]   --->   Operation 31 'load' 't_load' <Predicate = true> <Delay = 0.00>
ST_2 : Operation 32 [1/1] (0.00ns)   --->   "%m_load = load i8 %m" [../src/main.cpp:258]   --->   Operation 32 'load' 'm_load' <Predicate = true> <Delay = 0.00>
ST_2 : Operation 33 [1/1] (1.91ns)   --->   "%add_ln258 = add i8 %m_load, i8 1" [../src/main.cpp:258]   --->   Operation 33 'add' 'add_ln258' <Predicate = true> <Delay = 1.91> <CoreInst = "Adder">   --->   Core 1 'Adder' <Latency = 0> <II = 1> <Delay = 1.91> <FuncUnit> <Opcode : 'add' 'sub'> <InPorts = 2> <OutPorts = 1>
ST_2 : Operation 34 [1/1] (0.00ns)   --->   "%specloopname_ln0 = specloopname void @_ssdm_op_SpecLoopName, void @VITIS_LOOP_258_11_VITIS_LOOP_259_12_str"   --->   Operation 34 'specloopname' 'specloopname_ln0' <Predicate = true> <Delay = 0.00>
ST_2 : Operation 35 [1/1] (0.00ns)   --->   "%speclooptripcount_ln0 = speclooptripcount void @_ssdm_op_SpecLoopTripCount, i64 384, i64 384, i64 384"   --->   Operation 35 'speclooptripcount' 'speclooptripcount_ln0' <Predicate = true> <Delay = 0.00>
ST_2 : Operation 36 [1/1] (1.56ns)   --->   "%icmp_ln259 = icmp_eq  i2 %t_load, i2 3" [../src/main.cpp:259]   --->   Operation 36 'icmp' 'icmp_ln259' <Predicate = true> <Delay = 1.56> <CoreInst = "Cmp">   --->   Core 9 'Cmp' <Latency = 0> <II = 1> <Delay = 1.56> <FuncUnit> <Opcode : 'seteq' 'setne' 'setle' 'setge' 'setlt' 'setgt'> <InPorts = 2> <OutPorts = 1>
ST_2 : Operation 37 [1/1] (0.99ns)   --->   "%select_ln258 = select i1 %icmp_ln259, i2 0, i2 %t_load" [../src/main.cpp:258]   --->   Operation 37 'select' 'select_ln258' <Predicate = true> <Delay = 0.99> <CoreInst = "Sel">   --->   Core 73 'Sel' <Latency = 0> <II = 1> <Delay = 0.99> <FuncUnit> <Opcode : 'select'> <InPorts = 3> <OutPorts = 1>
ST_2 : Operation 38 [1/1] (1.24ns)   --->   "%select_ln258_1 = select i1 %icmp_ln259, i8 %add_ln258, i8 %m_load" [../src/main.cpp:258]   --->   Operation 38 'select' 'select_ln258_1' <Predicate = true> <Delay = 1.24> <CoreInst = "Sel">   --->   Core 73 'Sel' <Latency = 0> <II = 1> <Delay = 1.24> <FuncUnit> <Opcode : 'select'> <InPorts = 3> <OutPorts = 1>
ST_2 : Operation 39 [1/1] (0.00ns)   --->   "%empty = trunc i8 %select_ln258_1" [../src/main.cpp:258]   --->   Operation 39 'trunc' 'empty' <Predicate = true> <Delay = 0.00>
ST_2 : Operation 40 [1/1] (1.56ns)   --->   "%first_iter_2 = icmp_eq  i2 %select_ln258, i2 0" [../src/main.cpp:258]   --->   Operation 40 'icmp' 'first_iter_2' <Predicate = true> <Delay = 1.56> <CoreInst = "Cmp">   --->   Core 9 'Cmp' <Latency = 0> <II = 1> <Delay = 1.56> <FuncUnit> <Opcode : 'seteq' 'setne' 'setle' 'setge' 'setlt' 'setgt'> <InPorts = 2> <OutPorts = 1>
ST_2 : Operation 41 [1/1] (0.00ns)   --->   "%tmp = bitconcatenate i14 @_ssdm_op_BitConcatenate.i14.i7.i7, i7 %empty, i7 %zext_ln227_read" [../src/main.cpp:258]   --->   Operation 41 'bitconcatenate' 'tmp' <Predicate = true> <Delay = 0.00>
ST_2 : Operation 42 [1/1] (0.00ns)   --->   "%p_cast = zext i14 %tmp" [../src/main.cpp:258]   --->   Operation 42 'zext' 'p_cast' <Predicate = true> <Delay = 0.00>
ST_2 : Operation 43 [1/1] (0.00ns)   --->   "%main_process_ap_fixed_ap_fixed_ap_fixed_ap_fixed_ap_fixed_ap_fixed_ap_fixed_ap_f_33 = getelementptr i8 %main_process_ap_fixed_ap_fixed_ap_fixed_ap_fixed_ap_fixed_ap_fixed_ap_fixed_ap_f_8, i64 0, i64 %p_cast" [../src/main.cpp:258]   --->   Operation 43 'getelementptr' 'main_process_ap_fixed_ap_fixed_ap_fixed_ap_fixed_ap_fixed_ap_fixed_ap_fixed_ap_f_33' <Predicate = true> <Delay = 0.00>
ST_2 : Operation 44 [1/1] (0.00ns)   --->   "%main_process_ap_fixed_ap_fixed_ap_fixed_ap_fixed_ap_fixed_ap_fixed_ap_fixed_ap_f_34 = getelementptr i8 %main_process_ap_fixed_ap_fixed_ap_fixed_ap_fixed_ap_fixed_ap_fixed_ap_fixed_ap_f_7, i64 0, i64 %p_cast" [../src/main.cpp:258]   --->   Operation 44 'getelementptr' 'main_process_ap_fixed_ap_fixed_ap_fixed_ap_fixed_ap_fixed_ap_fixed_ap_fixed_ap_f_34' <Predicate = true> <Delay = 0.00>
ST_2 : Operation 45 [1/1] (0.00ns)   --->   "%main_process_ap_fixed_ap_fixed_ap_fixed_ap_fixed_ap_fixed_ap_fixed_ap_fixed_ap_f_35 = getelementptr i8 %main_process_ap_fixed_ap_fixed_ap_fixed_ap_fixed_ap_fixed_ap_fixed_ap_fixed_ap_f, i64 0, i64 %p_cast" [../src/main.cpp:258]   --->   Operation 45 'getelementptr' 'main_process_ap_fixed_ap_fixed_ap_fixed_ap_fixed_ap_fixed_ap_fixed_ap_fixed_ap_f_35' <Predicate = true> <Delay = 0.00>
ST_2 : Operation 46 [1/1] (0.00ns)   --->   "%br_ln259 = br i1 %first_iter_2, void %for.inc400.split, void %for.first.iter.for.inc400" [../src/main.cpp:259]   --->   Operation 46 'br' 'br_ln259' <Predicate = true> <Delay = 0.00>
ST_2 : Operation 47 [2/2] (3.25ns)   --->   "%main_process_ap_fixed_ap_fixed_ap_fixed_ap_fixed_ap_fixed_ap_fixed_ap_fixed_ap_f_30 = load i14 %main_process_ap_fixed_ap_fixed_ap_fixed_ap_fixed_ap_fixed_ap_fixed_ap_fixed_ap_f_33" [../src/main.cpp:258]   --->   Operation 47 'load' 'main_process_ap_fixed_ap_fixed_ap_fixed_ap_fixed_ap_fixed_ap_fixed_ap_fixed_ap_f_30' <Predicate = (first_iter_2)> <Delay = 3.25> <CoreInst = "RAM_S2P_BRAM">   --->   Core 92 'RAM_S2P_BRAM' <Latency = 1> <II = 1> <Delay = 3.25> <Storage> <Opcode : 'load' 'store'> <Ports = 2> <Width = 8> <Depth = 16384> <RAM>
ST_2 : Operation 48 [2/2] (3.25ns)   --->   "%main_process_ap_fixed_ap_fixed_ap_fixed_ap_fixed_ap_fixed_ap_fixed_ap_fixed_ap_f_31 = load i14 %main_process_ap_fixed_ap_fixed_ap_fixed_ap_fixed_ap_fixed_ap_fixed_ap_fixed_ap_f_35" [../src/main.cpp:258]   --->   Operation 48 'load' 'main_process_ap_fixed_ap_fixed_ap_fixed_ap_fixed_ap_fixed_ap_fixed_ap_fixed_ap_f_31' <Predicate = (first_iter_2)> <Delay = 3.25> <CoreInst = "RAM_S2P_BRAM">   --->   Core 92 'RAM_S2P_BRAM' <Latency = 1> <II = 1> <Delay = 3.25> <Storage> <Opcode : 'load' 'store'> <Ports = 2> <Width = 8> <Depth = 16384> <RAM>
ST_2 : Operation 49 [2/2] (3.25ns)   --->   "%main_process_ap_fixed_ap_fixed_ap_fixed_ap_fixed_ap_fixed_ap_fixed_ap_fixed_ap_f_32 = load i14 %main_process_ap_fixed_ap_fixed_ap_fixed_ap_fixed_ap_fixed_ap_fixed_ap_fixed_ap_f_34" [../src/main.cpp:258]   --->   Operation 49 'load' 'main_process_ap_fixed_ap_fixed_ap_fixed_ap_fixed_ap_fixed_ap_fixed_ap_fixed_ap_f_32' <Predicate = (first_iter_2)> <Delay = 3.25> <CoreInst = "RAM_S2P_BRAM">   --->   Core 92 'RAM_S2P_BRAM' <Latency = 1> <II = 1> <Delay = 3.25> <Storage> <Opcode : 'load' 'store'> <Ports = 2> <Width = 8> <Depth = 16384> <RAM>
ST_2 : Operation 50 [1/1] (1.56ns)   --->   "%add_ln259 = add i2 %select_ln258, i2 1" [../src/main.cpp:259]   --->   Operation 50 'add' 'add_ln259' <Predicate = true> <Delay = 1.56> <CoreInst = "Adder">   --->   Core 1 'Adder' <Latency = 0> <II = 1> <Delay = 1.56> <FuncUnit> <Opcode : 'add' 'sub'> <InPorts = 2> <OutPorts = 1>
ST_2 : Operation 51 [1/1] (1.58ns)   --->   "%store_ln258 = store i8 %select_ln258_1, i8 %m" [../src/main.cpp:258]   --->   Operation 51 'store' 'store_ln258' <Predicate = true> <Delay = 1.58>
ST_2 : Operation 52 [1/1] (1.58ns)   --->   "%store_ln259 = store i2 %add_ln259, i2 %t" [../src/main.cpp:259]   --->   Operation 52 'store' 'store_ln259' <Predicate = true> <Delay = 1.58>

State 3 <SV = 2> <Delay = 3.25>
ST_3 : Operation 53 [1/2] (3.25ns)   --->   "%main_process_ap_fixed_ap_fixed_ap_fixed_ap_fixed_ap_fixed_ap_fixed_ap_fixed_ap_f_30 = load i14 %main_process_ap_fixed_ap_fixed_ap_fixed_ap_fixed_ap_fixed_ap_fixed_ap_fixed_ap_f_33" [../src/main.cpp:258]   --->   Operation 53 'load' 'main_process_ap_fixed_ap_fixed_ap_fixed_ap_fixed_ap_fixed_ap_fixed_ap_fixed_ap_f_30' <Predicate = (first_iter_2)> <Delay = 3.25> <CoreInst = "RAM_S2P_BRAM">   --->   Core 92 'RAM_S2P_BRAM' <Latency = 1> <II = 1> <Delay = 3.25> <Storage> <Opcode : 'load' 'store'> <Ports = 2> <Width = 8> <Depth = 16384> <RAM>
ST_3 : Operation 54 [1/2] (3.25ns)   --->   "%main_process_ap_fixed_ap_fixed_ap_fixed_ap_fixed_ap_fixed_ap_fixed_ap_fixed_ap_f_31 = load i14 %main_process_ap_fixed_ap_fixed_ap_fixed_ap_fixed_ap_fixed_ap_fixed_ap_fixed_ap_f_35" [../src/main.cpp:258]   --->   Operation 54 'load' 'main_process_ap_fixed_ap_fixed_ap_fixed_ap_fixed_ap_fixed_ap_fixed_ap_fixed_ap_f_31' <Predicate = (first_iter_2)> <Delay = 3.25> <CoreInst = "RAM_S2P_BRAM">   --->   Core 92 'RAM_S2P_BRAM' <Latency = 1> <II = 1> <Delay = 3.25> <Storage> <Opcode : 'load' 'store'> <Ports = 2> <Width = 8> <Depth = 16384> <RAM>
ST_3 : Operation 55 [1/2] (3.25ns)   --->   "%main_process_ap_fixed_ap_fixed_ap_fixed_ap_fixed_ap_fixed_ap_fixed_ap_fixed_ap_f_32 = load i14 %main_process_ap_fixed_ap_fixed_ap_fixed_ap_fixed_ap_fixed_ap_fixed_ap_fixed_ap_f_34" [../src/main.cpp:258]   --->   Operation 55 'load' 'main_process_ap_fixed_ap_fixed_ap_fixed_ap_fixed_ap_fixed_ap_fixed_ap_fixed_ap_f_32' <Predicate = (first_iter_2)> <Delay = 3.25> <CoreInst = "RAM_S2P_BRAM">   --->   Core 92 'RAM_S2P_BRAM' <Latency = 1> <II = 1> <Delay = 3.25> <Storage> <Opcode : 'load' 'store'> <Ports = 2> <Width = 8> <Depth = 16384> <RAM>
ST_3 : Operation 56 [1/1] (0.00ns)   --->   "%store_ln258 = store i8 %main_process_ap_fixed_ap_fixed_ap_fixed_ap_fixed_ap_fixed_ap_fixed_ap_fixed_ap_f_30, i8 %main_process_ap_fixed_ap_fixed_ap_fixed_ap_fixed_ap_fixed_ap_fixed_ap_fixed_ap_f_45" [../src/main.cpp:258]   --->   Operation 56 'store' 'store_ln258' <Predicate = (first_iter_2)> <Delay = 0.00>
ST_3 : Operation 57 [1/1] (0.00ns)   --->   "%store_ln258 = store i8 %main_process_ap_fixed_ap_fixed_ap_fixed_ap_fixed_ap_fixed_ap_fixed_ap_fixed_ap_f_31, i8 %main_process_ap_fixed_ap_fixed_ap_fixed_ap_fixed_ap_fixed_ap_fixed_ap_fixed_ap_f_46" [../src/main.cpp:258]   --->   Operation 57 'store' 'store_ln258' <Predicate = (first_iter_2)> <Delay = 0.00>
ST_3 : Operation 58 [1/1] (0.00ns)   --->   "%store_ln258 = store i8 %main_process_ap_fixed_ap_fixed_ap_fixed_ap_fixed_ap_fixed_ap_fixed_ap_fixed_ap_f_32, i8 %main_process_ap_fixed_ap_fixed_ap_fixed_ap_fixed_ap_fixed_ap_fixed_ap_fixed_ap_f_47" [../src/main.cpp:258]   --->   Operation 58 'store' 'store_ln258' <Predicate = (first_iter_2)> <Delay = 0.00>
ST_3 : Operation 59 [1/1] (0.00ns)   --->   "%br_ln259 = br void %for.inc400.split" [../src/main.cpp:259]   --->   Operation 59 'br' 'br_ln259' <Predicate = (first_iter_2)> <Delay = 0.00>
ST_3 : Operation 68 [1/1] (1.58ns)   --->   "%ret_ln0 = ret"   --->   Operation 68 'ret' 'ret_ln0' <Predicate = (icmp_ln258)> <Delay = 1.58>

State 4 <SV = 3> <Delay = 2.85>
ST_4 : Operation 60 [1/1] (0.00ns)   --->   "%main_process_ap_fixed_ap_fixed_ap_fixed_ap_fixed_ap_fixed_ap_fixed_ap_fixed_ap_f_27 = load i8 %main_process_ap_fixed_ap_fixed_ap_fixed_ap_fixed_ap_fixed_ap_fixed_ap_fixed_ap_f_47"   --->   Operation 60 'load' 'main_process_ap_fixed_ap_fixed_ap_fixed_ap_fixed_ap_fixed_ap_fixed_ap_fixed_ap_f_27' <Predicate = (select_ln258 == 2)> <Delay = 0.00>
ST_4 : Operation 61 [1/1] (0.00ns)   --->   "%main_process_ap_fixed_ap_fixed_ap_fixed_ap_fixed_ap_fixed_ap_fixed_ap_fixed_ap_f_28 = load i8 %main_process_ap_fixed_ap_fixed_ap_fixed_ap_fixed_ap_fixed_ap_fixed_ap_fixed_ap_f_46"   --->   Operation 61 'load' 'main_process_ap_fixed_ap_fixed_ap_fixed_ap_fixed_ap_fixed_ap_fixed_ap_fixed_ap_f_28' <Predicate = (select_ln258 == 1)> <Delay = 0.00>
ST_4 : Operation 62 [1/1] (0.00ns)   --->   "%main_process_ap_fixed_ap_fixed_ap_fixed_ap_fixed_ap_fixed_ap_fixed_ap_fixed_ap_f_29 = load i8 %main_process_ap_fixed_ap_fixed_ap_fixed_ap_fixed_ap_fixed_ap_fixed_ap_fixed_ap_f_45"   --->   Operation 62 'load' 'main_process_ap_fixed_ap_fixed_ap_fixed_ap_fixed_ap_fixed_ap_fixed_ap_fixed_ap_f_29' <Predicate = (select_ln258 == 0)> <Delay = 0.00>
ST_4 : Operation 63 [1/1] (0.00ns)   --->   "%specpipeline_ln260 = specpipeline void @_ssdm_op_SpecPipeline, i32 1, i32 0, i32 0, i32 0, void @empty_11" [../src/main.cpp:260]   --->   Operation 63 'specpipeline' 'specpipeline_ln260' <Predicate = true> <Delay = 0.00>
ST_4 : Operation 64 [1/1] (1.58ns)   --->   "%tmp_17 = sparsemux i8 @_ssdm_op_SparseMux.ap_auto.3i8.i8.i2, i2 0, i8 %main_process_ap_fixed_ap_fixed_ap_fixed_ap_fixed_ap_fixed_ap_fixed_ap_fixed_ap_f_29, i2 1, i8 %main_process_ap_fixed_ap_fixed_ap_fixed_ap_fixed_ap_fixed_ap_fixed_ap_fixed_ap_f_28, i2 2, i8 %main_process_ap_fixed_ap_fixed_ap_fixed_ap_fixed_ap_fixed_ap_fixed_ap_fixed_ap_f_27, i8 0, i2 %select_ln258" [../src/main.cpp:261]   --->   Operation 64 'sparsemux' 'tmp_17' <Predicate = true> <Delay = 1.58> <CoreInst = "SparseMux">   --->   Core 132 'SparseMux' <Latency = 0> <II = 1> <Delay = 1.58> <FuncUnit> <Opcode : 'sparsemux'> <InPorts = 2> <OutPorts = 1>
ST_4 : Operation 65 [1/1] (0.00ns)   --->   "%pixel_data = bitconcatenate i24 @_ssdm_op_BitConcatenate.i24.i8.i8.i8, i8 %tmp_17, i8 %tmp_17, i8 %tmp_17" [../src/main.cpp:262]   --->   Operation 65 'bitconcatenate' 'pixel_data' <Predicate = true> <Delay = 0.00>
ST_4 : Operation 66 [1/1] (1.26ns)   --->   "%write_ln265 = write void @_ssdm_op_Write.axis.volatile.i24P0A.i3P0A.i3P0A.i1P0A, i24 %output_stream_V_data_V, i3 %output_stream_V_keep_V, i3 %output_stream_V_strb_V, i1 %output_stream_V_last_V, i24 %pixel_data, i3 0, i3 0, i1 0" [../src/main.cpp:265]   --->   Operation 66 'write' 'write_ln265' <Predicate = true> <Delay = 1.26> <CoreInst = "regslice">   --->   Core 136 'regslice' <Latency = 0> <II = 1> <Delay = 1.86> <Adapter> <Opcode : 'read' 'write'>
ST_4 : Operation 67 [1/1] (0.00ns)   --->   "%br_ln259 = br void %for.inc400" [../src/main.cpp:259]   --->   Operation 67 'br' 'br_ln259' <Predicate = true> <Delay = 0.00>


============================================================
+ Verbose Summary: Timing violations
============================================================
Target clock period: 10.000ns, clock uncertainty: 2.500ns.

 <State 1>: 4.999ns
The critical path consists of the following:
	'store' operation 0 bit ('store_ln0') of constant 0 on local variable 'indvar_flatten32' [24]  (1.588 ns)
	'load' operation 9 bit ('indvar_flatten32_load', ../src/main.cpp:258) on local variable 'indvar_flatten32' [29]  (0.000 ns)
	'add' operation 9 bit ('add_ln258_1', ../src/main.cpp:258) [31]  (1.823 ns)
	'store' operation 0 bit ('store_ln258', ../src/main.cpp:258) of variable 'add_ln258_1', ../src/main.cpp:258 on local variable 'indvar_flatten32' [67]  (1.588 ns)

 <State 2>: 6.417ns
The critical path consists of the following:
	'load' operation 8 bit ('m_load', ../src/main.cpp:258) on local variable 'm', ../src/main.cpp:258 [35]  (0.000 ns)
	'add' operation 8 bit ('add_ln258', ../src/main.cpp:258) [36]  (1.915 ns)
	'select' operation 8 bit ('select_ln258_1', ../src/main.cpp:258) [41]  (1.248 ns)
	'getelementptr' operation 14 bit ('main_process_ap_fixed_ap_fixed_ap_fixed_ap_fixed_ap_fixed_ap_fixed_ap_fixed_ap_f_33', ../src/main.cpp:258) [46]  (0.000 ns)
	'load' operation 8 bit ('main_process_ap_fixed_ap_fixed_ap_fixed_ap_fixed_ap_fixed_ap_fixed_ap_fixed_ap_f_30', ../src/main.cpp:258) on array 'main_process_ap_fixed_ap_fixed_ap_fixed_ap_fixed_ap_fixed_ap_fixed_ap_fixed_ap_f_8' [51]  (3.254 ns)

 <State 3>: 3.254ns
The critical path consists of the following:
	'load' operation 8 bit ('main_process_ap_fixed_ap_fixed_ap_fixed_ap_fixed_ap_fixed_ap_fixed_ap_fixed_ap_f_30', ../src/main.cpp:258) on array 'main_process_ap_fixed_ap_fixed_ap_fixed_ap_fixed_ap_fixed_ap_fixed_ap_fixed_ap_f_8' [51]  (3.254 ns)

 <State 4>: 2.853ns
The critical path consists of the following:
	'load' operation 8 bit ('main_process_ap_fixed_ap_fixed_ap_fixed_ap_fixed_ap_fixed_ap_fixed_ap_fixed_ap_f_27') on local variable 'main_process_ap_fixed_ap_fixed_ap_fixed_ap_fixed_ap_fixed_ap_fixed_ap_fixed_ap_f_47' [59]  (0.000 ns)
	'sparsemux' operation 8 bit ('tmp_17', ../src/main.cpp:261) [63]  (1.588 ns)
	axis write operation ('write_ln265', ../src/main.cpp:265) on port 'output_stream_V_data_V' (../src/main.cpp:265) [65]  (1.265 ns)


============================================================
+ Verbose Summary: Binding
============================================================
N/A
* FSMD analyzer results:
  - Output states:
 - Input state : 
  - Chain level:
	State 1
	State 2
	State 3
	State 4


============================================================
+ Verbose Summary: Datapath Resource usage 
============================================================
N/A
