

================================================================
== Vitis HLS Report for 'main_process_Pipeline_VITIS_LOOP_253_10'
================================================================
* Date:           Mon Oct 27 17:27:48 2025

* Version:        2024.1 (Build 5069499 on May 21 2024)
* Project:        render
* Solution:       hls (Vivado IP Flow Target)
* Product family: zynq
* Target device:  xc7z020-clg400-1


================================================================
== Performance Estimates
================================================================
+ Timing: 
    * Summary: 
    +--------+----------+----------+------------+
    |  Clock |  Target  | Estimated| Uncertainty|
    +--------+----------+----------+------------+
    |ap_clk  |  10.00 ns|  4.999 ns|     2.50 ns|
    +--------+----------+----------+------------+

+ Latency: 
    * Summary: 
    +---------+---------+----------+----------+-----+-----+-----------------------------------------------+
    |  Latency (cycles) |  Latency (absolute) |  Interval |                    Pipeline                   |
    |   min   |   max   |    min   |    max   | min | max |                      Type                     |
    +---------+---------+----------+----------+-----+-----+-----------------------------------------------+
    |      258|      258|  2.580 us|  2.580 us|  257|  257|  loop auto-rewind stp(delay=0 clock cycles(s))|
    +---------+---------+----------+----------+-----+-----+-----------------------------------------------+

    + Detail: 
        * Instance: 
        N/A

        * Loop: 
        +---------------------+---------+---------+----------+-----------+-----------+------+----------+
        |                     |  Latency (cycles) | Iteration|  Initiation Interval  | Trip |          |
        |      Loop Name      |   min   |   max   |  Latency |  achieved |   target  | Count| Pipelined|
        +---------------------+---------+---------+----------+-----------+-----------+------+----------+
        |- VITIS_LOOP_253_10  |      256|      256|         2|          1|          1|   256|       yes|
        +---------------------+---------+---------+----------+-----------+-----------+------+----------+

============================================================
+ Verbose Summary: Synthesis Manager
============================================================
InlineROM: 1
ExposeGlobal: 0
============================================================
+ Verbose Summary: CDFG Model
============================================================
IsTopModel: 0
ResetActiveHigh: 1
IsCombinational: 0
IsDatapathOnly: 0
HasWiredReturn: 1
HasMFsm: 2
HasVarLatency: 1
IsPipeline: 0
IsRtlPipelined: 0
IsInstanceOverlapped: 0
IsDontTouch: 0
HasImplIP: 0
IsGatedGlobalClock: 0

+ Individual pipeline summary: 
  * Pipeline-0: initiation interval (II) = 1, depth = 2


============================================================
+ Verbose Summary: Schedule
============================================================
* Number of FSM states : 2
* Pipeline : 1
  Pipeline-0 : II = 1, D = 2, States = { 1 2 }
* Dataflow Pipeline: 0

* FSM state transitions: 
1 --> 2 
2 --> 

* FSM state operations: 

State 1 <SV = 0> <Delay = 4.99>
ST_1 : Operation 5 [1/1] (0.00ns)   --->   "%i = alloca i32 1" [../src/main.cpp:253]   --->   Operation 5 'alloca' 'i' <Predicate = true> <Delay = 0.00>
ST_1 : Operation 6 [1/1] (0.00ns)   --->   "%specaxissidechannel_ln0 = specaxissidechannel void @_ssdm_op_SpecAXISSideChannel, i24 %output_stream_V_data_V, i3 %output_stream_V_keep_V, i3 %output_stream_V_strb_V, i1 0, i1 %output_stream_V_last_V, i1 0, i1 0, void @empty_8"   --->   Operation 6 'specaxissidechannel' 'specaxissidechannel_ln0' <Predicate = true> <Delay = 0.00>
ST_1 : Operation 7 [1/1] (0.00ns)   --->   "%specinterface_ln0 = specinterface void @_ssdm_op_SpecInterface, i1 %output_stream_V_last_V, void @empty_12, i32 0, i32 0, void @empty_9, i32 0, i32 0, void @empty_11, void @empty_11, void @empty_11, i32 0, i32 0, i32 0, i32 0, void @empty_11, void @empty_11, i32 4294967295, i32 0, i32 0"   --->   Operation 7 'specinterface' 'specinterface_ln0' <Predicate = true> <Delay = 0.00>
ST_1 : Operation 8 [1/1] (0.00ns)   --->   "%specinterface_ln0 = specinterface void @_ssdm_op_SpecInterface, i3 %output_stream_V_strb_V, void @empty_12, i32 0, i32 0, void @empty_9, i32 0, i32 0, void @empty_11, void @empty_11, void @empty_11, i32 0, i32 0, i32 0, i32 0, void @empty_11, void @empty_11, i32 4294967295, i32 0, i32 0"   --->   Operation 8 'specinterface' 'specinterface_ln0' <Predicate = true> <Delay = 0.00>
ST_1 : Operation 9 [1/1] (0.00ns)   --->   "%specinterface_ln0 = specinterface void @_ssdm_op_SpecInterface, i3 %output_stream_V_keep_V, void @empty_12, i32 0, i32 0, void @empty_9, i32 0, i32 0, void @empty_11, void @empty_11, void @empty_11, i32 0, i32 0, i32 0, i32 0, void @empty_11, void @empty_11, i32 4294967295, i32 0, i32 0"   --->   Operation 9 'specinterface' 'specinterface_ln0' <Predicate = true> <Delay = 0.00>
ST_1 : Operation 10 [1/1] (0.00ns)   --->   "%specinterface_ln0 = specinterface void @_ssdm_op_SpecInterface, i24 %output_stream_V_data_V, void @empty_12, i32 0, i32 0, void @empty_9, i32 0, i32 0, void @empty_11, void @empty_11, void @empty_11, i32 0, i32 0, i32 0, i32 0, void @empty_11, void @empty_11, i32 4294967295, i32 0, i32 0"   --->   Operation 10 'specinterface' 'specinterface_ln0' <Predicate = true> <Delay = 0.00>
ST_1 : Operation 11 [1/1] (1.58ns)   --->   "%store_ln253 = store i9 0, i9 %i" [../src/main.cpp:253]   --->   Operation 11 'store' 'store_ln253' <Predicate = true> <Delay = 1.58>
ST_1 : Operation 12 [1/1] (0.00ns)   --->   "%br_ln253 = br void %for.inc374" [../src/main.cpp:253]   --->   Operation 12 'br' 'br_ln253' <Predicate = true> <Delay = 0.00>
ST_1 : Operation 13 [1/1] (0.00ns)   --->   "%i_8 = load i9 %i" [../src/main.cpp:253]   --->   Operation 13 'load' 'i_8' <Predicate = true> <Delay = 0.00>
ST_1 : Operation 14 [1/1] (1.82ns)   --->   "%icmp_ln253 = icmp_eq  i9 %i_8, i9 256" [../src/main.cpp:253]   --->   Operation 14 'icmp' 'icmp_ln253' <Predicate = true> <Delay = 1.82> <CoreInst = "Cmp">   --->   Core 9 'Cmp' <Latency = 0> <II = 1> <Delay = 1.82> <FuncUnit> <Opcode : 'seteq' 'setne' 'setle' 'setge' 'setlt' 'setgt'> <InPorts = 2> <OutPorts = 1>
ST_1 : Operation 15 [1/1] (1.82ns)   --->   "%i_9 = add i9 %i_8, i9 1" [../src/main.cpp:253]   --->   Operation 15 'add' 'i_9' <Predicate = true> <Delay = 1.82> <CoreInst = "Adder">   --->   Core 1 'Adder' <Latency = 0> <II = 1> <Delay = 1.82> <FuncUnit> <Opcode : 'add' 'sub'> <InPorts = 2> <OutPorts = 1>
ST_1 : Operation 16 [1/1] (0.00ns)   --->   "%br_ln253 = br i1 %icmp_ln253, void %for.inc374.split, void %for.inc400.preheader.exitStub" [../src/main.cpp:253]   --->   Operation 16 'br' 'br_ln253' <Predicate = true> <Delay = 0.00>
ST_1 : Operation 17 [1/1] (1.58ns)   --->   "%store_ln253 = store i9 %i_9, i9 %i" [../src/main.cpp:253]   --->   Operation 17 'store' 'store_ln253' <Predicate = (!icmp_ln253)> <Delay = 1.58>
ST_1 : Operation 23 [1/1] (1.58ns)   --->   "%ret_ln0 = ret"   --->   Operation 23 'ret' 'ret_ln0' <Predicate = (icmp_ln253)> <Delay = 1.58>

State 2 <SV = 1> <Delay = 1.26>
ST_2 : Operation 18 [1/1] (0.00ns)   --->   "%specpipeline_ln253 = specpipeline void @_ssdm_op_SpecPipeline, i32 4294967295, i32 0, i32 0, i32 0, void @empty_11" [../src/main.cpp:253]   --->   Operation 18 'specpipeline' 'specpipeline_ln253' <Predicate = true> <Delay = 0.00>
ST_2 : Operation 19 [1/1] (0.00ns)   --->   "%speclooptripcount_ln253 = speclooptripcount void @_ssdm_op_SpecLoopTripCount, i64 256, i64 256, i64 256" [../src/main.cpp:253]   --->   Operation 19 'speclooptripcount' 'speclooptripcount_ln253' <Predicate = true> <Delay = 0.00>
ST_2 : Operation 20 [1/1] (0.00ns)   --->   "%specloopname_ln253 = specloopname void @_ssdm_op_SpecLoopName, void @empty_3" [../src/main.cpp:253]   --->   Operation 20 'specloopname' 'specloopname_ln253' <Predicate = true> <Delay = 0.00>
ST_2 : Operation 21 [1/1] (1.26ns)   --->   "%write_ln256 = write void @_ssdm_op_Write.axis.volatile.i24P0A.i3P0A.i3P0A.i1P0A, i24 %output_stream_V_data_V, i3 %output_stream_V_keep_V, i3 %output_stream_V_strb_V, i1 %output_stream_V_last_V, i24 0, i3 0, i3 0, i1 0" [../src/main.cpp:256]   --->   Operation 21 'write' 'write_ln256' <Predicate = true> <Delay = 1.26> <CoreInst = "regslice">   --->   Core 136 'regslice' <Latency = 0> <II = 1> <Delay = 1.86> <Adapter> <Opcode : 'read' 'write'>
ST_2 : Operation 22 [1/1] (0.00ns)   --->   "%br_ln253 = br void %for.inc374" [../src/main.cpp:253]   --->   Operation 22 'br' 'br_ln253' <Predicate = true> <Delay = 0.00>


============================================================
+ Verbose Summary: Timing violations
============================================================
Target clock period: 10.000ns, clock uncertainty: 2.500ns.

 <State 1>: 4.999ns
The critical path consists of the following:
	'store' operation 0 bit ('store_ln253', ../src/main.cpp:253) of constant 0 on local variable 'i', ../src/main.cpp:253 [11]  (1.588 ns)
	'load' operation 9 bit ('i', ../src/main.cpp:253) on local variable 'i', ../src/main.cpp:253 [14]  (0.000 ns)
	'add' operation 9 bit ('i', ../src/main.cpp:253) [16]  (1.823 ns)
	'store' operation 0 bit ('store_ln253', ../src/main.cpp:253) of variable 'i', ../src/main.cpp:253 on local variable 'i', ../src/main.cpp:253 [23]  (1.588 ns)

 <State 2>: 1.265ns
The critical path consists of the following:
	axis write operation ('write_ln256', ../src/main.cpp:256) on port 'output_stream_V_data_V' (../src/main.cpp:256) [22]  (1.265 ns)


============================================================
+ Verbose Summary: Binding
============================================================
N/A
* FSMD analyzer results:
  - Output states:
 - Input state : 
  - Chain level:
	State 1
	State 2


============================================================
+ Verbose Summary: Datapath Resource usage 
============================================================
N/A
