/home/wu/__PYNQ__/hls_ok/render/render/hls/.autopilot/db/rotate_norm.pp.0.cpp:1322:7: warning: Added loop label VITIS_LOOP_1223_1:   [xilinx-label-all-loops]
      for (i = 0; i < __N - 1; ++i) {
      ^~~
      VITIS_LOOP_1223_1: 
/home/wu/__PYNQ__/hls_ok/render/render/hls/.autopilot/db/rotate_norm.pp.0.cpp:1322:7: note: FIX-IT applied suggested code changes
/home/wu/__PYNQ__/hls_ok/render/render/hls/.autopilot/db/rotate_norm.pp.0.cpp:2296:5: warning: Added loop label VITIS_LOOP_676_1:   [xilinx-label-all-loops]
    for (unsigned i = low; i != high; ++i) {
    ^~~
    VITIS_LOOP_676_1: 
/home/wu/__PYNQ__/hls_ok/render/render/hls/.autopilot/db/rotate_norm.pp.0.cpp:2296:5: note: FIX-IT applied suggested code changes
/home/wu/__PYNQ__/hls_ok/render/render/hls/.autopilot/db/rotate_norm.pp.0.cpp:2310:5: warning: Added loop label VITIS_LOOP_690_1:   [xilinx-label-all-loops]
    for (unsigned i = low; i != high; ++i) {
    ^~~
    VITIS_LOOP_690_1: 
/home/wu/__PYNQ__/hls_ok/render/render/hls/.autopilot/db/rotate_norm.pp.0.cpp:2310:5: note: FIX-IT applied suggested code changes
/home/wu/__PYNQ__/hls_ok/render/render/hls/.autopilot/db/rotate_norm.pp.0.cpp:2324:5: warning: Added loop label VITIS_LOOP_704_1:   [xilinx-label-all-loops]
    for (unsigned i = low; i != high; ++i) {
    ^~~
    VITIS_LOOP_704_1: 
/home/wu/__PYNQ__/hls_ok/render/render/hls/.autopilot/db/rotate_norm.pp.0.cpp:2324:5: note: FIX-IT applied suggested code changes
/home/wu/__PYNQ__/hls_ok/render/render/hls/.autopilot/db/rotate_norm.pp.0.cpp:3941:7: warning: Added loop label VITIS_LOOP_1247_1:   [xilinx-label-all-loops]
      for (i = 0; i < __N - 1; ++i) {
      ^~~
      VITIS_LOOP_1247_1: 
/home/wu/__PYNQ__/hls_ok/render/render/hls/.autopilot/db/rotate_norm.pp.0.cpp:3941:7: note: FIX-IT applied suggested code changes
