#-----------------------------------------------------------
# Vivado v2024.1 (64-bit)
# SW Build 5076996 on Wed May 22 18:36:09 MDT 2024
# IP Build 5075265 on Wed May 22 21:45:21 MDT 2024
# SharedData Build 5076995 on Wed May 22 18:29:18 MDT 2024
# Start of session at: Wed Oct 22 23:13:29 2025
# Process ID: 5801
# Current directory: /home/wu/__PYNQ__/boards/Pynq-Z2/base
# Command line: vivado
# Log file: /home/wu/__PYNQ__/boards/Pynq-Z2/base/vivado.log
# Journal file: /home/wu/__PYNQ__/boards/Pynq-Z2/base/vivado.jou
# Running On        :ubuntu
# Platform          :Ubuntu
# Operating System  :Ubuntu 24.10
# Processor Detail  :13th Gen Intel(R) Core(TM) i7-13700HX
# CPU Frequency     :2304.001 MHz
# CPU Physical cores:16
# CPU Logical cores :16
# Host memory       :10377 MB
# Swap memory       :2147 MB
# Total Virtual     :12524 MB
# Available Virtual :9704 MB
#-----------------------------------------------------------
start_gui
WARNING: [Board 49-26] cannot add Board Part xilinx.com:kc705:part0:1.6 available at /tools/Xilinx/Vivado/2024.1/data/xhub/boards/XilinxBoardStore/boards/Xilinx/kc705/1.6/board.xml as part xc7k325tffg900-2 specified in board_part file is either invalid or not available
WARNING: [Board 49-26] cannot add Board Part xilinx.com:kcu105:part0:1.6 available at /tools/Xilinx/Vivado/2024.1/data/xhub/boards/XilinxBoardStore/boards/Xilinx/kcu105/1.6/board.xml as part xcku040-ffva1156-2-e specified in board_part file is either invalid or not available
WARNING: [Board 49-26] cannot add Board Part xilinx.com:kcu105:part0:1.7 available at /tools/Xilinx/Vivado/2024.1/data/xhub/boards/XilinxBoardStore/boards/Xilinx/kcu105/1.7/board.xml as part xcku040-ffva1156-2-e specified in board_part file is either invalid or not available
WARNING: [Board 49-26] cannot add Board Part xilinx.com:kcu116:part0:1.4 available at /tools/Xilinx/Vivado/2024.1/data/xhub/boards/XilinxBoardStore/boards/Xilinx/kcu116/1.4/board.xml as part xcku5p-ffvb676-2-e specified in board_part file is either invalid or not available
WARNING: [Board 49-26] cannot add Board Part xilinx.com:kcu116:part0:1.5 available at /tools/Xilinx/Vivado/2024.1/data/xhub/boards/XilinxBoardStore/boards/Xilinx/kcu116/1.5/board.xml as part xcku5p-ffvb676-2-e specified in board_part file is either invalid or not available
WARNING: [Board 49-26] cannot add Board Part xilinx.com:kcu1500:part0:1.2 available at /tools/Xilinx/Vivado/2024.1/data/xhub/boards/XilinxBoardStore/boards/Xilinx/kcu1500/1.2/board.xml as part xcku115-flvb2104-2-e specified in board_part file is either invalid or not available
WARNING: [Board 49-26] cannot add Board Part xilinx.com:vc707:part0:1.4 available at /tools/Xilinx/Vivado/2024.1/data/xhub/boards/XilinxBoardStore/boards/Xilinx/vc707/1.4/board.xml as part xc7vx485tffg1761-2 specified in board_part file is either invalid or not available
WARNING: [Board 49-26] cannot add Board Part xilinx.com:vc709:part0:1.8 available at /tools/Xilinx/Vivado/2024.1/data/xhub/boards/XilinxBoardStore/boards/Xilinx/vc709/1.8/board.xml as part xc7vx690tffg1761-2 specified in board_part file is either invalid or not available
WARNING: [Board 49-26] cannot add Board Part xilinx.com:vck190:part0:2.2 available at /tools/Xilinx/Vivado/2024.1/data/xhub/boards/XilinxBoardStore/boards/Xilinx/vck190/production/2.2/board.xml as part xcvc1902-vsva2197-2mp-e-s specified in board_part file is either invalid or not available
WARNING: [Board 49-26] cannot add Board Part xilinx.com:vck190:part0:3.0 available at /tools/Xilinx/Vivado/2024.1/data/xhub/boards/XilinxBoardStore/boards/Xilinx/vck190/production/3.0/board.xml as part xcvc1902-vsva2197-2mp-e-s specified in board_part file is either invalid or not available
WARNING: [Board 49-26] cannot add Board Part xilinx.com:vck190:part0:3.1 available at /tools/Xilinx/Vivado/2024.1/data/xhub/boards/XilinxBoardStore/boards/Xilinx/vck190/production/3.1/board.xml as part xcvc1902-vsva2197-2mp-e-s specified in board_part file is either invalid or not available
WARNING: [Board 49-26] cannot add Board Part xilinx.com:vck190:part0:3.2 available at /tools/Xilinx/Vivado/2024.1/data/xhub/boards/XilinxBoardStore/boards/Xilinx/vck190/production/3.2/board.xml as part xcvc1902-vsva2197-2mp-e-s specified in board_part file is either invalid or not available
WARNING: [Board 49-26] cannot add Board Part xilinx.com:vck190:part0:3.3 available at /tools/Xilinx/Vivado/2024.1/data/xhub/boards/XilinxBoardStore/boards/Xilinx/vck190/production/3.3/board.xml as part xcvc1902-vsva2197-2mp-e-s specified in board_part file is either invalid or not available
WARNING: [Board 49-26] cannot add Board Part xilinx.com:vck190_newl:part0:1.0 available at /tools/Xilinx/Vivado/2024.1/data/xhub/boards/XilinxBoardStore/boards/Xilinx/vck190_newl/production/1.0/board.xml as part xcvc1902-vsva2197-2mp-e-s specified in board_part file is either invalid or not available
WARNING: [Board 49-26] cannot add Board Part xilinx.com:vck190_newl:part0:1.1 available at /tools/Xilinx/Vivado/2024.1/data/xhub/boards/XilinxBoardStore/boards/Xilinx/vck190_newl/production/1.1/board.xml as part xcvc1902-vsva2197-2mp-e-s specified in board_part file is either invalid or not available
WARNING: [Board 49-26] cannot add Board Part xilinx.com:vck190_newl:part0:1.2 available at /tools/Xilinx/Vivado/2024.1/data/xhub/boards/XilinxBoardStore/boards/Xilinx/vck190_newl/production/1.2/board.xml as part xcvc1902-vsva2197-2mp-e-s specified in board_part file is either invalid or not available
WARNING: [Board 49-26] cannot add Board Part xilinx.com:vcu108:part0:1.6 available at /tools/Xilinx/Vivado/2024.1/data/xhub/boards/XilinxBoardStore/boards/Xilinx/vcu108/1.6/board.xml as part xcvu095-ffva2104-2-e specified in board_part file is either invalid or not available
WARNING: [Board 49-26] cannot add Board Part xilinx.com:vcu108:part0:1.7 available at /tools/Xilinx/Vivado/2024.1/data/xhub/boards/XilinxBoardStore/boards/Xilinx/vcu108/1.7/board.xml as part xcvu095-ffva2104-2-e specified in board_part file is either invalid or not available
WARNING: [Board 49-26] cannot add Board Part xilinx.com:vcu110:part0:1.4 available at /tools/Xilinx/Vivado/2024.1/data/xhub/boards/XilinxBoardStore/boards/Xilinx/vcu110/1.4/board.xml as part xcvu190-flgc2104-2-e specified in board_part file is either invalid or not available
WARNING: [Board 49-26] cannot add Board Part xilinx.com:vcu118:part0:2.0 available at /tools/Xilinx/Vivado/2024.1/data/xhub/boards/XilinxBoardStore/boards/Xilinx/vcu118/2.0/board.xml as part xcvu9p-flga2104-2l-e specified in board_part file is either invalid or not available
WARNING: [Board 49-26] cannot add Board Part xilinx.com:vcu118:part0:2.3 available at /tools/Xilinx/Vivado/2024.1/data/xhub/boards/XilinxBoardStore/boards/Xilinx/vcu118/2.3/board.xml as part xcvu9p-flga2104-2l-e specified in board_part file is either invalid or not available
WARNING: [Board 49-26] cannot add Board Part xilinx.com:vcu118:part0:2.4 available at /tools/Xilinx/Vivado/2024.1/data/xhub/boards/XilinxBoardStore/boards/Xilinx/vcu118/2.4/board.xml as part xcvu9p-flga2104-2l-e specified in board_part file is either invalid or not available
WARNING: [Board 49-26] cannot add Board Part xilinx.com:vcu128:part0:1.0 available at /tools/Xilinx/Vivado/2024.1/data/xhub/boards/XilinxBoardStore/boards/Xilinx/vcu128/production/1.0/board.xml as part xcvu37p-fsvh2892-2l-e specified in board_part file is either invalid or not available
WARNING: [Board 49-26] cannot add Board Part xilinx.com:vcu129:part0:1.0 available at /tools/Xilinx/Vivado/2024.1/data/xhub/boards/XilinxBoardStore/boards/Xilinx/vcu129/production/1.0/board.xml as part xcvu29p-fsga2577-2l-e specified in board_part file is either invalid or not available
WARNING: [Board 49-26] cannot add Board Part xilinx.com:vcu1525:part0:1.3 available at /tools/Xilinx/Vivado/2024.1/data/xhub/boards/XilinxBoardStore/boards/Xilinx/vcu1525/1.3/board.xml as part xcvu9p-fsgd2104-2l-e specified in board_part file is either invalid or not available
WARNING: [Board 49-26] cannot add Board Part xilinx.com:vek280:part0:1.0 available at /tools/Xilinx/Vivado/2024.1/data/xhub/boards/XilinxBoardStore/boards/Xilinx/vek280/production/1.0/board.xml as part xcve2802-vsvh1760-2mp-e-s specified in board_part file is either invalid or not available
WARNING: [Board 49-26] cannot add Board Part xilinx.com:vek280:part0:1.1 available at /tools/Xilinx/Vivado/2024.1/data/xhub/boards/XilinxBoardStore/boards/Xilinx/vek280/production/1.1/board.xml as part xcve2802-vsvh1760-2mp-e-s specified in board_part file is either invalid or not available
WARNING: [Board 49-26] cannot add Board Part xilinx.com:vek280:part0:1.2 available at /tools/Xilinx/Vivado/2024.1/data/xhub/boards/XilinxBoardStore/boards/Xilinx/vek280/production/1.2/board.xml as part xcve2802-vsvh1760-2mp-e-s specified in board_part file is either invalid or not available
WARNING: [Board 49-26] cannot add Board Part xilinx.com:vek280_es:part0:1.0 available at /tools/Xilinx/Vivado/2024.1/data/xhub/boards/XilinxBoardStore/boards/Xilinx/vek280/es/rev_a/1.0/board.xml as part xcve2802-vsvh1760-2lp-e-s-es1 specified in board_part file is either invalid or not available
WARNING: [Board 49-26] cannot add Board Part xilinx.com:vek280_es:part0:1.1 available at /tools/Xilinx/Vivado/2024.1/data/xhub/boards/XilinxBoardStore/boards/Xilinx/vek280/es/rev_a/1.1/board.xml as part xcve2802-vsvh1760-2lp-e-s-es1 specified in board_part file is either invalid or not available
WARNING: [Board 49-26] cannot add Board Part xilinx.com:vek280_es_revb:part0:1.0 available at /tools/Xilinx/Vivado/2024.1/data/xhub/boards/XilinxBoardStore/boards/Xilinx/vek280/es/rev_b/1.0/board.xml as part xcve2802-vsvh1760-2mp-e-s-es1 specified in board_part file is either invalid or not available
WARNING: [Board 49-26] cannot add Board Part xilinx.com:vek280_es_revb:part0:1.1 available at /tools/Xilinx/Vivado/2024.1/data/xhub/boards/XilinxBoardStore/boards/Xilinx/vek280/es/rev_b/1.1/board.xml as part xcve2802-vsvh1760-2mp-e-s-es1 specified in board_part file is either invalid or not available
WARNING: [Board 49-26] cannot add Board Part xilinx.com:vermeo_t1_mpsoc:part0:1.0 available at /tools/Xilinx/Vivado/2024.1/data/xhub/boards/XilinxBoardStore/boards/Xilinx/vermeo_t1_mpsoc/1.0/board.xml as part xczu19eg-ffvd1760-2l-e specified in board_part file is either invalid or not available
WARNING: [Board 49-26] cannot add Board Part xilinx.com:vermeo_t1_rfsoc:part0:1.0 available at /tools/Xilinx/Vivado/2024.1/data/xhub/boards/XilinxBoardStore/boards/Xilinx/vermeo_t1_rfsoc/1.0/board.xml as part xczu21dr-ffvd1156-2l-e specified in board_part file is either invalid or not available
WARNING: [Board 49-26] cannot add Board Part xilinx.com:vhk158:part0:1.0 available at /tools/Xilinx/Vivado/2024.1/data/xhub/boards/XilinxBoardStore/boards/Xilinx/vhk158/production/1.0/board.xml as part xcvh1582-vsva3697-2mp-e-s specified in board_part file is either invalid or not available
WARNING: [Board 49-26] cannot add Board Part xilinx.com:vhk158:part0:1.1 available at /tools/Xilinx/Vivado/2024.1/data/xhub/boards/XilinxBoardStore/boards/Xilinx/vhk158/production/1.1/board.xml as part xcvh1582-vsva3697-2mp-e-s specified in board_part file is either invalid or not available
WARNING: [Board 49-26] cannot add Board Part xilinx.com:vhk158_es:part0:1.0 available at /tools/Xilinx/Vivado/2024.1/data/xhub/boards/XilinxBoardStore/boards/Xilinx/vhk158/es/1.0/board.xml as part xcvh1582-vsva3697-2mp-e-s-es1 specified in board_part file is either invalid or not available
WARNING: [Board 49-26] cannot add Board Part xilinx.com:vhk158_es:part0:1.1 available at /tools/Xilinx/Vivado/2024.1/data/xhub/boards/XilinxBoardStore/boards/Xilinx/vhk158/es/1.1/board.xml as part xcvh1582-vsva3697-2mp-e-s-es1 specified in board_part file is either invalid or not available
WARNING: [Board 49-26] cannot add Board Part xilinx.com:vmk180:part0:2.2 available at /tools/Xilinx/Vivado/2024.1/data/xhub/boards/XilinxBoardStore/boards/Xilinx/vmk180/production/2.2/board.xml as part xcvm1802-vsva2197-2mp-e-s specified in board_part file is either invalid or not available
WARNING: [Board 49-26] cannot add Board Part xilinx.com:vmk180:part0:3.0 available at /tools/Xilinx/Vivado/2024.1/data/xhub/boards/XilinxBoardStore/boards/Xilinx/vmk180/production/3.0/board.xml as part xcvm1802-vsva2197-2mp-e-s specified in board_part file is either invalid or not available
WARNING: [Board 49-26] cannot add Board Part xilinx.com:vmk180:part0:3.1 available at /tools/Xilinx/Vivado/2024.1/data/xhub/boards/XilinxBoardStore/boards/Xilinx/vmk180/production/3.1/board.xml as part xcvm1802-vsva2197-2mp-e-s specified in board_part file is either invalid or not available
WARNING: [Board 49-26] cannot add Board Part xilinx.com:vmk180:part0:3.2 available at /tools/Xilinx/Vivado/2024.1/data/xhub/boards/XilinxBoardStore/boards/Xilinx/vmk180/production/3.2/board.xml as part xcvm1802-vsva2197-2mp-e-s specified in board_part file is either invalid or not available
WARNING: [Board 49-26] cannot add Board Part xilinx.com:vmk180_newl:part0:1.0 available at /tools/Xilinx/Vivado/2024.1/data/xhub/boards/XilinxBoardStore/boards/Xilinx/vmk180_newl/production/1.0/board.xml as part xcvm1802-vsva2197-2mp-e-s specified in board_part file is either invalid or not available
WARNING: [Board 49-26] cannot add Board Part xilinx.com:vmk180_newl:part0:1.1 available at /tools/Xilinx/Vivado/2024.1/data/xhub/boards/XilinxBoardStore/boards/Xilinx/vmk180_newl/production/1.1/board.xml as part xcvm1802-vsva2197-2mp-e-s specified in board_part file is either invalid or not available
WARNING: [Board 49-26] cannot add Board Part xilinx.com:vpk120:part0:1.0 available at /tools/Xilinx/Vivado/2024.1/data/xhub/boards/XilinxBoardStore/boards/Xilinx/vpk120/production/1.0/board.xml as part xcvp1202-vsva2785-2mp-e-s specified in board_part file is either invalid or not available
WARNING: [Board 49-26] cannot add Board Part xilinx.com:vpk120:part0:1.1 available at /tools/Xilinx/Vivado/2024.1/data/xhub/boards/XilinxBoardStore/boards/Xilinx/vpk120/production/1.1/board.xml as part xcvp1202-vsva2785-2mp-e-s specified in board_part file is either invalid or not available
WARNING: [Board 49-26] cannot add Board Part xilinx.com:vpk120:part0:1.2 available at /tools/Xilinx/Vivado/2024.1/data/xhub/boards/XilinxBoardStore/boards/Xilinx/vpk120/production/1.2/board.xml as part xcvp1202-vsva2785-2mp-e-s specified in board_part file is either invalid or not available
WARNING: [Board 49-26] cannot add Board Part xilinx.com:vpk180:part0:1.0 available at /tools/Xilinx/Vivado/2024.1/data/xhub/boards/XilinxBoardStore/boards/Xilinx/vpk180/production/1.0/board.xml as part xcvp1802-lsvc4072-2mp-e-s specified in board_part file is either invalid or not available
WARNING: [Board 49-26] cannot add Board Part xilinx.com:vpk180:part0:1.1 available at /tools/Xilinx/Vivado/2024.1/data/xhub/boards/XilinxBoardStore/boards/Xilinx/vpk180/production/1.1/board.xml as part xcvp1802-lsvc4072-2mp-e-s specified in board_part file is either invalid or not available
WARNING: [Board 49-26] cannot add Board Part xilinx.com:vpk180:part0:1.2 available at /tools/Xilinx/Vivado/2024.1/data/xhub/boards/XilinxBoardStore/boards/Xilinx/vpk180/production/1.2/board.xml as part xcvp1802-lsvc4072-2mp-e-s specified in board_part file is either invalid or not available
WARNING: [Board 49-26] cannot add Board Part xilinx.com:zc706:part0:1.4 available at /tools/Xilinx/Vivado/2024.1/data/xhub/boards/XilinxBoardStore/boards/Xilinx/zc706/1.4/board.xml as part xc7z045ffg900-2 specified in board_part file is either invalid or not available
WARNING: [Board 49-26] cannot add Board Part xilinx.com:zcu102:part0:3.3 available at /tools/Xilinx/Vivado/2024.1/data/xhub/boards/XilinxBoardStore/boards/Xilinx/zcu102/3.3/board.xml as part xczu9eg-ffvb1156-2-e specified in board_part file is either invalid or not available
WARNING: [Board 49-26] cannot add Board Part xilinx.com:zcu102:part0:3.4 available at /tools/Xilinx/Vivado/2024.1/data/xhub/boards/XilinxBoardStore/boards/Xilinx/zcu102/3.4/board.xml as part xczu9eg-ffvb1156-2-e specified in board_part file is either invalid or not available
WARNING: [Board 49-26] cannot add Board Part xilinx.com:zcu111:part0:1.2 available at /tools/Xilinx/Vivado/2024.1/data/xhub/boards/XilinxBoardStore/boards/Xilinx/zcu111/1.2/board.xml as part xczu28dr-ffvg1517-2-e specified in board_part file is either invalid or not available
WARNING: [Board 49-26] cannot add Board Part xilinx.com:zcu111:part0:1.3 available at /tools/Xilinx/Vivado/2024.1/data/xhub/boards/XilinxBoardStore/boards/Xilinx/zcu111/1.3/board.xml as part xczu28dr-ffvg1517-2-e specified in board_part file is either invalid or not available
WARNING: [Board 49-26] cannot add Board Part xilinx.com:zcu111:part0:1.4 available at /tools/Xilinx/Vivado/2024.1/data/xhub/boards/XilinxBoardStore/boards/Xilinx/zcu111/1.4/board.xml as part xczu28dr-ffvg1517-2-e specified in board_part file is either invalid or not available
WARNING: [Board 49-26] cannot add Board Part xilinx.com:zcu1275:part0:1.0 available at /tools/Xilinx/Vivado/2024.1/data/xhub/boards/XilinxBoardStore/boards/Xilinx/zcu1275/1.0/board.xml as part xczu29dr-ffvf1760-2-e specified in board_part file is either invalid or not available
WARNING: [Board 49-26] cannot add Board Part xilinx.com:zcu1285:part0:1.0 available at /tools/Xilinx/Vivado/2024.1/data/xhub/boards/XilinxBoardStore/boards/Xilinx/zcu1285/1.0/board.xml as part xczu39dr-ffvf1760-2-i specified in board_part file is either invalid or not available
WARNING: [Board 49-26] cannot add Board Part xilinx.com:zcu208:part0:2.0 available at /tools/Xilinx/Vivado/2024.1/data/xhub/boards/XilinxBoardStore/boards/Xilinx/zcu208/production/2.0/board.xml as part xczu48dr-fsvg1517-2-e specified in board_part file is either invalid or not available
WARNING: [Board 49-26] cannot add Board Part xilinx.com:zcu208ld:part0:2.0 available at /tools/Xilinx/Vivado/2024.1/data/xhub/boards/XilinxBoardStore/boards/Xilinx/zcu208ld/production/2.0/board.xml as part xczu58dr-fsvg1517-2-i specified in board_part file is either invalid or not available
WARNING: [Board 49-26] cannot add Board Part xilinx.com:zcu216:part0:2.0 available at /tools/Xilinx/Vivado/2024.1/data/xhub/boards/XilinxBoardStore/boards/Xilinx/zcu216/production/2.0/board.xml as part xczu49dr-ffvf1760-2-e specified in board_part file is either invalid or not available
WARNING: [Board 49-26] cannot add Board Part xilinx.com:zcu216ld:part0:2.0 available at /tools/Xilinx/Vivado/2024.1/data/xhub/boards/XilinxBoardStore/boards/Xilinx/zcu216ld/production/2.0/board.xml as part xczu59dr-ffvf1760-2-i specified in board_part file is either invalid or not available
WARNING: [Board 49-26] cannot add Board Part xilinx.com:zcu670:part0:2.0 available at /tools/Xilinx/Vivado/2024.1/data/xhub/boards/XilinxBoardStore/boards/Xilinx/zcu670/2.0/board.xml as part xczu67dr-fsve1156-2-i specified in board_part file is either invalid or not available
WARNING: [Board 49-26] cannot add Board Part xilinx.com:zcu670ld:part0:1.0 available at /tools/Xilinx/Vivado/2024.1/data/xhub/boards/XilinxBoardStore/boards/Xilinx/zcu670ld/1.0/board.xml as part xczu57dr-fsve1156-2-i specified in board_part file is either invalid or not available
open_project /home/wu/__PYNQ__/boards/Pynq-Z2/base/base/base.xpr
Scanning sources...
Finished scanning sources
INFO: [IP_Flow 19-234] Refreshing IP repositories
INFO: [IP_Flow 19-1700] Loaded user IP repository '/home/wu/__PYNQ__/boards/ip'.
INFO: [IP_Flow 19-2313] Loaded Vivado IP repository '/tools/Xilinx/Vivado/2024.1/data/ip'.
WARNING: [IP_Flow 19-3664] IP 'base_clk_wiz_10MHz_0' generated file not found '/home/wu/__PYNQ__/boards/Pynq-Z2/base/base/base.gen/sources_1/bd/base/ip/base_clk_wiz_10MHz_0/base_clk_wiz_10MHz_0.dcp'. Please regenerate to continue.
WARNING: [IP_Flow 19-3664] IP 'base_clk_wiz_10MHz_0' generated file not found '/home/wu/__PYNQ__/boards/Pynq-Z2/base/base/base.gen/sources_1/bd/base/ip/base_clk_wiz_10MHz_0/base_clk_wiz_10MHz_0_stub.v'. Please regenerate to continue.
WARNING: [IP_Flow 19-3664] IP 'base_clk_wiz_10MHz_0' generated file not found '/home/wu/__PYNQ__/boards/Pynq-Z2/base/base/base.gen/sources_1/bd/base/ip/base_clk_wiz_10MHz_0/base_clk_wiz_10MHz_0_stub.vhdl'. Please regenerate to continue.
WARNING: [IP_Flow 19-3664] IP 'base_clk_wiz_10MHz_0' generated file not found '/home/wu/__PYNQ__/boards/Pynq-Z2/base/base/base.gen/sources_1/bd/base/ip/base_clk_wiz_10MHz_0/base_clk_wiz_10MHz_0_sim_netlist.v'. Please regenerate to continue.
WARNING: [IP_Flow 19-3664] IP 'base_clk_wiz_10MHz_0' generated file not found '/home/wu/__PYNQ__/boards/Pynq-Z2/base/base/base.gen/sources_1/bd/base/ip/base_clk_wiz_10MHz_0/base_clk_wiz_10MHz_0_sim_netlist.vhdl'. Please regenerate to continue.
WARNING: [IP_Flow 19-3664] IP 'base_ps7_0_0' generated file not found '/home/wu/__PYNQ__/boards/Pynq-Z2/base/base/base.gen/sources_1/bd/base/ip/base_ps7_0_0/base_ps7_0_0.dcp'. Please regenerate to continue.
WARNING: [IP_Flow 19-3664] IP 'base_ps7_0_0' generated file not found '/home/wu/__PYNQ__/boards/Pynq-Z2/base/base/base.gen/sources_1/bd/base/ip/base_ps7_0_0/base_ps7_0_0_stub.v'. Please regenerate to continue.
WARNING: [IP_Flow 19-3664] IP 'base_ps7_0_0' generated file not found '/home/wu/__PYNQ__/boards/Pynq-Z2/base/base/base.gen/sources_1/bd/base/ip/base_ps7_0_0/base_ps7_0_0_stub.vhdl'. Please regenerate to continue.
WARNING: [IP_Flow 19-3664] IP 'base_ps7_0_0' generated file not found '/home/wu/__PYNQ__/boards/Pynq-Z2/base/base/base.gen/sources_1/bd/base/ip/base_ps7_0_0/base_ps7_0_0_sim_netlist.v'. Please regenerate to continue.
WARNING: [IP_Flow 19-3664] IP 'base_ps7_0_0' generated file not found '/home/wu/__PYNQ__/boards/Pynq-Z2/base/base/base.gen/sources_1/bd/base/ip/base_ps7_0_0/base_ps7_0_0_sim_netlist.vhdl'. Please regenerate to continue.
WARNING: [IP_Flow 19-3664] IP 'base_xbar_6' generated file not found '/home/wu/__PYNQ__/boards/Pynq-Z2/base/base/base.gen/sources_1/bd/base/ip/base_xbar_6/base_xbar_6.dcp'. Please regenerate to continue.
WARNING: [IP_Flow 19-3664] IP 'base_xbar_6' generated file not found '/home/wu/__PYNQ__/boards/Pynq-Z2/base/base/base.gen/sources_1/bd/base/ip/base_xbar_6/base_xbar_6_stub.v'. Please regenerate to continue.
WARNING: [IP_Flow 19-3664] IP 'base_xbar_6' generated file not found '/home/wu/__PYNQ__/boards/Pynq-Z2/base/base/base.gen/sources_1/bd/base/ip/base_xbar_6/base_xbar_6_stub.vhdl'. Please regenerate to continue.
WARNING: [IP_Flow 19-3664] IP 'base_xbar_6' generated file not found '/home/wu/__PYNQ__/boards/Pynq-Z2/base/base/base.gen/sources_1/bd/base/ip/base_xbar_6/base_xbar_6_sim_netlist.v'. Please regenerate to continue.
WARNING: [IP_Flow 19-3664] IP 'base_xbar_6' generated file not found '/home/wu/__PYNQ__/boards/Pynq-Z2/base/base/base.gen/sources_1/bd/base/ip/base_xbar_6/base_xbar_6_sim_netlist.vhdl'. Please regenerate to continue.
WARNING: [IP_Flow 19-3664] IP 'base_s00_regslice_14' generated file not found '/home/wu/__PYNQ__/boards/Pynq-Z2/base/base/base.gen/sources_1/bd/base/ip/base_s00_regslice_14/base_s00_regslice_14.dcp'. Please regenerate to continue.
WARNING: [IP_Flow 19-3664] IP 'base_s00_regslice_14' generated file not found '/home/wu/__PYNQ__/boards/Pynq-Z2/base/base/base.gen/sources_1/bd/base/ip/base_s00_regslice_14/base_s00_regslice_14_stub.v'. Please regenerate to continue.
WARNING: [IP_Flow 19-3664] IP 'base_s00_regslice_14' generated file not found '/home/wu/__PYNQ__/boards/Pynq-Z2/base/base/base.gen/sources_1/bd/base/ip/base_s00_regslice_14/base_s00_regslice_14_stub.vhdl'. Please regenerate to continue.
WARNING: [IP_Flow 19-3664] IP 'base_s00_regslice_14' generated file not found '/home/wu/__PYNQ__/boards/Pynq-Z2/base/base/base.gen/sources_1/bd/base/ip/base_s00_regslice_14/base_s00_regslice_14_sim_netlist.v'. Please regenerate to continue.
WARNING: [IP_Flow 19-3664] IP 'base_s00_regslice_14' generated file not found '/home/wu/__PYNQ__/boards/Pynq-Z2/base/base/base.gen/sources_1/bd/base/ip/base_s00_regslice_14/base_s00_regslice_14_sim_netlist.vhdl'. Please regenerate to continue.
WARNING: [IP_Flow 19-3664] IP 'base_auto_pc_11' generated file not found '/home/wu/__PYNQ__/boards/Pynq-Z2/base/base/base.gen/sources_1/bd/base/ip/base_auto_pc_11/base_auto_pc_11.dcp'. Please regenerate to continue.
WARNING: [IP_Flow 19-3664] IP 'base_auto_pc_11' generated file not found '/home/wu/__PYNQ__/boards/Pynq-Z2/base/base/base.gen/sources_1/bd/base/ip/base_auto_pc_11/base_auto_pc_11_stub.v'. Please regenerate to continue.
WARNING: [IP_Flow 19-3664] IP 'base_auto_pc_11' generated file not found '/home/wu/__PYNQ__/boards/Pynq-Z2/base/base/base.gen/sources_1/bd/base/ip/base_auto_pc_11/base_auto_pc_11_stub.vhdl'. Please regenerate to continue.
WARNING: [IP_Flow 19-3664] IP 'base_auto_pc_11' generated file not found '/home/wu/__PYNQ__/boards/Pynq-Z2/base/base/base.gen/sources_1/bd/base/ip/base_auto_pc_11/base_auto_pc_11_sim_netlist.v'. Please regenerate to continue.
WARNING: [IP_Flow 19-3664] IP 'base_auto_pc_11' generated file not found '/home/wu/__PYNQ__/boards/Pynq-Z2/base/base/base.gen/sources_1/bd/base/ip/base_auto_pc_11/base_auto_pc_11_sim_netlist.vhdl'. Please regenerate to continue.
WARNING: [IP_Flow 19-3664] IP 'base_m00_regslice_14' generated file not found '/home/wu/__PYNQ__/boards/Pynq-Z2/base/base/base.gen/sources_1/bd/base/ip/base_m00_regslice_14/base_m00_regslice_14.dcp'. Please regenerate to continue.
WARNING: [IP_Flow 19-3664] IP 'base_m00_regslice_14' generated file not found '/home/wu/__PYNQ__/boards/Pynq-Z2/base/base/base.gen/sources_1/bd/base/ip/base_m00_regslice_14/base_m00_regslice_14_stub.v'. Please regenerate to continue.
WARNING: [IP_Flow 19-3664] IP 'base_m00_regslice_14' generated file not found '/home/wu/__PYNQ__/boards/Pynq-Z2/base/base/base.gen/sources_1/bd/base/ip/base_m00_regslice_14/base_m00_regslice_14_stub.vhdl'. Please regenerate to continue.
WARNING: [IP_Flow 19-3664] IP 'base_m00_regslice_14' generated file not found '/home/wu/__PYNQ__/boards/Pynq-Z2/base/base/base.gen/sources_1/bd/base/ip/base_m00_regslice_14/base_m00_regslice_14_sim_netlist.v'. Please regenerate to continue.
WARNING: [IP_Flow 19-3664] IP 'base_m00_regslice_14' generated file not found '/home/wu/__PYNQ__/boards/Pynq-Z2/base/base/base.gen/sources_1/bd/base/ip/base_m00_regslice_14/base_m00_regslice_14_sim_netlist.vhdl'. Please regenerate to continue.
WARNING: [IP_Flow 19-3664] IP 'base_auto_pc_10' generated file not found '/home/wu/__PYNQ__/boards/Pynq-Z2/base/base/base.gen/sources_1/bd/base/ip/base_auto_pc_10/base_auto_pc_10.dcp'. Please regenerate to continue.
WARNING: [IP_Flow 19-3664] IP 'base_auto_pc_10' generated file not found '/home/wu/__PYNQ__/boards/Pynq-Z2/base/base/base.gen/sources_1/bd/base/ip/base_auto_pc_10/base_auto_pc_10_stub.v'. Please regenerate to continue.
WARNING: [IP_Flow 19-3664] IP 'base_auto_pc_10' generated file not found '/home/wu/__PYNQ__/boards/Pynq-Z2/base/base/base.gen/sources_1/bd/base/ip/base_auto_pc_10/base_auto_pc_10_stub.vhdl'. Please regenerate to continue.
WARNING: [IP_Flow 19-3664] IP 'base_auto_pc_10' generated file not found '/home/wu/__PYNQ__/boards/Pynq-Z2/base/base/base.gen/sources_1/bd/base/ip/base_auto_pc_10/base_auto_pc_10_sim_netlist.v'. Please regenerate to continue.
WARNING: [IP_Flow 19-3664] IP 'base_auto_pc_10' generated file not found '/home/wu/__PYNQ__/boards/Pynq-Z2/base/base/base.gen/sources_1/bd/base/ip/base_auto_pc_10/base_auto_pc_10_sim_netlist.vhdl'. Please regenerate to continue.
WARNING: [IP_Flow 19-3664] IP 'base_m01_regslice_14' generated file not found '/home/wu/__PYNQ__/boards/Pynq-Z2/base/base/base.gen/sources_1/bd/base/ip/base_m01_regslice_14/base_m01_regslice_14.dcp'. Please regenerate to continue.
WARNING: [IP_Flow 19-3664] IP 'base_m01_regslice_14' generated file not found '/home/wu/__PYNQ__/boards/Pynq-Z2/base/base/base.gen/sources_1/bd/base/ip/base_m01_regslice_14/base_m01_regslice_14_stub.v'. Please regenerate to continue.
WARNING: [IP_Flow 19-3664] IP 'base_m01_regslice_14' generated file not found '/home/wu/__PYNQ__/boards/Pynq-Z2/base/base/base.gen/sources_1/bd/base/ip/base_m01_regslice_14/base_m01_regslice_14_stub.vhdl'. Please regenerate to continue.
WARNING: [IP_Flow 19-3664] IP 'base_m01_regslice_14' generated file not found '/home/wu/__PYNQ__/boards/Pynq-Z2/base/base/base.gen/sources_1/bd/base/ip/base_m01_regslice_14/base_m01_regslice_14_sim_netlist.v'. Please regenerate to continue.
WARNING: [IP_Flow 19-3664] IP 'base_m01_regslice_14' generated file not found '/home/wu/__PYNQ__/boards/Pynq-Z2/base/base/base.gen/sources_1/bd/base/ip/base_m01_regslice_14/base_m01_regslice_14_sim_netlist.vhdl'. Please regenerate to continue.
WARNING: [IP_Flow 19-3664] IP 'base_rst_ps7_0_fclk0_0' generated file not found '/home/wu/__PYNQ__/boards/Pynq-Z2/base/base/base.gen/sources_1/bd/base/ip/base_rst_ps7_0_fclk0_0/base_rst_ps7_0_fclk0_0.dcp'. Please regenerate to continue.
WARNING: [IP_Flow 19-3664] IP 'base_rst_ps7_0_fclk0_0' generated file not found '/home/wu/__PYNQ__/boards/Pynq-Z2/base/base/base.gen/sources_1/bd/base/ip/base_rst_ps7_0_fclk0_0/base_rst_ps7_0_fclk0_0_stub.v'. Please regenerate to continue.
WARNING: [IP_Flow 19-3664] IP 'base_rst_ps7_0_fclk0_0' generated file not found '/home/wu/__PYNQ__/boards/Pynq-Z2/base/base/base.gen/sources_1/bd/base/ip/base_rst_ps7_0_fclk0_0/base_rst_ps7_0_fclk0_0_stub.vhdl'. Please regenerate to continue.
WARNING: [IP_Flow 19-3664] IP 'base_rst_ps7_0_fclk0_0' generated file not found '/home/wu/__PYNQ__/boards/Pynq-Z2/base/base/base.gen/sources_1/bd/base/ip/base_rst_ps7_0_fclk0_0/base_rst_ps7_0_fclk0_0_sim_netlist.v'. Please regenerate to continue.
WARNING: [IP_Flow 19-3664] IP 'base_rst_ps7_0_fclk0_0' generated file not found '/home/wu/__PYNQ__/boards/Pynq-Z2/base/base/base.gen/sources_1/bd/base/ip/base_rst_ps7_0_fclk0_0/base_rst_ps7_0_fclk0_0_sim_netlist.vhdl'. Please regenerate to continue.
WARNING: [IP_Flow 19-3664] IP 'base_rst_ps7_0_fclk1_0' generated file not found '/home/wu/__PYNQ__/boards/Pynq-Z2/base/base/base.gen/sources_1/bd/base/ip/base_rst_ps7_0_fclk1_0/base_rst_ps7_0_fclk1_0.dcp'. Please regenerate to continue.
WARNING: [IP_Flow 19-3664] IP 'base_rst_ps7_0_fclk1_0' generated file not found '/home/wu/__PYNQ__/boards/Pynq-Z2/base/base/base.gen/sources_1/bd/base/ip/base_rst_ps7_0_fclk1_0/base_rst_ps7_0_fclk1_0_stub.v'. Please regenerate to continue.
WARNING: [IP_Flow 19-3664] IP 'base_rst_ps7_0_fclk1_0' generated file not found '/home/wu/__PYNQ__/boards/Pynq-Z2/base/base/base.gen/sources_1/bd/base/ip/base_rst_ps7_0_fclk1_0/base_rst_ps7_0_fclk1_0_stub.vhdl'. Please regenerate to continue.
WARNING: [IP_Flow 19-3664] IP 'base_rst_ps7_0_fclk1_0' generated file not found '/home/wu/__PYNQ__/boards/Pynq-Z2/base/base/base.gen/sources_1/bd/base/ip/base_rst_ps7_0_fclk1_0/base_rst_ps7_0_fclk1_0_sim_netlist.v'. Please regenerate to continue.
WARNING: [IP_Flow 19-3664] IP 'base_rst_ps7_0_fclk1_0' generated file not found '/home/wu/__PYNQ__/boards/Pynq-Z2/base/base/base.gen/sources_1/bd/base/ip/base_rst_ps7_0_fclk1_0/base_rst_ps7_0_fclk1_0_sim_netlist.vhdl'. Please regenerate to continue.
WARNING: [IP_Flow 19-3664] IP 'base_system_interrupts_0' generated file not found '/home/wu/__PYNQ__/boards/Pynq-Z2/base/base/base.gen/sources_1/bd/base/ip/base_system_interrupts_0/base_system_interrupts_0.dcp'. Please regenerate to continue.
WARNING: [IP_Flow 19-3664] IP 'base_system_interrupts_0' generated file not found '/home/wu/__PYNQ__/boards/Pynq-Z2/base/base/base.gen/sources_1/bd/base/ip/base_system_interrupts_0/base_system_interrupts_0_stub.v'. Please regenerate to continue.
WARNING: [IP_Flow 19-3664] IP 'base_system_interrupts_0' generated file not found '/home/wu/__PYNQ__/boards/Pynq-Z2/base/base/base.gen/sources_1/bd/base/ip/base_system_interrupts_0/base_system_interrupts_0_stub.vhdl'. Please regenerate to continue.
WARNING: [IP_Flow 19-3664] IP 'base_system_interrupts_0' generated file not found '/home/wu/__PYNQ__/boards/Pynq-Z2/base/base/base.gen/sources_1/bd/base/ip/base_system_interrupts_0/base_system_interrupts_0_sim_netlist.v'. Please regenerate to continue.
WARNING: [IP_Flow 19-3664] IP 'base_system_interrupts_0' generated file not found '/home/wu/__PYNQ__/boards/Pynq-Z2/base/base/base.gen/sources_1/bd/base/ip/base_system_interrupts_0/base_system_interrupts_0_sim_netlist.vhdl'. Please regenerate to continue.
WARNING: [IP_Flow 19-3664] IP 'base_xbar_9' generated file not found '/home/wu/__PYNQ__/boards/Pynq-Z2/base/base/base.gen/sources_1/bd/base/ip/base_xbar_9/base_xbar_9.dcp'. Please regenerate to continue.
WARNING: [IP_Flow 19-3664] IP 'base_xbar_9' generated file not found '/home/wu/__PYNQ__/boards/Pynq-Z2/base/base/base.gen/sources_1/bd/base/ip/base_xbar_9/base_xbar_9_stub.v'. Please regenerate to continue.
WARNING: [IP_Flow 19-3664] IP 'base_xbar_9' generated file not found '/home/wu/__PYNQ__/boards/Pynq-Z2/base/base/base.gen/sources_1/bd/base/ip/base_xbar_9/base_xbar_9_stub.vhdl'. Please regenerate to continue.
WARNING: [IP_Flow 19-3664] IP 'base_xbar_9' generated file not found '/home/wu/__PYNQ__/boards/Pynq-Z2/base/base/base.gen/sources_1/bd/base/ip/base_xbar_9/base_xbar_9_sim_netlist.v'. Please regenerate to continue.
WARNING: [IP_Flow 19-3664] IP 'base_xbar_9' generated file not found '/home/wu/__PYNQ__/boards/Pynq-Z2/base/base/base.gen/sources_1/bd/base/ip/base_xbar_9/base_xbar_9_sim_netlist.vhdl'. Please regenerate to continue.
WARNING: [IP_Flow 19-3664] IP 'base_s00_regslice_15' generated file not found '/home/wu/__PYNQ__/boards/Pynq-Z2/base/base/base.gen/sources_1/bd/base/ip/base_s00_regslice_15/base_s00_regslice_15.dcp'. Please regenerate to continue.
WARNING: [IP_Flow 19-3664] IP 'base_s00_regslice_15' generated file not found '/home/wu/__PYNQ__/boards/Pynq-Z2/base/base/base.gen/sources_1/bd/base/ip/base_s00_regslice_15/base_s00_regslice_15_stub.v'. Please regenerate to continue.
WARNING: [IP_Flow 19-3664] IP 'base_s00_regslice_15' generated file not found '/home/wu/__PYNQ__/boards/Pynq-Z2/base/base/base.gen/sources_1/bd/base/ip/base_s00_regslice_15/base_s00_regslice_15_stub.vhdl'. Please regenerate to continue.
WARNING: [IP_Flow 19-3664] IP 'base_s00_regslice_15' generated file not found '/home/wu/__PYNQ__/boards/Pynq-Z2/base/base/base.gen/sources_1/bd/base/ip/base_s00_regslice_15/base_s00_regslice_15_sim_netlist.v'. Please regenerate to continue.
WARNING: [IP_Flow 19-3664] IP 'base_s00_regslice_15' generated file not found '/home/wu/__PYNQ__/boards/Pynq-Z2/base/base/base.gen/sources_1/bd/base/ip/base_s00_regslice_15/base_s00_regslice_15_sim_netlist.vhdl'. Please regenerate to continue.
WARNING: [IP_Flow 19-3664] IP 'base_auto_pc_12' generated file not found '/home/wu/__PYNQ__/boards/Pynq-Z2/base/base/base.gen/sources_1/bd/base/ip/base_auto_pc_12/base_auto_pc_12.dcp'. Please regenerate to continue.
WARNING: [IP_Flow 19-3664] IP 'base_auto_pc_12' generated file not found '/home/wu/__PYNQ__/boards/Pynq-Z2/base/base/base.gen/sources_1/bd/base/ip/base_auto_pc_12/base_auto_pc_12_stub.v'. Please regenerate to continue.
WARNING: [IP_Flow 19-3664] IP 'base_auto_pc_12' generated file not found '/home/wu/__PYNQ__/boards/Pynq-Z2/base/base/base.gen/sources_1/bd/base/ip/base_auto_pc_12/base_auto_pc_12_stub.vhdl'. Please regenerate to continue.
WARNING: [IP_Flow 19-3664] IP 'base_auto_pc_12' generated file not found '/home/wu/__PYNQ__/boards/Pynq-Z2/base/base/base.gen/sources_1/bd/base/ip/base_auto_pc_12/base_auto_pc_12_sim_netlist.v'. Please regenerate to continue.
WARNING: [IP_Flow 19-3664] IP 'base_auto_pc_12' generated file not found '/home/wu/__PYNQ__/boards/Pynq-Z2/base/base/base.gen/sources_1/bd/base/ip/base_auto_pc_12/base_auto_pc_12_sim_netlist.vhdl'. Please regenerate to continue.
WARNING: [IP_Flow 19-3664] IP 'base_m00_regslice_15' generated file not found '/home/wu/__PYNQ__/boards/Pynq-Z2/base/base/base.gen/sources_1/bd/base/ip/base_m00_regslice_15/base_m00_regslice_15.dcp'. Please regenerate to continue.
WARNING: [IP_Flow 19-3664] IP 'base_m00_regslice_15' generated file not found '/home/wu/__PYNQ__/boards/Pynq-Z2/base/base/base.gen/sources_1/bd/base/ip/base_m00_regslice_15/base_m00_regslice_15_stub.v'. Please regenerate to continue.
WARNING: [IP_Flow 19-3664] IP 'base_m00_regslice_15' generated file not found '/home/wu/__PYNQ__/boards/Pynq-Z2/base/base/base.gen/sources_1/bd/base/ip/base_m00_regslice_15/base_m00_regslice_15_stub.vhdl'. Please regenerate to continue.
WARNING: [IP_Flow 19-3664] IP 'base_m00_regslice_15' generated file not found '/home/wu/__PYNQ__/boards/Pynq-Z2/base/base/base.gen/sources_1/bd/base/ip/base_m00_regslice_15/base_m00_regslice_15_sim_netlist.v'. Please regenerate to continue.
WARNING: [IP_Flow 19-3664] IP 'base_m00_regslice_15' generated file not found '/home/wu/__PYNQ__/boards/Pynq-Z2/base/base/base.gen/sources_1/bd/base/ip/base_m00_regslice_15/base_m00_regslice_15_sim_netlist.vhdl'. Please regenerate to continue.
WARNING: [IP_Flow 19-3664] IP 'base_m01_regslice_15' generated file not found '/home/wu/__PYNQ__/boards/Pynq-Z2/base/base/base.gen/sources_1/bd/base/ip/base_m01_regslice_15/base_m01_regslice_15.dcp'. Please regenerate to continue.
WARNING: [IP_Flow 19-3664] IP 'base_m01_regslice_15' generated file not found '/home/wu/__PYNQ__/boards/Pynq-Z2/base/base/base.gen/sources_1/bd/base/ip/base_m01_regslice_15/base_m01_regslice_15_stub.v'. Please regenerate to continue.
WARNING: [IP_Flow 19-3664] IP 'base_m01_regslice_15' generated file not found '/home/wu/__PYNQ__/boards/Pynq-Z2/base/base/base.gen/sources_1/bd/base/ip/base_m01_regslice_15/base_m01_regslice_15_stub.vhdl'. Please regenerate to continue.
WARNING: [IP_Flow 19-3664] IP 'base_m01_regslice_15' generated file not found '/home/wu/__PYNQ__/boards/Pynq-Z2/base/base/base.gen/sources_1/bd/base/ip/base_m01_regslice_15/base_m01_regslice_15_sim_netlist.v'. Please regenerate to continue.
WARNING: [IP_Flow 19-3664] IP 'base_m01_regslice_15' generated file not found '/home/wu/__PYNQ__/boards/Pynq-Z2/base/base/base.gen/sources_1/bd/base/ip/base_m01_regslice_15/base_m01_regslice_15_sim_netlist.vhdl'. Please regenerate to continue.
WARNING: [IP_Flow 19-3664] IP 'base_auto_cc_0' generated file not found '/home/wu/__PYNQ__/boards/Pynq-Z2/base/base/base.gen/sources_1/bd/base/ip/base_auto_cc_0/base_auto_cc_0.dcp'. Please regenerate to continue.
WARNING: [IP_Flow 19-3664] IP 'base_auto_cc_0' generated file not found '/home/wu/__PYNQ__/boards/Pynq-Z2/base/base/base.gen/sources_1/bd/base/ip/base_auto_cc_0/base_auto_cc_0_stub.v'. Please regenerate to continue.
WARNING: [IP_Flow 19-3664] IP 'base_auto_cc_0' generated file not found '/home/wu/__PYNQ__/boards/Pynq-Z2/base/base/base.gen/sources_1/bd/base/ip/base_auto_cc_0/base_auto_cc_0_stub.vhdl'. Please regenerate to continue.
WARNING: [IP_Flow 19-3664] IP 'base_auto_cc_0' generated file not found '/home/wu/__PYNQ__/boards/Pynq-Z2/base/base/base.gen/sources_1/bd/base/ip/base_auto_cc_0/base_auto_cc_0_sim_netlist.v'. Please regenerate to continue.
WARNING: [IP_Flow 19-3664] IP 'base_auto_cc_0' generated file not found '/home/wu/__PYNQ__/boards/Pynq-Z2/base/base/base.gen/sources_1/bd/base/ip/base_auto_cc_0/base_auto_cc_0_sim_netlist.vhdl'. Please regenerate to continue.
WARNING: [IP_Flow 19-3664] IP 'base_m02_regslice_13' generated file not found '/home/wu/__PYNQ__/boards/Pynq-Z2/base/base/base.gen/sources_1/bd/base/ip/base_m02_regslice_13/base_m02_regslice_13.dcp'. Please regenerate to continue.
WARNING: [IP_Flow 19-3664] IP 'base_m02_regslice_13' generated file not found '/home/wu/__PYNQ__/boards/Pynq-Z2/base/base/base.gen/sources_1/bd/base/ip/base_m02_regslice_13/base_m02_regslice_13_stub.v'. Please regenerate to continue.
WARNING: [IP_Flow 19-3664] IP 'base_m02_regslice_13' generated file not found '/home/wu/__PYNQ__/boards/Pynq-Z2/base/base/base.gen/sources_1/bd/base/ip/base_m02_regslice_13/base_m02_regslice_13_stub.vhdl'. Please regenerate to continue.
WARNING: [IP_Flow 19-3664] IP 'base_m02_regslice_13' generated file not found '/home/wu/__PYNQ__/boards/Pynq-Z2/base/base/base.gen/sources_1/bd/base/ip/base_m02_regslice_13/base_m02_regslice_13_sim_netlist.v'. Please regenerate to continue.
WARNING: [IP_Flow 19-3664] IP 'base_m02_regslice_13' generated file not found '/home/wu/__PYNQ__/boards/Pynq-Z2/base/base/base.gen/sources_1/bd/base/ip/base_m02_regslice_13/base_m02_regslice_13_sim_netlist.vhdl'. Please regenerate to continue.
WARNING: [IP_Flow 19-3664] IP 'base_auto_cc_1' generated file not found '/home/wu/__PYNQ__/boards/Pynq-Z2/base/base/base.gen/sources_1/bd/base/ip/base_auto_cc_1/base_auto_cc_1.dcp'. Please regenerate to continue.
WARNING: [IP_Flow 19-3664] IP 'base_auto_cc_1' generated file not found '/home/wu/__PYNQ__/boards/Pynq-Z2/base/base/base.gen/sources_1/bd/base/ip/base_auto_cc_1/base_auto_cc_1_stub.v'. Please regenerate to continue.
WARNING: [IP_Flow 19-3664] IP 'base_auto_cc_1' generated file not found '/home/wu/__PYNQ__/boards/Pynq-Z2/base/base/base.gen/sources_1/bd/base/ip/base_auto_cc_1/base_auto_cc_1_stub.vhdl'. Please regenerate to continue.
WARNING: [IP_Flow 19-3664] IP 'base_auto_cc_1' generated file not found '/home/wu/__PYNQ__/boards/Pynq-Z2/base/base/base.gen/sources_1/bd/base/ip/base_auto_cc_1/base_auto_cc_1_sim_netlist.v'. Please regenerate to continue.
WARNING: [IP_Flow 19-3664] IP 'base_auto_cc_1' generated file not found '/home/wu/__PYNQ__/boards/Pynq-Z2/base/base/base.gen/sources_1/bd/base/ip/base_auto_cc_1/base_auto_cc_1_sim_netlist.vhdl'. Please regenerate to continue.
WARNING: [IP_Flow 19-3664] IP 'base_m03_regslice_13' generated file not found '/home/wu/__PYNQ__/boards/Pynq-Z2/base/base/base.gen/sources_1/bd/base/ip/base_m03_regslice_13/base_m03_regslice_13.dcp'. Please regenerate to continue.
WARNING: [IP_Flow 19-3664] IP 'base_m03_regslice_13' generated file not found '/home/wu/__PYNQ__/boards/Pynq-Z2/base/base/base.gen/sources_1/bd/base/ip/base_m03_regslice_13/base_m03_regslice_13_stub.v'. Please regenerate to continue.
WARNING: [IP_Flow 19-3664] IP 'base_m03_regslice_13' generated file not found '/home/wu/__PYNQ__/boards/Pynq-Z2/base/base/base.gen/sources_1/bd/base/ip/base_m03_regslice_13/base_m03_regslice_13_stub.vhdl'. Please regenerate to continue.
WARNING: [IP_Flow 19-3664] IP 'base_m03_regslice_13' generated file not found '/home/wu/__PYNQ__/boards/Pynq-Z2/base/base/base.gen/sources_1/bd/base/ip/base_m03_regslice_13/base_m03_regslice_13_sim_netlist.v'. Please regenerate to continue.
WARNING: [IP_Flow 19-3664] IP 'base_m03_regslice_13' generated file not found '/home/wu/__PYNQ__/boards/Pynq-Z2/base/base/base.gen/sources_1/bd/base/ip/base_m03_regslice_13/base_m03_regslice_13_sim_netlist.vhdl'. Please regenerate to continue.
INFO: [Common 17-14] Message 'IP_Flow 19-3664' appears 100 times and further instances of the messages will be disabled. Use the Tcl command set_msg_config to change the current settings.
open_project: Time (s): cpu = 00:00:07 ; elapsed = 00:00:05 . Memory (MB): peak = 8890.012 ; gain = 1305.211 ; free physical = 3298 ; free virtual = 8213
update_compile_order -fileset sources_1
open_bd_design {/home/wu/__PYNQ__/boards/Pynq-Z2/base/base/base.srcs/sources_1/bd/base/base.bd}
Reading block design file </home/wu/__PYNQ__/boards/Pynq-Z2/base/base/base.srcs/sources_1/bd/base/base.bd>...
Adding component instance block -- xilinx.com:ip:clk_wiz:6.0 - clk_wiz_10MHz
Adding component instance block -- xilinx.com:ip:xlconcat:2.1 - concat_interrupts
Adding component instance block -- xilinx.com:ip:processing_system7:5.5 - ps7_0
Adding component instance block -- xilinx.com:ip:axi_interconnect:2.1 - ps7_0_axi_periph
Adding component instance block -- xilinx.com:ip:axi_crossbar:2.1 - xbar
Adding component instance block -- xilinx.com:ip:axi_register_slice:2.1 - s00_regslice
Adding component instance block -- xilinx.com:ip:axi_protocol_converter:2.1 - auto_pc
Adding component instance block -- xilinx.com:ip:axi_register_slice:2.1 - m00_regslice
Adding component instance block -- xilinx.com:ip:axi_protocol_converter:2.1 - auto_pc
Adding component instance block -- xilinx.com:ip:axi_register_slice:2.1 - m01_regslice
Adding component instance block -- xilinx.com:ip:proc_sys_reset:5.0 - rst_ps7_0_fclk0
Adding component instance block -- xilinx.com:ip:proc_sys_reset:5.0 - rst_ps7_0_fclk1
Adding component instance block -- xilinx.com:ip:axi_intc:4.1 - system_interrupts
Adding component instance block -- xilinx.com:ip:axi_interconnect:2.1 - axi_interconnect_0
Adding component instance block -- xilinx.com:ip:axi_crossbar:2.1 - xbar
Adding component instance block -- xilinx.com:ip:axi_register_slice:2.1 - s00_regslice
Adding component instance block -- xilinx.com:ip:axi_protocol_converter:2.1 - auto_pc
Adding component instance block -- xilinx.com:ip:axi_register_slice:2.1 - m00_regslice
Adding component instance block -- xilinx.com:ip:axi_register_slice:2.1 - m01_regslice
Adding component instance block -- xilinx.com:ip:axi_clock_converter:2.1 - auto_cc
Adding component instance block -- xilinx.com:ip:axi_register_slice:2.1 - m02_regslice
Adding component instance block -- xilinx.com:ip:axi_clock_converter:2.1 - auto_cc
Adding component instance block -- xilinx.com:ip:axi_register_slice:2.1 - m03_regslice
Adding component instance block -- xilinx.com:ip:axi_register_slice:2.1 - m04_regslice
Adding component instance block -- xilinx.com:ip:axi_register_slice:2.1 - m05_regslice
Adding component instance block -- xilinx.com:ip:axi_register_slice:2.1 - m06_regslice
Adding component instance block -- xilinx.com:ip:axi_clock_converter:2.1 - auto_cc
Adding component instance block -- xilinx.com:ip:axi_register_slice:2.1 - m07_regslice
Adding component instance block -- xilinx.com:ip:axi_clock_converter:2.1 - auto_cc
Adding component instance block -- xilinx.com:ip:axi_register_slice:2.1 - m08_regslice
Adding component instance block -- xilinx.com:ip:axi_register_slice:2.1 - m09_regslice
Adding component instance block -- xilinx.com:ip:axi_interconnect:2.1 - axi_mem_intercon
Adding component instance block -- xilinx.com:ip:axi_crossbar:2.1 - xbar
Adding component instance block -- xilinx.com:ip:axi_dwidth_converter:2.1 - auto_us
Adding component instance block -- xilinx.com:ip:axi_protocol_converter:2.1 - auto_pc
Adding component instance block -- xilinx.com:ip:axi_vdma:6.3 - axi_vdma
Adding component instance block -- xilinx.com:ip:axis_register_slice:1.1 - axis_register_slice_0
Adding component instance block -- xilinx.com:hls:color_convert:1.0 - color_convert
Adding component instance block -- xilinx.com:ip:axi_gpio:2.0 - axi_gpio_hdmiin
Adding component instance block -- xilinx.com:user:color_swap:1.1 - color_swap_0
Adding component instance block -- digilentinc.com:ip:dvi2rgb:1.7 - dvi2rgb_0
Adding component instance block -- xilinx.com:ip:v_vid_in_axi4s:5.0 - v_vid_in_axi4s_0
Adding component instance block -- xilinx.com:ip:v_tc:6.2 - vtc_in
Adding component instance block -- xilinx.com:hls:pixel_pack:1.0 - pixel_pack
Adding component instance block -- xilinx.com:ip:axis_register_slice:1.1 - axis_register_slice_0
Adding component instance block -- xilinx.com:hls:color_convert:1.0 - color_convert
Adding component instance block -- digilentinc.com:ip:axi_dynclk:1.0 - axi_dynclk
Adding component instance block -- xilinx.com:user:color_swap:1.1 - color_swap_0
Adding component instance block -- xilinx.com:ip:axi_gpio:2.0 - hdmi_out_hpd_video
Adding component instance block -- digilentinc.com:ip:rgb2dvi:1.2 - rgb2dvi_0
Adding component instance block -- xilinx.com:ip:v_axi4s_vid_out:4.0 - v_axi4s_vid_out_0
Adding component instance block -- xilinx.com:ip:v_tc:6.2 - vtc_out
Adding component instance block -- xilinx.com:hls:pixel_unpack:1.0 - pixel_unpack
Adding component instance block -- xilinx.com:ip:proc_sys_reset:5.0 - proc_sys_reset_pixelclk
Adding component instance block -- xilinx.com:ip:xlconcat:2.1 - xlconcat_0
Adding component instance block -- xilinx.com:ip:xlconcat:2.1 - xlconcat_0
Successfully read diagram <base> from block design file </home/wu/__PYNQ__/boards/Pynq-Z2/base/base/base.srcs/sources_1/bd/base/base.bd>
reset_run synth_1
reset_run base_m02_regslice_13_synth_1
reset_run base_m01_regslice_15_synth_1
reset_run base_auto_pc_10_synth_1
reset_run base_rgb2dvi_0_0_synth_1
WARNING: [Vivado 12-1017] Problems encountered:
1. Attempt to kill process failed

reset_run base_auto_pc_13_synth_1
WARNING: [Vivado 12-1017] Problems encountered:
1. Attempt to kill process failed

reset_run base_m06_regslice_11_synth_1
WARNING: [Vivado 12-1017] Problems encountered:
1. Attempt to kill process failed

reset_run base_m05_regslice_11_synth_1
WARNING: [Vivado 12-1017] Problems encountered:
1. Attempt to kill process failed

reset_run base_auto_cc_1_synth_1
WARNING: [Vivado 12-1017] Problems encountered:
1. Attempt to kill process failed

reset_run base_auto_cc_0_synth_1
WARNING: [Vivado 12-1017] Problems encountered:
1. Attempt to kill process failed

reset_run base_m07_regslice_11_synth_1
WARNING: [Vivado 12-1017] Problems encountered:
1. Attempt to kill process failed

reset_run base_m09_regslice_5_synth_1
WARNING: [Vivado 12-1017] Problems encountered:
1. Attempt to kill process failed

reset_run base_auto_pc_12_synth_1
WARNING: [Vivado 12-1017] Problems encountered:
1. Attempt to kill process failed

reset_run base_m01_regslice_14_synth_1
WARNING: [Vivado 12-1017] Problems encountered:
1. Attempt to kill process failed

reset_run base_m00_regslice_14_synth_1
WARNING: [Vivado 12-1017] Problems encountered:
1. Attempt to kill process failed

reset_run base_auto_pc_11_synth_1
WARNING: [Vivado 12-1017] Problems encountered:
1. Attempt to kill process failed

reset_run base_s00_regslice_14_synth_1
WARNING: [Vivado 12-1017] Problems encountered:
1. Attempt to kill process failed

exit
INFO: [Common 17-206] Exiting Vivado at Wed Oct 22 23:29:58 2025...
