#-----------------------------------------------------------
# Vivado v2024.1 (64-bit)
# SW Build 5076996 on Wed May 22 18:36:09 MDT 2024
# IP Build 5075265 on Wed May 22 21:45:21 MDT 2024
# SharedData Build 5076995 on Wed May 22 18:29:18 MDT 2024
# Start of session at: Thu Oct 23 01:20:55 2025
# Process ID: 18820
# Current directory: /home/wu/__PYNQ__/boards/Pynq-Z2/base
# Command line: vivado
# Log file: /home/wu/__PYNQ__/boards/Pynq-Z2/base/vivado.log
# Journal file: /home/wu/__PYNQ__/boards/Pynq-Z2/base/vivado.jou
# Running On        :ubuntu
# Platform          :Ubuntu
# Operating System  :Ubuntu 24.10
# Processor Detail  :13th Gen Intel(R) Core(TM) i7-13700HX
# CPU Frequency     :2304.001 MHz
# CPU Physical cores:16
# CPU Logical cores :16
# Host memory       :10377 MB
# Swap memory       :4294 MB
# Total Virtual     :14672 MB
# Available Virtual :11685 MB
#-----------------------------------------------------------
start_gui
WARNING: [Board 49-26] cannot add Board Part xilinx.com:kc705:part0:1.6 available at /tools/Xilinx/Vivado/2024.1/data/xhub/boards/XilinxBoardStore/boards/Xilinx/kc705/1.6/board.xml as part xc7k325tffg900-2 specified in board_part file is either invalid or not available
WARNING: [Board 49-26] cannot add Board Part xilinx.com:kcu105:part0:1.6 available at /tools/Xilinx/Vivado/2024.1/data/xhub/boards/XilinxBoardStore/boards/Xilinx/kcu105/1.6/board.xml as part xcku040-ffva1156-2-e specified in board_part file is either invalid or not available
WARNING: [Board 49-26] cannot add Board Part xilinx.com:kcu105:part0:1.7 available at /tools/Xilinx/Vivado/2024.1/data/xhub/boards/XilinxBoardStore/boards/Xilinx/kcu105/1.7/board.xml as part xcku040-ffva1156-2-e specified in board_part file is either invalid or not available
WARNING: [Board 49-26] cannot add Board Part xilinx.com:kcu116:part0:1.4 available at /tools/Xilinx/Vivado/2024.1/data/xhub/boards/XilinxBoardStore/boards/Xilinx/kcu116/1.4/board.xml as part xcku5p-ffvb676-2-e specified in board_part file is either invalid or not available
WARNING: [Board 49-26] cannot add Board Part xilinx.com:kcu116:part0:1.5 available at /tools/Xilinx/Vivado/2024.1/data/xhub/boards/XilinxBoardStore/boards/Xilinx/kcu116/1.5/board.xml as part xcku5p-ffvb676-2-e specified in board_part file is either invalid or not available
WARNING: [Board 49-26] cannot add Board Part xilinx.com:kcu1500:part0:1.2 available at /tools/Xilinx/Vivado/2024.1/data/xhub/boards/XilinxBoardStore/boards/Xilinx/kcu1500/1.2/board.xml as part xcku115-flvb2104-2-e specified in board_part file is either invalid or not available
WARNING: [Board 49-26] cannot add Board Part xilinx.com:vc707:part0:1.4 available at /tools/Xilinx/Vivado/2024.1/data/xhub/boards/XilinxBoardStore/boards/Xilinx/vc707/1.4/board.xml as part xc7vx485tffg1761-2 specified in board_part file is either invalid or not available
WARNING: [Board 49-26] cannot add Board Part xilinx.com:vc709:part0:1.8 available at /tools/Xilinx/Vivado/2024.1/data/xhub/boards/XilinxBoardStore/boards/Xilinx/vc709/1.8/board.xml as part xc7vx690tffg1761-2 specified in board_part file is either invalid or not available
WARNING: [Board 49-26] cannot add Board Part xilinx.com:vck190:part0:2.2 available at /tools/Xilinx/Vivado/2024.1/data/xhub/boards/XilinxBoardStore/boards/Xilinx/vck190/production/2.2/board.xml as part xcvc1902-vsva2197-2mp-e-s specified in board_part file is either invalid or not available
WARNING: [Board 49-26] cannot add Board Part xilinx.com:vck190:part0:3.0 available at /tools/Xilinx/Vivado/2024.1/data/xhub/boards/XilinxBoardStore/boards/Xilinx/vck190/production/3.0/board.xml as part xcvc1902-vsva2197-2mp-e-s specified in board_part file is either invalid or not available
WARNING: [Board 49-26] cannot add Board Part xilinx.com:vck190:part0:3.1 available at /tools/Xilinx/Vivado/2024.1/data/xhub/boards/XilinxBoardStore/boards/Xilinx/vck190/production/3.1/board.xml as part xcvc1902-vsva2197-2mp-e-s specified in board_part file is either invalid or not available
WARNING: [Board 49-26] cannot add Board Part xilinx.com:vck190:part0:3.2 available at /tools/Xilinx/Vivado/2024.1/data/xhub/boards/XilinxBoardStore/boards/Xilinx/vck190/production/3.2/board.xml as part xcvc1902-vsva2197-2mp-e-s specified in board_part file is either invalid or not available
WARNING: [Board 49-26] cannot add Board Part xilinx.com:vck190:part0:3.3 available at /tools/Xilinx/Vivado/2024.1/data/xhub/boards/XilinxBoardStore/boards/Xilinx/vck190/production/3.3/board.xml as part xcvc1902-vsva2197-2mp-e-s specified in board_part file is either invalid or not available
WARNING: [Board 49-26] cannot add Board Part xilinx.com:vck190_newl:part0:1.0 available at /tools/Xilinx/Vivado/2024.1/data/xhub/boards/XilinxBoardStore/boards/Xilinx/vck190_newl/production/1.0/board.xml as part xcvc1902-vsva2197-2mp-e-s specified in board_part file is either invalid or not available
WARNING: [Board 49-26] cannot add Board Part xilinx.com:vck190_newl:part0:1.1 available at /tools/Xilinx/Vivado/2024.1/data/xhub/boards/XilinxBoardStore/boards/Xilinx/vck190_newl/production/1.1/board.xml as part xcvc1902-vsva2197-2mp-e-s specified in board_part file is either invalid or not available
WARNING: [Board 49-26] cannot add Board Part xilinx.com:vck190_newl:part0:1.2 available at /tools/Xilinx/Vivado/2024.1/data/xhub/boards/XilinxBoardStore/boards/Xilinx/vck190_newl/production/1.2/board.xml as part xcvc1902-vsva2197-2mp-e-s specified in board_part file is either invalid or not available
WARNING: [Board 49-26] cannot add Board Part xilinx.com:vcu108:part0:1.6 available at /tools/Xilinx/Vivado/2024.1/data/xhub/boards/XilinxBoardStore/boards/Xilinx/vcu108/1.6/board.xml as part xcvu095-ffva2104-2-e specified in board_part file is either invalid or not available
WARNING: [Board 49-26] cannot add Board Part xilinx.com:vcu108:part0:1.7 available at /tools/Xilinx/Vivado/2024.1/data/xhub/boards/XilinxBoardStore/boards/Xilinx/vcu108/1.7/board.xml as part xcvu095-ffva2104-2-e specified in board_part file is either invalid or not available
WARNING: [Board 49-26] cannot add Board Part xilinx.com:vcu110:part0:1.4 available at /tools/Xilinx/Vivado/2024.1/data/xhub/boards/XilinxBoardStore/boards/Xilinx/vcu110/1.4/board.xml as part xcvu190-flgc2104-2-e specified in board_part file is either invalid or not available
WARNING: [Board 49-26] cannot add Board Part xilinx.com:vcu118:part0:2.0 available at /tools/Xilinx/Vivado/2024.1/data/xhub/boards/XilinxBoardStore/boards/Xilinx/vcu118/2.0/board.xml as part xcvu9p-flga2104-2l-e specified in board_part file is either invalid or not available
WARNING: [Board 49-26] cannot add Board Part xilinx.com:vcu118:part0:2.3 available at /tools/Xilinx/Vivado/2024.1/data/xhub/boards/XilinxBoardStore/boards/Xilinx/vcu118/2.3/board.xml as part xcvu9p-flga2104-2l-e specified in board_part file is either invalid or not available
WARNING: [Board 49-26] cannot add Board Part xilinx.com:vcu118:part0:2.4 available at /tools/Xilinx/Vivado/2024.1/data/xhub/boards/XilinxBoardStore/boards/Xilinx/vcu118/2.4/board.xml as part xcvu9p-flga2104-2l-e specified in board_part file is either invalid or not available
WARNING: [Board 49-26] cannot add Board Part xilinx.com:vcu128:part0:1.0 available at /tools/Xilinx/Vivado/2024.1/data/xhub/boards/XilinxBoardStore/boards/Xilinx/vcu128/production/1.0/board.xml as part xcvu37p-fsvh2892-2l-e specified in board_part file is either invalid or not available
WARNING: [Board 49-26] cannot add Board Part xilinx.com:vcu129:part0:1.0 available at /tools/Xilinx/Vivado/2024.1/data/xhub/boards/XilinxBoardStore/boards/Xilinx/vcu129/production/1.0/board.xml as part xcvu29p-fsga2577-2l-e specified in board_part file is either invalid or not available
WARNING: [Board 49-26] cannot add Board Part xilinx.com:vcu1525:part0:1.3 available at /tools/Xilinx/Vivado/2024.1/data/xhub/boards/XilinxBoardStore/boards/Xilinx/vcu1525/1.3/board.xml as part xcvu9p-fsgd2104-2l-e specified in board_part file is either invalid or not available
WARNING: [Board 49-26] cannot add Board Part xilinx.com:vek280:part0:1.0 available at /tools/Xilinx/Vivado/2024.1/data/xhub/boards/XilinxBoardStore/boards/Xilinx/vek280/production/1.0/board.xml as part xcve2802-vsvh1760-2mp-e-s specified in board_part file is either invalid or not available
WARNING: [Board 49-26] cannot add Board Part xilinx.com:vek280:part0:1.1 available at /tools/Xilinx/Vivado/2024.1/data/xhub/boards/XilinxBoardStore/boards/Xilinx/vek280/production/1.1/board.xml as part xcve2802-vsvh1760-2mp-e-s specified in board_part file is either invalid or not available
WARNING: [Board 49-26] cannot add Board Part xilinx.com:vek280:part0:1.2 available at /tools/Xilinx/Vivado/2024.1/data/xhub/boards/XilinxBoardStore/boards/Xilinx/vek280/production/1.2/board.xml as part xcve2802-vsvh1760-2mp-e-s specified in board_part file is either invalid or not available
WARNING: [Board 49-26] cannot add Board Part xilinx.com:vek280_es:part0:1.0 available at /tools/Xilinx/Vivado/2024.1/data/xhub/boards/XilinxBoardStore/boards/Xilinx/vek280/es/rev_a/1.0/board.xml as part xcve2802-vsvh1760-2lp-e-s-es1 specified in board_part file is either invalid or not available
WARNING: [Board 49-26] cannot add Board Part xilinx.com:vek280_es:part0:1.1 available at /tools/Xilinx/Vivado/2024.1/data/xhub/boards/XilinxBoardStore/boards/Xilinx/vek280/es/rev_a/1.1/board.xml as part xcve2802-vsvh1760-2lp-e-s-es1 specified in board_part file is either invalid or not available
WARNING: [Board 49-26] cannot add Board Part xilinx.com:vek280_es_revb:part0:1.0 available at /tools/Xilinx/Vivado/2024.1/data/xhub/boards/XilinxBoardStore/boards/Xilinx/vek280/es/rev_b/1.0/board.xml as part xcve2802-vsvh1760-2mp-e-s-es1 specified in board_part file is either invalid or not available
WARNING: [Board 49-26] cannot add Board Part xilinx.com:vek280_es_revb:part0:1.1 available at /tools/Xilinx/Vivado/2024.1/data/xhub/boards/XilinxBoardStore/boards/Xilinx/vek280/es/rev_b/1.1/board.xml as part xcve2802-vsvh1760-2mp-e-s-es1 specified in board_part file is either invalid or not available
WARNING: [Board 49-26] cannot add Board Part xilinx.com:vermeo_t1_mpsoc:part0:1.0 available at /tools/Xilinx/Vivado/2024.1/data/xhub/boards/XilinxBoardStore/boards/Xilinx/vermeo_t1_mpsoc/1.0/board.xml as part xczu19eg-ffvd1760-2l-e specified in board_part file is either invalid or not available
WARNING: [Board 49-26] cannot add Board Part xilinx.com:vermeo_t1_rfsoc:part0:1.0 available at /tools/Xilinx/Vivado/2024.1/data/xhub/boards/XilinxBoardStore/boards/Xilinx/vermeo_t1_rfsoc/1.0/board.xml as part xczu21dr-ffvd1156-2l-e specified in board_part file is either invalid or not available
WARNING: [Board 49-26] cannot add Board Part xilinx.com:vhk158:part0:1.0 available at /tools/Xilinx/Vivado/2024.1/data/xhub/boards/XilinxBoardStore/boards/Xilinx/vhk158/production/1.0/board.xml as part xcvh1582-vsva3697-2mp-e-s specified in board_part file is either invalid or not available
WARNING: [Board 49-26] cannot add Board Part xilinx.com:vhk158:part0:1.1 available at /tools/Xilinx/Vivado/2024.1/data/xhub/boards/XilinxBoardStore/boards/Xilinx/vhk158/production/1.1/board.xml as part xcvh1582-vsva3697-2mp-e-s specified in board_part file is either invalid or not available
WARNING: [Board 49-26] cannot add Board Part xilinx.com:vhk158_es:part0:1.0 available at /tools/Xilinx/Vivado/2024.1/data/xhub/boards/XilinxBoardStore/boards/Xilinx/vhk158/es/1.0/board.xml as part xcvh1582-vsva3697-2mp-e-s-es1 specified in board_part file is either invalid or not available
WARNING: [Board 49-26] cannot add Board Part xilinx.com:vhk158_es:part0:1.1 available at /tools/Xilinx/Vivado/2024.1/data/xhub/boards/XilinxBoardStore/boards/Xilinx/vhk158/es/1.1/board.xml as part xcvh1582-vsva3697-2mp-e-s-es1 specified in board_part file is either invalid or not available
WARNING: [Board 49-26] cannot add Board Part xilinx.com:vmk180:part0:2.2 available at /tools/Xilinx/Vivado/2024.1/data/xhub/boards/XilinxBoardStore/boards/Xilinx/vmk180/production/2.2/board.xml as part xcvm1802-vsva2197-2mp-e-s specified in board_part file is either invalid or not available
WARNING: [Board 49-26] cannot add Board Part xilinx.com:vmk180:part0:3.0 available at /tools/Xilinx/Vivado/2024.1/data/xhub/boards/XilinxBoardStore/boards/Xilinx/vmk180/production/3.0/board.xml as part xcvm1802-vsva2197-2mp-e-s specified in board_part file is either invalid or not available
WARNING: [Board 49-26] cannot add Board Part xilinx.com:vmk180:part0:3.1 available at /tools/Xilinx/Vivado/2024.1/data/xhub/boards/XilinxBoardStore/boards/Xilinx/vmk180/production/3.1/board.xml as part xcvm1802-vsva2197-2mp-e-s specified in board_part file is either invalid or not available
WARNING: [Board 49-26] cannot add Board Part xilinx.com:vmk180:part0:3.2 available at /tools/Xilinx/Vivado/2024.1/data/xhub/boards/XilinxBoardStore/boards/Xilinx/vmk180/production/3.2/board.xml as part xcvm1802-vsva2197-2mp-e-s specified in board_part file is either invalid or not available
WARNING: [Board 49-26] cannot add Board Part xilinx.com:vmk180_newl:part0:1.0 available at /tools/Xilinx/Vivado/2024.1/data/xhub/boards/XilinxBoardStore/boards/Xilinx/vmk180_newl/production/1.0/board.xml as part xcvm1802-vsva2197-2mp-e-s specified in board_part file is either invalid or not available
WARNING: [Board 49-26] cannot add Board Part xilinx.com:vmk180_newl:part0:1.1 available at /tools/Xilinx/Vivado/2024.1/data/xhub/boards/XilinxBoardStore/boards/Xilinx/vmk180_newl/production/1.1/board.xml as part xcvm1802-vsva2197-2mp-e-s specified in board_part file is either invalid or not available
WARNING: [Board 49-26] cannot add Board Part xilinx.com:vpk120:part0:1.0 available at /tools/Xilinx/Vivado/2024.1/data/xhub/boards/XilinxBoardStore/boards/Xilinx/vpk120/production/1.0/board.xml as part xcvp1202-vsva2785-2mp-e-s specified in board_part file is either invalid or not available
WARNING: [Board 49-26] cannot add Board Part xilinx.com:vpk120:part0:1.1 available at /tools/Xilinx/Vivado/2024.1/data/xhub/boards/XilinxBoardStore/boards/Xilinx/vpk120/production/1.1/board.xml as part xcvp1202-vsva2785-2mp-e-s specified in board_part file is either invalid or not available
WARNING: [Board 49-26] cannot add Board Part xilinx.com:vpk120:part0:1.2 available at /tools/Xilinx/Vivado/2024.1/data/xhub/boards/XilinxBoardStore/boards/Xilinx/vpk120/production/1.2/board.xml as part xcvp1202-vsva2785-2mp-e-s specified in board_part file is either invalid or not available
WARNING: [Board 49-26] cannot add Board Part xilinx.com:vpk180:part0:1.0 available at /tools/Xilinx/Vivado/2024.1/data/xhub/boards/XilinxBoardStore/boards/Xilinx/vpk180/production/1.0/board.xml as part xcvp1802-lsvc4072-2mp-e-s specified in board_part file is either invalid or not available
WARNING: [Board 49-26] cannot add Board Part xilinx.com:vpk180:part0:1.1 available at /tools/Xilinx/Vivado/2024.1/data/xhub/boards/XilinxBoardStore/boards/Xilinx/vpk180/production/1.1/board.xml as part xcvp1802-lsvc4072-2mp-e-s specified in board_part file is either invalid or not available
WARNING: [Board 49-26] cannot add Board Part xilinx.com:vpk180:part0:1.2 available at /tools/Xilinx/Vivado/2024.1/data/xhub/boards/XilinxBoardStore/boards/Xilinx/vpk180/production/1.2/board.xml as part xcvp1802-lsvc4072-2mp-e-s specified in board_part file is either invalid or not available
WARNING: [Board 49-26] cannot add Board Part xilinx.com:zc706:part0:1.4 available at /tools/Xilinx/Vivado/2024.1/data/xhub/boards/XilinxBoardStore/boards/Xilinx/zc706/1.4/board.xml as part xc7z045ffg900-2 specified in board_part file is either invalid or not available
WARNING: [Board 49-26] cannot add Board Part xilinx.com:zcu102:part0:3.3 available at /tools/Xilinx/Vivado/2024.1/data/xhub/boards/XilinxBoardStore/boards/Xilinx/zcu102/3.3/board.xml as part xczu9eg-ffvb1156-2-e specified in board_part file is either invalid or not available
WARNING: [Board 49-26] cannot add Board Part xilinx.com:zcu102:part0:3.4 available at /tools/Xilinx/Vivado/2024.1/data/xhub/boards/XilinxBoardStore/boards/Xilinx/zcu102/3.4/board.xml as part xczu9eg-ffvb1156-2-e specified in board_part file is either invalid or not available
WARNING: [Board 49-26] cannot add Board Part xilinx.com:zcu111:part0:1.2 available at /tools/Xilinx/Vivado/2024.1/data/xhub/boards/XilinxBoardStore/boards/Xilinx/zcu111/1.2/board.xml as part xczu28dr-ffvg1517-2-e specified in board_part file is either invalid or not available
WARNING: [Board 49-26] cannot add Board Part xilinx.com:zcu111:part0:1.3 available at /tools/Xilinx/Vivado/2024.1/data/xhub/boards/XilinxBoardStore/boards/Xilinx/zcu111/1.3/board.xml as part xczu28dr-ffvg1517-2-e specified in board_part file is either invalid or not available
WARNING: [Board 49-26] cannot add Board Part xilinx.com:zcu111:part0:1.4 available at /tools/Xilinx/Vivado/2024.1/data/xhub/boards/XilinxBoardStore/boards/Xilinx/zcu111/1.4/board.xml as part xczu28dr-ffvg1517-2-e specified in board_part file is either invalid or not available
WARNING: [Board 49-26] cannot add Board Part xilinx.com:zcu1275:part0:1.0 available at /tools/Xilinx/Vivado/2024.1/data/xhub/boards/XilinxBoardStore/boards/Xilinx/zcu1275/1.0/board.xml as part xczu29dr-ffvf1760-2-e specified in board_part file is either invalid or not available
WARNING: [Board 49-26] cannot add Board Part xilinx.com:zcu1285:part0:1.0 available at /tools/Xilinx/Vivado/2024.1/data/xhub/boards/XilinxBoardStore/boards/Xilinx/zcu1285/1.0/board.xml as part xczu39dr-ffvf1760-2-i specified in board_part file is either invalid or not available
WARNING: [Board 49-26] cannot add Board Part xilinx.com:zcu208:part0:2.0 available at /tools/Xilinx/Vivado/2024.1/data/xhub/boards/XilinxBoardStore/boards/Xilinx/zcu208/production/2.0/board.xml as part xczu48dr-fsvg1517-2-e specified in board_part file is either invalid or not available
WARNING: [Board 49-26] cannot add Board Part xilinx.com:zcu208ld:part0:2.0 available at /tools/Xilinx/Vivado/2024.1/data/xhub/boards/XilinxBoardStore/boards/Xilinx/zcu208ld/production/2.0/board.xml as part xczu58dr-fsvg1517-2-i specified in board_part file is either invalid or not available
WARNING: [Board 49-26] cannot add Board Part xilinx.com:zcu216:part0:2.0 available at /tools/Xilinx/Vivado/2024.1/data/xhub/boards/XilinxBoardStore/boards/Xilinx/zcu216/production/2.0/board.xml as part xczu49dr-ffvf1760-2-e specified in board_part file is either invalid or not available
WARNING: [Board 49-26] cannot add Board Part xilinx.com:zcu216ld:part0:2.0 available at /tools/Xilinx/Vivado/2024.1/data/xhub/boards/XilinxBoardStore/boards/Xilinx/zcu216ld/production/2.0/board.xml as part xczu59dr-ffvf1760-2-i specified in board_part file is either invalid or not available
WARNING: [Board 49-26] cannot add Board Part xilinx.com:zcu670:part0:2.0 available at /tools/Xilinx/Vivado/2024.1/data/xhub/boards/XilinxBoardStore/boards/Xilinx/zcu670/2.0/board.xml as part xczu67dr-fsve1156-2-i specified in board_part file is either invalid or not available
WARNING: [Board 49-26] cannot add Board Part xilinx.com:zcu670ld:part0:1.0 available at /tools/Xilinx/Vivado/2024.1/data/xhub/boards/XilinxBoardStore/boards/Xilinx/zcu670ld/1.0/board.xml as part xczu57dr-fsve1156-2-i specified in board_part file is either invalid or not available
open_project /home/wu/__PYNQ__/boards/Pynq-Z2/base/base/base.xpr
Scanning sources...
Finished scanning sources
INFO: [IP_Flow 19-234] Refreshing IP repositories
INFO: [IP_Flow 19-1700] Loaded user IP repository '/home/wu/__PYNQ__/boards/ip'.
INFO: [IP_Flow 19-2313] Loaded Vivado IP repository '/tools/Xilinx/Vivado/2024.1/data/ip'.
WARNING: [IP_Flow 19-3664] IP 'base_ps7_0_0' generated file not found '/home/wu/__PYNQ__/boards/Pynq-Z2/base/base/base.gen/sources_1/bd/base/ip/base_ps7_0_0/base_ps7_0_0.dcp'. Please regenerate to continue.
WARNING: [IP_Flow 19-3664] IP 'base_ps7_0_0' generated file not found '/home/wu/__PYNQ__/boards/Pynq-Z2/base/base/base.gen/sources_1/bd/base/ip/base_ps7_0_0/base_ps7_0_0_stub.v'. Please regenerate to continue.
WARNING: [IP_Flow 19-3664] IP 'base_ps7_0_0' generated file not found '/home/wu/__PYNQ__/boards/Pynq-Z2/base/base/base.gen/sources_1/bd/base/ip/base_ps7_0_0/base_ps7_0_0_stub.vhdl'. Please regenerate to continue.
WARNING: [IP_Flow 19-3664] IP 'base_ps7_0_0' generated file not found '/home/wu/__PYNQ__/boards/Pynq-Z2/base/base/base.gen/sources_1/bd/base/ip/base_ps7_0_0/base_ps7_0_0_sim_netlist.v'. Please regenerate to continue.
WARNING: [IP_Flow 19-3664] IP 'base_ps7_0_0' generated file not found '/home/wu/__PYNQ__/boards/Pynq-Z2/base/base/base.gen/sources_1/bd/base/ip/base_ps7_0_0/base_ps7_0_0_sim_netlist.vhdl'. Please regenerate to continue.
WARNING: [IP_Flow 19-3664] IP 'base_xbar_6' generated file not found '/home/wu/__PYNQ__/boards/Pynq-Z2/base/base/base.gen/sources_1/bd/base/ip/base_xbar_6/base_xbar_6.dcp'. Please regenerate to continue.
WARNING: [IP_Flow 19-3664] IP 'base_xbar_6' generated file not found '/home/wu/__PYNQ__/boards/Pynq-Z2/base/base/base.gen/sources_1/bd/base/ip/base_xbar_6/base_xbar_6_stub.v'. Please regenerate to continue.
WARNING: [IP_Flow 19-3664] IP 'base_xbar_6' generated file not found '/home/wu/__PYNQ__/boards/Pynq-Z2/base/base/base.gen/sources_1/bd/base/ip/base_xbar_6/base_xbar_6_stub.vhdl'. Please regenerate to continue.
WARNING: [IP_Flow 19-3664] IP 'base_xbar_6' generated file not found '/home/wu/__PYNQ__/boards/Pynq-Z2/base/base/base.gen/sources_1/bd/base/ip/base_xbar_6/base_xbar_6_sim_netlist.v'. Please regenerate to continue.
WARNING: [IP_Flow 19-3664] IP 'base_xbar_6' generated file not found '/home/wu/__PYNQ__/boards/Pynq-Z2/base/base/base.gen/sources_1/bd/base/ip/base_xbar_6/base_xbar_6_sim_netlist.vhdl'. Please regenerate to continue.
WARNING: [IP_Flow 19-3664] IP 'base_auto_pc_1' generated file not found '/home/wu/__PYNQ__/boards/Pynq-Z2/base/base/base.gen/sources_1/bd/base/ip/base_auto_pc_1/base_auto_pc_1.dcp'. Please regenerate to continue.
WARNING: [IP_Flow 19-3664] IP 'base_auto_pc_1' generated file not found '/home/wu/__PYNQ__/boards/Pynq-Z2/base/base/base.gen/sources_1/bd/base/ip/base_auto_pc_1/base_auto_pc_1_stub.v'. Please regenerate to continue.
WARNING: [IP_Flow 19-3664] IP 'base_auto_pc_1' generated file not found '/home/wu/__PYNQ__/boards/Pynq-Z2/base/base/base.gen/sources_1/bd/base/ip/base_auto_pc_1/base_auto_pc_1_stub.vhdl'. Please regenerate to continue.
WARNING: [IP_Flow 19-3664] IP 'base_auto_pc_1' generated file not found '/home/wu/__PYNQ__/boards/Pynq-Z2/base/base/base.gen/sources_1/bd/base/ip/base_auto_pc_1/base_auto_pc_1_sim_netlist.v'. Please regenerate to continue.
WARNING: [IP_Flow 19-3664] IP 'base_auto_pc_1' generated file not found '/home/wu/__PYNQ__/boards/Pynq-Z2/base/base/base.gen/sources_1/bd/base/ip/base_auto_pc_1/base_auto_pc_1_sim_netlist.vhdl'. Please regenerate to continue.
WARNING: [IP_Flow 19-3664] IP 'base_auto_pc_0' generated file not found '/home/wu/__PYNQ__/boards/Pynq-Z2/base/base/base.gen/sources_1/bd/base/ip/base_auto_pc_0/base_auto_pc_0.dcp'. Please regenerate to continue.
WARNING: [IP_Flow 19-3664] IP 'base_auto_pc_0' generated file not found '/home/wu/__PYNQ__/boards/Pynq-Z2/base/base/base.gen/sources_1/bd/base/ip/base_auto_pc_0/base_auto_pc_0_stub.v'. Please regenerate to continue.
WARNING: [IP_Flow 19-3664] IP 'base_auto_pc_0' generated file not found '/home/wu/__PYNQ__/boards/Pynq-Z2/base/base/base.gen/sources_1/bd/base/ip/base_auto_pc_0/base_auto_pc_0_stub.vhdl'. Please regenerate to continue.
WARNING: [IP_Flow 19-3664] IP 'base_auto_pc_0' generated file not found '/home/wu/__PYNQ__/boards/Pynq-Z2/base/base/base.gen/sources_1/bd/base/ip/base_auto_pc_0/base_auto_pc_0_sim_netlist.v'. Please regenerate to continue.
WARNING: [IP_Flow 19-3664] IP 'base_auto_pc_0' generated file not found '/home/wu/__PYNQ__/boards/Pynq-Z2/base/base/base.gen/sources_1/bd/base/ip/base_auto_pc_0/base_auto_pc_0_sim_netlist.vhdl'. Please regenerate to continue.
WARNING: [IP_Flow 19-3664] IP 'base_rst_ps7_0_fclk0_0' generated file not found '/home/wu/__PYNQ__/boards/Pynq-Z2/base/base/base.gen/sources_1/bd/base/ip/base_rst_ps7_0_fclk0_0/base_rst_ps7_0_fclk0_0.dcp'. Please regenerate to continue.
WARNING: [IP_Flow 19-3664] IP 'base_rst_ps7_0_fclk0_0' generated file not found '/home/wu/__PYNQ__/boards/Pynq-Z2/base/base/base.gen/sources_1/bd/base/ip/base_rst_ps7_0_fclk0_0/base_rst_ps7_0_fclk0_0_stub.v'. Please regenerate to continue.
WARNING: [IP_Flow 19-3664] IP 'base_rst_ps7_0_fclk0_0' generated file not found '/home/wu/__PYNQ__/boards/Pynq-Z2/base/base/base.gen/sources_1/bd/base/ip/base_rst_ps7_0_fclk0_0/base_rst_ps7_0_fclk0_0_stub.vhdl'. Please regenerate to continue.
WARNING: [IP_Flow 19-3664] IP 'base_rst_ps7_0_fclk0_0' generated file not found '/home/wu/__PYNQ__/boards/Pynq-Z2/base/base/base.gen/sources_1/bd/base/ip/base_rst_ps7_0_fclk0_0/base_rst_ps7_0_fclk0_0_sim_netlist.v'. Please regenerate to continue.
WARNING: [IP_Flow 19-3664] IP 'base_rst_ps7_0_fclk0_0' generated file not found '/home/wu/__PYNQ__/boards/Pynq-Z2/base/base/base.gen/sources_1/bd/base/ip/base_rst_ps7_0_fclk0_0/base_rst_ps7_0_fclk0_0_sim_netlist.vhdl'. Please regenerate to continue.
WARNING: [IP_Flow 19-3664] IP 'base_rst_ps7_0_fclk1_0' generated file not found '/home/wu/__PYNQ__/boards/Pynq-Z2/base/base/base.gen/sources_1/bd/base/ip/base_rst_ps7_0_fclk1_0/base_rst_ps7_0_fclk1_0.dcp'. Please regenerate to continue.
WARNING: [IP_Flow 19-3664] IP 'base_rst_ps7_0_fclk1_0' generated file not found '/home/wu/__PYNQ__/boards/Pynq-Z2/base/base/base.gen/sources_1/bd/base/ip/base_rst_ps7_0_fclk1_0/base_rst_ps7_0_fclk1_0_stub.v'. Please regenerate to continue.
WARNING: [IP_Flow 19-3664] IP 'base_rst_ps7_0_fclk1_0' generated file not found '/home/wu/__PYNQ__/boards/Pynq-Z2/base/base/base.gen/sources_1/bd/base/ip/base_rst_ps7_0_fclk1_0/base_rst_ps7_0_fclk1_0_stub.vhdl'. Please regenerate to continue.
WARNING: [IP_Flow 19-3664] IP 'base_rst_ps7_0_fclk1_0' generated file not found '/home/wu/__PYNQ__/boards/Pynq-Z2/base/base/base.gen/sources_1/bd/base/ip/base_rst_ps7_0_fclk1_0/base_rst_ps7_0_fclk1_0_sim_netlist.v'. Please regenerate to continue.
WARNING: [IP_Flow 19-3664] IP 'base_rst_ps7_0_fclk1_0' generated file not found '/home/wu/__PYNQ__/boards/Pynq-Z2/base/base/base.gen/sources_1/bd/base/ip/base_rst_ps7_0_fclk1_0/base_rst_ps7_0_fclk1_0_sim_netlist.vhdl'. Please regenerate to continue.
WARNING: [IP_Flow 19-3664] IP 'base_system_interrupts_0' generated file not found '/home/wu/__PYNQ__/boards/Pynq-Z2/base/base/base.gen/sources_1/bd/base/ip/base_system_interrupts_0/base_system_interrupts_0.dcp'. Please regenerate to continue.
WARNING: [IP_Flow 19-3664] IP 'base_system_interrupts_0' generated file not found '/home/wu/__PYNQ__/boards/Pynq-Z2/base/base/base.gen/sources_1/bd/base/ip/base_system_interrupts_0/base_system_interrupts_0_stub.v'. Please regenerate to continue.
WARNING: [IP_Flow 19-3664] IP 'base_system_interrupts_0' generated file not found '/home/wu/__PYNQ__/boards/Pynq-Z2/base/base/base.gen/sources_1/bd/base/ip/base_system_interrupts_0/base_system_interrupts_0_stub.vhdl'. Please regenerate to continue.
WARNING: [IP_Flow 19-3664] IP 'base_system_interrupts_0' generated file not found '/home/wu/__PYNQ__/boards/Pynq-Z2/base/base/base.gen/sources_1/bd/base/ip/base_system_interrupts_0/base_system_interrupts_0_sim_netlist.v'. Please regenerate to continue.
WARNING: [IP_Flow 19-3664] IP 'base_system_interrupts_0' generated file not found '/home/wu/__PYNQ__/boards/Pynq-Z2/base/base/base.gen/sources_1/bd/base/ip/base_system_interrupts_0/base_system_interrupts_0_sim_netlist.vhdl'. Please regenerate to continue.
WARNING: [IP_Flow 19-3664] IP 'base_xbar_9' generated file not found '/home/wu/__PYNQ__/boards/Pynq-Z2/base/base/base.gen/sources_1/bd/base/ip/base_xbar_9/base_xbar_9.dcp'. Please regenerate to continue.
WARNING: [IP_Flow 19-3664] IP 'base_xbar_9' generated file not found '/home/wu/__PYNQ__/boards/Pynq-Z2/base/base/base.gen/sources_1/bd/base/ip/base_xbar_9/base_xbar_9_stub.v'. Please regenerate to continue.
WARNING: [IP_Flow 19-3664] IP 'base_xbar_9' generated file not found '/home/wu/__PYNQ__/boards/Pynq-Z2/base/base/base.gen/sources_1/bd/base/ip/base_xbar_9/base_xbar_9_stub.vhdl'. Please regenerate to continue.
WARNING: [IP_Flow 19-3664] IP 'base_xbar_9' generated file not found '/home/wu/__PYNQ__/boards/Pynq-Z2/base/base/base.gen/sources_1/bd/base/ip/base_xbar_9/base_xbar_9_sim_netlist.v'. Please regenerate to continue.
WARNING: [IP_Flow 19-3664] IP 'base_xbar_9' generated file not found '/home/wu/__PYNQ__/boards/Pynq-Z2/base/base/base.gen/sources_1/bd/base/ip/base_xbar_9/base_xbar_9_sim_netlist.vhdl'. Please regenerate to continue.
WARNING: [IP_Flow 19-3664] IP 'base_auto_pc_2' generated file not found '/home/wu/__PYNQ__/boards/Pynq-Z2/base/base/base.gen/sources_1/bd/base/ip/base_auto_pc_2/base_auto_pc_2.dcp'. Please regenerate to continue.
WARNING: [IP_Flow 19-3664] IP 'base_auto_pc_2' generated file not found '/home/wu/__PYNQ__/boards/Pynq-Z2/base/base/base.gen/sources_1/bd/base/ip/base_auto_pc_2/base_auto_pc_2_stub.v'. Please regenerate to continue.
WARNING: [IP_Flow 19-3664] IP 'base_auto_pc_2' generated file not found '/home/wu/__PYNQ__/boards/Pynq-Z2/base/base/base.gen/sources_1/bd/base/ip/base_auto_pc_2/base_auto_pc_2_stub.vhdl'. Please regenerate to continue.
WARNING: [IP_Flow 19-3664] IP 'base_auto_pc_2' generated file not found '/home/wu/__PYNQ__/boards/Pynq-Z2/base/base/base.gen/sources_1/bd/base/ip/base_auto_pc_2/base_auto_pc_2_sim_netlist.v'. Please regenerate to continue.
WARNING: [IP_Flow 19-3664] IP 'base_auto_pc_2' generated file not found '/home/wu/__PYNQ__/boards/Pynq-Z2/base/base/base.gen/sources_1/bd/base/ip/base_auto_pc_2/base_auto_pc_2_sim_netlist.vhdl'. Please regenerate to continue.
WARNING: [IP_Flow 19-3664] IP 'base_m00_regslice_17' generated file not found '/home/wu/__PYNQ__/boards/Pynq-Z2/base/base/base.gen/sources_1/bd/base/ip/base_m00_regslice_17/base_m00_regslice_17.dcp'. Please regenerate to continue.
WARNING: [IP_Flow 19-3664] IP 'base_m00_regslice_17' generated file not found '/home/wu/__PYNQ__/boards/Pynq-Z2/base/base/base.gen/sources_1/bd/base/ip/base_m00_regslice_17/base_m00_regslice_17_stub.v'. Please regenerate to continue.
WARNING: [IP_Flow 19-3664] IP 'base_m00_regslice_17' generated file not found '/home/wu/__PYNQ__/boards/Pynq-Z2/base/base/base.gen/sources_1/bd/base/ip/base_m00_regslice_17/base_m00_regslice_17_stub.vhdl'. Please regenerate to continue.
WARNING: [IP_Flow 19-3664] IP 'base_m00_regslice_17' generated file not found '/home/wu/__PYNQ__/boards/Pynq-Z2/base/base/base.gen/sources_1/bd/base/ip/base_m00_regslice_17/base_m00_regslice_17_sim_netlist.v'. Please regenerate to continue.
WARNING: [IP_Flow 19-3664] IP 'base_m00_regslice_17' generated file not found '/home/wu/__PYNQ__/boards/Pynq-Z2/base/base/base.gen/sources_1/bd/base/ip/base_m00_regslice_17/base_m00_regslice_17_sim_netlist.vhdl'. Please regenerate to continue.
WARNING: [IP_Flow 19-3664] IP 'base_auto_cc_0' generated file not found '/home/wu/__PYNQ__/boards/Pynq-Z2/base/base/base.gen/sources_1/bd/base/ip/base_auto_cc_0/base_auto_cc_0.dcp'. Please regenerate to continue.
WARNING: [IP_Flow 19-3664] IP 'base_auto_cc_0' generated file not found '/home/wu/__PYNQ__/boards/Pynq-Z2/base/base/base.gen/sources_1/bd/base/ip/base_auto_cc_0/base_auto_cc_0_stub.v'. Please regenerate to continue.
WARNING: [IP_Flow 19-3664] IP 'base_auto_cc_0' generated file not found '/home/wu/__PYNQ__/boards/Pynq-Z2/base/base/base.gen/sources_1/bd/base/ip/base_auto_cc_0/base_auto_cc_0_stub.vhdl'. Please regenerate to continue.
WARNING: [IP_Flow 19-3664] IP 'base_auto_cc_0' generated file not found '/home/wu/__PYNQ__/boards/Pynq-Z2/base/base/base.gen/sources_1/bd/base/ip/base_auto_cc_0/base_auto_cc_0_sim_netlist.v'. Please regenerate to continue.
WARNING: [IP_Flow 19-3664] IP 'base_auto_cc_0' generated file not found '/home/wu/__PYNQ__/boards/Pynq-Z2/base/base/base.gen/sources_1/bd/base/ip/base_auto_cc_0/base_auto_cc_0_sim_netlist.vhdl'. Please regenerate to continue.
WARNING: [IP_Flow 19-3664] IP 'base_m02_regslice_0' generated file not found '/home/wu/__PYNQ__/boards/Pynq-Z2/base/base/base.gen/sources_1/bd/base/ip/base_m02_regslice_0/base_m02_regslice_0.dcp'. Please regenerate to continue.
WARNING: [IP_Flow 19-3664] IP 'base_m02_regslice_0' generated file not found '/home/wu/__PYNQ__/boards/Pynq-Z2/base/base/base.gen/sources_1/bd/base/ip/base_m02_regslice_0/base_m02_regslice_0_stub.v'. Please regenerate to continue.
WARNING: [IP_Flow 19-3664] IP 'base_m02_regslice_0' generated file not found '/home/wu/__PYNQ__/boards/Pynq-Z2/base/base/base.gen/sources_1/bd/base/ip/base_m02_regslice_0/base_m02_regslice_0_stub.vhdl'. Please regenerate to continue.
WARNING: [IP_Flow 19-3664] IP 'base_m02_regslice_0' generated file not found '/home/wu/__PYNQ__/boards/Pynq-Z2/base/base/base.gen/sources_1/bd/base/ip/base_m02_regslice_0/base_m02_regslice_0_sim_netlist.v'. Please regenerate to continue.
WARNING: [IP_Flow 19-3664] IP 'base_m02_regslice_0' generated file not found '/home/wu/__PYNQ__/boards/Pynq-Z2/base/base/base.gen/sources_1/bd/base/ip/base_m02_regslice_0/base_m02_regslice_0_sim_netlist.vhdl'. Please regenerate to continue.
WARNING: [IP_Flow 19-3664] IP 'base_auto_cc_1' generated file not found '/home/wu/__PYNQ__/boards/Pynq-Z2/base/base/base.gen/sources_1/bd/base/ip/base_auto_cc_1/base_auto_cc_1.dcp'. Please regenerate to continue.
WARNING: [IP_Flow 19-3664] IP 'base_auto_cc_1' generated file not found '/home/wu/__PYNQ__/boards/Pynq-Z2/base/base/base.gen/sources_1/bd/base/ip/base_auto_cc_1/base_auto_cc_1_stub.v'. Please regenerate to continue.
WARNING: [IP_Flow 19-3664] IP 'base_auto_cc_1' generated file not found '/home/wu/__PYNQ__/boards/Pynq-Z2/base/base/base.gen/sources_1/bd/base/ip/base_auto_cc_1/base_auto_cc_1_stub.vhdl'. Please regenerate to continue.
WARNING: [IP_Flow 19-3664] IP 'base_auto_cc_1' generated file not found '/home/wu/__PYNQ__/boards/Pynq-Z2/base/base/base.gen/sources_1/bd/base/ip/base_auto_cc_1/base_auto_cc_1_sim_netlist.v'. Please regenerate to continue.
WARNING: [IP_Flow 19-3664] IP 'base_auto_cc_1' generated file not found '/home/wu/__PYNQ__/boards/Pynq-Z2/base/base/base.gen/sources_1/bd/base/ip/base_auto_cc_1/base_auto_cc_1_sim_netlist.vhdl'. Please regenerate to continue.
WARNING: [IP_Flow 19-3664] IP 'base_m03_regslice_0' generated file not found '/home/wu/__PYNQ__/boards/Pynq-Z2/base/base/base.gen/sources_1/bd/base/ip/base_m03_regslice_0/base_m03_regslice_0.dcp'. Please regenerate to continue.
WARNING: [IP_Flow 19-3664] IP 'base_m03_regslice_0' generated file not found '/home/wu/__PYNQ__/boards/Pynq-Z2/base/base/base.gen/sources_1/bd/base/ip/base_m03_regslice_0/base_m03_regslice_0_stub.v'. Please regenerate to continue.
WARNING: [IP_Flow 19-3664] IP 'base_m03_regslice_0' generated file not found '/home/wu/__PYNQ__/boards/Pynq-Z2/base/base/base.gen/sources_1/bd/base/ip/base_m03_regslice_0/base_m03_regslice_0_stub.vhdl'. Please regenerate to continue.
WARNING: [IP_Flow 19-3664] IP 'base_m03_regslice_0' generated file not found '/home/wu/__PYNQ__/boards/Pynq-Z2/base/base/base.gen/sources_1/bd/base/ip/base_m03_regslice_0/base_m03_regslice_0_sim_netlist.v'. Please regenerate to continue.
WARNING: [IP_Flow 19-3664] IP 'base_m03_regslice_0' generated file not found '/home/wu/__PYNQ__/boards/Pynq-Z2/base/base/base.gen/sources_1/bd/base/ip/base_m03_regslice_0/base_m03_regslice_0_sim_netlist.vhdl'. Please regenerate to continue.
WARNING: [IP_Flow 19-3664] IP 'base_xbar_10' generated file not found '/home/wu/__PYNQ__/boards/Pynq-Z2/base/base/base.gen/sources_1/bd/base/ip/base_xbar_10/base_xbar_10.dcp'. Please regenerate to continue.
WARNING: [IP_Flow 19-3664] IP 'base_xbar_10' generated file not found '/home/wu/__PYNQ__/boards/Pynq-Z2/base/base/base.gen/sources_1/bd/base/ip/base_xbar_10/base_xbar_10_stub.v'. Please regenerate to continue.
WARNING: [IP_Flow 19-3664] IP 'base_xbar_10' generated file not found '/home/wu/__PYNQ__/boards/Pynq-Z2/base/base/base.gen/sources_1/bd/base/ip/base_xbar_10/base_xbar_10_stub.vhdl'. Please regenerate to continue.
WARNING: [IP_Flow 19-3664] IP 'base_xbar_10' generated file not found '/home/wu/__PYNQ__/boards/Pynq-Z2/base/base/base.gen/sources_1/bd/base/ip/base_xbar_10/base_xbar_10_sim_netlist.v'. Please regenerate to continue.
WARNING: [IP_Flow 19-3664] IP 'base_xbar_10' generated file not found '/home/wu/__PYNQ__/boards/Pynq-Z2/base/base/base.gen/sources_1/bd/base/ip/base_xbar_10/base_xbar_10_sim_netlist.vhdl'. Please regenerate to continue.
WARNING: [IP_Flow 19-3664] IP 'base_auto_us_0' generated file not found '/home/wu/__PYNQ__/boards/Pynq-Z2/base/base/base.gen/sources_1/bd/base/ip/base_auto_us_0/base_auto_us_0.dcp'. Please regenerate to continue.
WARNING: [IP_Flow 19-3664] IP 'base_auto_us_0' generated file not found '/home/wu/__PYNQ__/boards/Pynq-Z2/base/base/base.gen/sources_1/bd/base/ip/base_auto_us_0/base_auto_us_0_stub.v'. Please regenerate to continue.
WARNING: [IP_Flow 19-3664] IP 'base_auto_us_0' generated file not found '/home/wu/__PYNQ__/boards/Pynq-Z2/base/base/base.gen/sources_1/bd/base/ip/base_auto_us_0/base_auto_us_0_stub.vhdl'. Please regenerate to continue.
WARNING: [IP_Flow 19-3664] IP 'base_auto_us_0' generated file not found '/home/wu/__PYNQ__/boards/Pynq-Z2/base/base/base.gen/sources_1/bd/base/ip/base_auto_us_0/base_auto_us_0_sim_netlist.v'. Please regenerate to continue.
WARNING: [IP_Flow 19-3664] IP 'base_auto_us_0' generated file not found '/home/wu/__PYNQ__/boards/Pynq-Z2/base/base/base.gen/sources_1/bd/base/ip/base_auto_us_0/base_auto_us_0_sim_netlist.vhdl'. Please regenerate to continue.
WARNING: [IP_Flow 19-3664] IP 'base_auto_pc_3' generated file not found '/home/wu/__PYNQ__/boards/Pynq-Z2/base/base/base.gen/sources_1/bd/base/ip/base_auto_pc_3/base_auto_pc_3.dcp'. Please regenerate to continue.
WARNING: [IP_Flow 19-3664] IP 'base_auto_pc_3' generated file not found '/home/wu/__PYNQ__/boards/Pynq-Z2/base/base/base.gen/sources_1/bd/base/ip/base_auto_pc_3/base_auto_pc_3_stub.v'. Please regenerate to continue.
WARNING: [IP_Flow 19-3664] IP 'base_auto_pc_3' generated file not found '/home/wu/__PYNQ__/boards/Pynq-Z2/base/base/base.gen/sources_1/bd/base/ip/base_auto_pc_3/base_auto_pc_3_stub.vhdl'. Please regenerate to continue.
WARNING: [IP_Flow 19-3664] IP 'base_auto_pc_3' generated file not found '/home/wu/__PYNQ__/boards/Pynq-Z2/base/base/base.gen/sources_1/bd/base/ip/base_auto_pc_3/base_auto_pc_3_sim_netlist.v'. Please regenerate to continue.
WARNING: [IP_Flow 19-3664] IP 'base_auto_pc_3' generated file not found '/home/wu/__PYNQ__/boards/Pynq-Z2/base/base/base.gen/sources_1/bd/base/ip/base_auto_pc_3/base_auto_pc_3_sim_netlist.vhdl'. Please regenerate to continue.
WARNING: [IP_Flow 19-3664] IP 'base_axi_vdma_0' generated file not found '/home/wu/__PYNQ__/boards/Pynq-Z2/base/base/base.gen/sources_1/bd/base/ip/base_axi_vdma_0/base_axi_vdma_0.dcp'. Please regenerate to continue.
WARNING: [IP_Flow 19-3664] IP 'base_axi_vdma_0' generated file not found '/home/wu/__PYNQ__/boards/Pynq-Z2/base/base/base.gen/sources_1/bd/base/ip/base_axi_vdma_0/base_axi_vdma_0_stub.v'. Please regenerate to continue.
WARNING: [IP_Flow 19-3664] IP 'base_axi_vdma_0' generated file not found '/home/wu/__PYNQ__/boards/Pynq-Z2/base/base/base.gen/sources_1/bd/base/ip/base_axi_vdma_0/base_axi_vdma_0_stub.vhdl'. Please regenerate to continue.
WARNING: [IP_Flow 19-3664] IP 'base_axi_vdma_0' generated file not found '/home/wu/__PYNQ__/boards/Pynq-Z2/base/base/base.gen/sources_1/bd/base/ip/base_axi_vdma_0/base_axi_vdma_0_sim_netlist.v'. Please regenerate to continue.
WARNING: [IP_Flow 19-3664] IP 'base_axi_vdma_0' generated file not found '/home/wu/__PYNQ__/boards/Pynq-Z2/base/base/base.gen/sources_1/bd/base/ip/base_axi_vdma_0/base_axi_vdma_0_sim_netlist.vhdl'. Please regenerate to continue.
WARNING: [IP_Flow 19-3664] IP 'base_axis_register_slice_0_0' generated file not found '/home/wu/__PYNQ__/boards/Pynq-Z2/base/base/base.gen/sources_1/bd/base/ip/base_axis_register_slice_0_0/base_axis_register_slice_0_0.dcp'. Please regenerate to continue.
WARNING: [IP_Flow 19-3664] IP 'base_axis_register_slice_0_0' generated file not found '/home/wu/__PYNQ__/boards/Pynq-Z2/base/base/base.gen/sources_1/bd/base/ip/base_axis_register_slice_0_0/base_axis_register_slice_0_0_stub.v'. Please regenerate to continue.
WARNING: [IP_Flow 19-3664] IP 'base_axis_register_slice_0_0' generated file not found '/home/wu/__PYNQ__/boards/Pynq-Z2/base/base/base.gen/sources_1/bd/base/ip/base_axis_register_slice_0_0/base_axis_register_slice_0_0_stub.vhdl'. Please regenerate to continue.
WARNING: [IP_Flow 19-3664] IP 'base_axis_register_slice_0_0' generated file not found '/home/wu/__PYNQ__/boards/Pynq-Z2/base/base/base.gen/sources_1/bd/base/ip/base_axis_register_slice_0_0/base_axis_register_slice_0_0_sim_netlist.v'. Please regenerate to continue.
WARNING: [IP_Flow 19-3664] IP 'base_axis_register_slice_0_0' generated file not found '/home/wu/__PYNQ__/boards/Pynq-Z2/base/base/base.gen/sources_1/bd/base/ip/base_axis_register_slice_0_0/base_axis_register_slice_0_0_sim_netlist.vhdl'. Please regenerate to continue.
WARNING: [IP_Flow 19-3664] IP 'base_color_convert_0' generated file not found '/home/wu/__PYNQ__/boards/Pynq-Z2/base/base/base.gen/sources_1/bd/base/ip/base_color_convert_0/base_color_convert_0.dcp'. Please regenerate to continue.
WARNING: [IP_Flow 19-3664] IP 'base_color_convert_0' generated file not found '/home/wu/__PYNQ__/boards/Pynq-Z2/base/base/base.gen/sources_1/bd/base/ip/base_color_convert_0/base_color_convert_0_stub.v'. Please regenerate to continue.
WARNING: [IP_Flow 19-3664] IP 'base_color_convert_0' generated file not found '/home/wu/__PYNQ__/boards/Pynq-Z2/base/base/base.gen/sources_1/bd/base/ip/base_color_convert_0/base_color_convert_0_stub.vhdl'. Please regenerate to continue.
WARNING: [IP_Flow 19-3664] IP 'base_color_convert_0' generated file not found '/home/wu/__PYNQ__/boards/Pynq-Z2/base/base/base.gen/sources_1/bd/base/ip/base_color_convert_0/base_color_convert_0_sim_netlist.v'. Please regenerate to continue.
WARNING: [IP_Flow 19-3664] IP 'base_color_convert_0' generated file not found '/home/wu/__PYNQ__/boards/Pynq-Z2/base/base/base.gen/sources_1/bd/base/ip/base_color_convert_0/base_color_convert_0_sim_netlist.vhdl'. Please regenerate to continue.
INFO: [Common 17-14] Message 'IP_Flow 19-3664' appears 100 times and further instances of the messages will be disabled. Use the Tcl command set_msg_config to change the current settings.
update_compile_order -fileset sources_1
