#-----------------------------------------------------------
# Vivado v2024.1 (64-bit)
# SW Build 5076996 on Wed May 22 18:36:09 MDT 2024
# IP Build 5075265 on Wed May 22 21:45:21 MDT 2024
# SharedData Build 5076995 on Wed May 22 18:29:18 MDT 2024
# Start of session at: Thu Oct 23 02:04:48 2025
# Process ID: 28591
# Current directory: /home/wu/__PYNQ__/boards/Pynq-Z2/base
# Command line: vivado
# Log file: /home/wu/__PYNQ__/boards/Pynq-Z2/base/vivado.log
# Journal file: /home/wu/__PYNQ__/boards/Pynq-Z2/base/vivado.jou
# Running On        :ubuntu
# Platform          :Ubuntu
# Operating System  :Ubuntu 24.10
# Processor Detail  :13th Gen Intel(R) Core(TM) i7-13700HX
# CPU Frequency     :2304.001 MHz
# CPU Physical cores:16
# CPU Logical cores :16
# Host memory       :10377 MB
# Swap memory       :4294 MB
# Total Virtual     :14672 MB
# Available Virtual :12017 MB
#-----------------------------------------------------------
start_gui
WARNING: [Board 49-26] cannot add Board Part xilinx.com:kc705:part0:1.6 available at /tools/Xilinx/Vivado/2024.1/data/xhub/boards/XilinxBoardStore/boards/Xilinx/kc705/1.6/board.xml as part xc7k325tffg900-2 specified in board_part file is either invalid or not available
WARNING: [Board 49-26] cannot add Board Part xilinx.com:kcu105:part0:1.6 available at /tools/Xilinx/Vivado/2024.1/data/xhub/boards/XilinxBoardStore/boards/Xilinx/kcu105/1.6/board.xml as part xcku040-ffva1156-2-e specified in board_part file is either invalid or not available
WARNING: [Board 49-26] cannot add Board Part xilinx.com:kcu105:part0:1.7 available at /tools/Xilinx/Vivado/2024.1/data/xhub/boards/XilinxBoardStore/boards/Xilinx/kcu105/1.7/board.xml as part xcku040-ffva1156-2-e specified in board_part file is either invalid or not available
WARNING: [Board 49-26] cannot add Board Part xilinx.com:kcu116:part0:1.4 available at /tools/Xilinx/Vivado/2024.1/data/xhub/boards/XilinxBoardStore/boards/Xilinx/kcu116/1.4/board.xml as part xcku5p-ffvb676-2-e specified in board_part file is either invalid or not available
WARNING: [Board 49-26] cannot add Board Part xilinx.com:kcu116:part0:1.5 available at /tools/Xilinx/Vivado/2024.1/data/xhub/boards/XilinxBoardStore/boards/Xilinx/kcu116/1.5/board.xml as part xcku5p-ffvb676-2-e specified in board_part file is either invalid or not available
WARNING: [Board 49-26] cannot add Board Part xilinx.com:kcu1500:part0:1.2 available at /tools/Xilinx/Vivado/2024.1/data/xhub/boards/XilinxBoardStore/boards/Xilinx/kcu1500/1.2/board.xml as part xcku115-flvb2104-2-e specified in board_part file is either invalid or not available
WARNING: [Board 49-26] cannot add Board Part xilinx.com:vc707:part0:1.4 available at /tools/Xilinx/Vivado/2024.1/data/xhub/boards/XilinxBoardStore/boards/Xilinx/vc707/1.4/board.xml as part xc7vx485tffg1761-2 specified in board_part file is either invalid or not available
WARNING: [Board 49-26] cannot add Board Part xilinx.com:vc709:part0:1.8 available at /tools/Xilinx/Vivado/2024.1/data/xhub/boards/XilinxBoardStore/boards/Xilinx/vc709/1.8/board.xml as part xc7vx690tffg1761-2 specified in board_part file is either invalid or not available
WARNING: [Board 49-26] cannot add Board Part xilinx.com:vck190:part0:2.2 available at /tools/Xilinx/Vivado/2024.1/data/xhub/boards/XilinxBoardStore/boards/Xilinx/vck190/production/2.2/board.xml as part xcvc1902-vsva2197-2mp-e-s specified in board_part file is either invalid or not available
WARNING: [Board 49-26] cannot add Board Part xilinx.com:vck190:part0:3.0 available at /tools/Xilinx/Vivado/2024.1/data/xhub/boards/XilinxBoardStore/boards/Xilinx/vck190/production/3.0/board.xml as part xcvc1902-vsva2197-2mp-e-s specified in board_part file is either invalid or not available
WARNING: [Board 49-26] cannot add Board Part xilinx.com:vck190:part0:3.1 available at /tools/Xilinx/Vivado/2024.1/data/xhub/boards/XilinxBoardStore/boards/Xilinx/vck190/production/3.1/board.xml as part xcvc1902-vsva2197-2mp-e-s specified in board_part file is either invalid or not available
WARNING: [Board 49-26] cannot add Board Part xilinx.com:vck190:part0:3.2 available at /tools/Xilinx/Vivado/2024.1/data/xhub/boards/XilinxBoardStore/boards/Xilinx/vck190/production/3.2/board.xml as part xcvc1902-vsva2197-2mp-e-s specified in board_part file is either invalid or not available
WARNING: [Board 49-26] cannot add Board Part xilinx.com:vck190:part0:3.3 available at /tools/Xilinx/Vivado/2024.1/data/xhub/boards/XilinxBoardStore/boards/Xilinx/vck190/production/3.3/board.xml as part xcvc1902-vsva2197-2mp-e-s specified in board_part file is either invalid or not available
WARNING: [Board 49-26] cannot add Board Part xilinx.com:vck190_newl:part0:1.0 available at /tools/Xilinx/Vivado/2024.1/data/xhub/boards/XilinxBoardStore/boards/Xilinx/vck190_newl/production/1.0/board.xml as part xcvc1902-vsva2197-2mp-e-s specified in board_part file is either invalid or not available
WARNING: [Board 49-26] cannot add Board Part xilinx.com:vck190_newl:part0:1.1 available at /tools/Xilinx/Vivado/2024.1/data/xhub/boards/XilinxBoardStore/boards/Xilinx/vck190_newl/production/1.1/board.xml as part xcvc1902-vsva2197-2mp-e-s specified in board_part file is either invalid or not available
WARNING: [Board 49-26] cannot add Board Part xilinx.com:vck190_newl:part0:1.2 available at /tools/Xilinx/Vivado/2024.1/data/xhub/boards/XilinxBoardStore/boards/Xilinx/vck190_newl/production/1.2/board.xml as part xcvc1902-vsva2197-2mp-e-s specified in board_part file is either invalid or not available
WARNING: [Board 49-26] cannot add Board Part xilinx.com:vcu108:part0:1.6 available at /tools/Xilinx/Vivado/2024.1/data/xhub/boards/XilinxBoardStore/boards/Xilinx/vcu108/1.6/board.xml as part xcvu095-ffva2104-2-e specified in board_part file is either invalid or not available
WARNING: [Board 49-26] cannot add Board Part xilinx.com:vcu108:part0:1.7 available at /tools/Xilinx/Vivado/2024.1/data/xhub/boards/XilinxBoardStore/boards/Xilinx/vcu108/1.7/board.xml as part xcvu095-ffva2104-2-e specified in board_part file is either invalid or not available
WARNING: [Board 49-26] cannot add Board Part xilinx.com:vcu110:part0:1.4 available at /tools/Xilinx/Vivado/2024.1/data/xhub/boards/XilinxBoardStore/boards/Xilinx/vcu110/1.4/board.xml as part xcvu190-flgc2104-2-e specified in board_part file is either invalid or not available
WARNING: [Board 49-26] cannot add Board Part xilinx.com:vcu118:part0:2.0 available at /tools/Xilinx/Vivado/2024.1/data/xhub/boards/XilinxBoardStore/boards/Xilinx/vcu118/2.0/board.xml as part xcvu9p-flga2104-2l-e specified in board_part file is either invalid or not available
WARNING: [Board 49-26] cannot add Board Part xilinx.com:vcu118:part0:2.3 available at /tools/Xilinx/Vivado/2024.1/data/xhub/boards/XilinxBoardStore/boards/Xilinx/vcu118/2.3/board.xml as part xcvu9p-flga2104-2l-e specified in board_part file is either invalid or not available
WARNING: [Board 49-26] cannot add Board Part xilinx.com:vcu118:part0:2.4 available at /tools/Xilinx/Vivado/2024.1/data/xhub/boards/XilinxBoardStore/boards/Xilinx/vcu118/2.4/board.xml as part xcvu9p-flga2104-2l-e specified in board_part file is either invalid or not available
WARNING: [Board 49-26] cannot add Board Part xilinx.com:vcu128:part0:1.0 available at /tools/Xilinx/Vivado/2024.1/data/xhub/boards/XilinxBoardStore/boards/Xilinx/vcu128/production/1.0/board.xml as part xcvu37p-fsvh2892-2l-e specified in board_part file is either invalid or not available
WARNING: [Board 49-26] cannot add Board Part xilinx.com:vcu129:part0:1.0 available at /tools/Xilinx/Vivado/2024.1/data/xhub/boards/XilinxBoardStore/boards/Xilinx/vcu129/production/1.0/board.xml as part xcvu29p-fsga2577-2l-e specified in board_part file is either invalid or not available
WARNING: [Board 49-26] cannot add Board Part xilinx.com:vcu1525:part0:1.3 available at /tools/Xilinx/Vivado/2024.1/data/xhub/boards/XilinxBoardStore/boards/Xilinx/vcu1525/1.3/board.xml as part xcvu9p-fsgd2104-2l-e specified in board_part file is either invalid or not available
WARNING: [Board 49-26] cannot add Board Part xilinx.com:vek280:part0:1.0 available at /tools/Xilinx/Vivado/2024.1/data/xhub/boards/XilinxBoardStore/boards/Xilinx/vek280/production/1.0/board.xml as part xcve2802-vsvh1760-2mp-e-s specified in board_part file is either invalid or not available
WARNING: [Board 49-26] cannot add Board Part xilinx.com:vek280:part0:1.1 available at /tools/Xilinx/Vivado/2024.1/data/xhub/boards/XilinxBoardStore/boards/Xilinx/vek280/production/1.1/board.xml as part xcve2802-vsvh1760-2mp-e-s specified in board_part file is either invalid or not available
WARNING: [Board 49-26] cannot add Board Part xilinx.com:vek280:part0:1.2 available at /tools/Xilinx/Vivado/2024.1/data/xhub/boards/XilinxBoardStore/boards/Xilinx/vek280/production/1.2/board.xml as part xcve2802-vsvh1760-2mp-e-s specified in board_part file is either invalid or not available
WARNING: [Board 49-26] cannot add Board Part xilinx.com:vek280_es:part0:1.0 available at /tools/Xilinx/Vivado/2024.1/data/xhub/boards/XilinxBoardStore/boards/Xilinx/vek280/es/rev_a/1.0/board.xml as part xcve2802-vsvh1760-2lp-e-s-es1 specified in board_part file is either invalid or not available
WARNING: [Board 49-26] cannot add Board Part xilinx.com:vek280_es:part0:1.1 available at /tools/Xilinx/Vivado/2024.1/data/xhub/boards/XilinxBoardStore/boards/Xilinx/vek280/es/rev_a/1.1/board.xml as part xcve2802-vsvh1760-2lp-e-s-es1 specified in board_part file is either invalid or not available
WARNING: [Board 49-26] cannot add Board Part xilinx.com:vek280_es_revb:part0:1.0 available at /tools/Xilinx/Vivado/2024.1/data/xhub/boards/XilinxBoardStore/boards/Xilinx/vek280/es/rev_b/1.0/board.xml as part xcve2802-vsvh1760-2mp-e-s-es1 specified in board_part file is either invalid or not available
WARNING: [Board 49-26] cannot add Board Part xilinx.com:vek280_es_revb:part0:1.1 available at /tools/Xilinx/Vivado/2024.1/data/xhub/boards/XilinxBoardStore/boards/Xilinx/vek280/es/rev_b/1.1/board.xml as part xcve2802-vsvh1760-2mp-e-s-es1 specified in board_part file is either invalid or not available
WARNING: [Board 49-26] cannot add Board Part xilinx.com:vermeo_t1_mpsoc:part0:1.0 available at /tools/Xilinx/Vivado/2024.1/data/xhub/boards/XilinxBoardStore/boards/Xilinx/vermeo_t1_mpsoc/1.0/board.xml as part xczu19eg-ffvd1760-2l-e specified in board_part file is either invalid or not available
WARNING: [Board 49-26] cannot add Board Part xilinx.com:vermeo_t1_rfsoc:part0:1.0 available at /tools/Xilinx/Vivado/2024.1/data/xhub/boards/XilinxBoardStore/boards/Xilinx/vermeo_t1_rfsoc/1.0/board.xml as part xczu21dr-ffvd1156-2l-e specified in board_part file is either invalid or not available
WARNING: [Board 49-26] cannot add Board Part xilinx.com:vhk158:part0:1.0 available at /tools/Xilinx/Vivado/2024.1/data/xhub/boards/XilinxBoardStore/boards/Xilinx/vhk158/production/1.0/board.xml as part xcvh1582-vsva3697-2mp-e-s specified in board_part file is either invalid or not available
WARNING: [Board 49-26] cannot add Board Part xilinx.com:vhk158:part0:1.1 available at /tools/Xilinx/Vivado/2024.1/data/xhub/boards/XilinxBoardStore/boards/Xilinx/vhk158/production/1.1/board.xml as part xcvh1582-vsva3697-2mp-e-s specified in board_part file is either invalid or not available
WARNING: [Board 49-26] cannot add Board Part xilinx.com:vhk158_es:part0:1.0 available at /tools/Xilinx/Vivado/2024.1/data/xhub/boards/XilinxBoardStore/boards/Xilinx/vhk158/es/1.0/board.xml as part xcvh1582-vsva3697-2mp-e-s-es1 specified in board_part file is either invalid or not available
WARNING: [Board 49-26] cannot add Board Part xilinx.com:vhk158_es:part0:1.1 available at /tools/Xilinx/Vivado/2024.1/data/xhub/boards/XilinxBoardStore/boards/Xilinx/vhk158/es/1.1/board.xml as part xcvh1582-vsva3697-2mp-e-s-es1 specified in board_part file is either invalid or not available
WARNING: [Board 49-26] cannot add Board Part xilinx.com:vmk180:part0:2.2 available at /tools/Xilinx/Vivado/2024.1/data/xhub/boards/XilinxBoardStore/boards/Xilinx/vmk180/production/2.2/board.xml as part xcvm1802-vsva2197-2mp-e-s specified in board_part file is either invalid or not available
WARNING: [Board 49-26] cannot add Board Part xilinx.com:vmk180:part0:3.0 available at /tools/Xilinx/Vivado/2024.1/data/xhub/boards/XilinxBoardStore/boards/Xilinx/vmk180/production/3.0/board.xml as part xcvm1802-vsva2197-2mp-e-s specified in board_part file is either invalid or not available
WARNING: [Board 49-26] cannot add Board Part xilinx.com:vmk180:part0:3.1 available at /tools/Xilinx/Vivado/2024.1/data/xhub/boards/XilinxBoardStore/boards/Xilinx/vmk180/production/3.1/board.xml as part xcvm1802-vsva2197-2mp-e-s specified in board_part file is either invalid or not available
WARNING: [Board 49-26] cannot add Board Part xilinx.com:vmk180:part0:3.2 available at /tools/Xilinx/Vivado/2024.1/data/xhub/boards/XilinxBoardStore/boards/Xilinx/vmk180/production/3.2/board.xml as part xcvm1802-vsva2197-2mp-e-s specified in board_part file is either invalid or not available
WARNING: [Board 49-26] cannot add Board Part xilinx.com:vmk180_newl:part0:1.0 available at /tools/Xilinx/Vivado/2024.1/data/xhub/boards/XilinxBoardStore/boards/Xilinx/vmk180_newl/production/1.0/board.xml as part xcvm1802-vsva2197-2mp-e-s specified in board_part file is either invalid or not available
WARNING: [Board 49-26] cannot add Board Part xilinx.com:vmk180_newl:part0:1.1 available at /tools/Xilinx/Vivado/2024.1/data/xhub/boards/XilinxBoardStore/boards/Xilinx/vmk180_newl/production/1.1/board.xml as part xcvm1802-vsva2197-2mp-e-s specified in board_part file is either invalid or not available
WARNING: [Board 49-26] cannot add Board Part xilinx.com:vpk120:part0:1.0 available at /tools/Xilinx/Vivado/2024.1/data/xhub/boards/XilinxBoardStore/boards/Xilinx/vpk120/production/1.0/board.xml as part xcvp1202-vsva2785-2mp-e-s specified in board_part file is either invalid or not available
WARNING: [Board 49-26] cannot add Board Part xilinx.com:vpk120:part0:1.1 available at /tools/Xilinx/Vivado/2024.1/data/xhub/boards/XilinxBoardStore/boards/Xilinx/vpk120/production/1.1/board.xml as part xcvp1202-vsva2785-2mp-e-s specified in board_part file is either invalid or not available
WARNING: [Board 49-26] cannot add Board Part xilinx.com:vpk120:part0:1.2 available at /tools/Xilinx/Vivado/2024.1/data/xhub/boards/XilinxBoardStore/boards/Xilinx/vpk120/production/1.2/board.xml as part xcvp1202-vsva2785-2mp-e-s specified in board_part file is either invalid or not available
WARNING: [Board 49-26] cannot add Board Part xilinx.com:vpk180:part0:1.0 available at /tools/Xilinx/Vivado/2024.1/data/xhub/boards/XilinxBoardStore/boards/Xilinx/vpk180/production/1.0/board.xml as part xcvp1802-lsvc4072-2mp-e-s specified in board_part file is either invalid or not available
WARNING: [Board 49-26] cannot add Board Part xilinx.com:vpk180:part0:1.1 available at /tools/Xilinx/Vivado/2024.1/data/xhub/boards/XilinxBoardStore/boards/Xilinx/vpk180/production/1.1/board.xml as part xcvp1802-lsvc4072-2mp-e-s specified in board_part file is either invalid or not available
WARNING: [Board 49-26] cannot add Board Part xilinx.com:vpk180:part0:1.2 available at /tools/Xilinx/Vivado/2024.1/data/xhub/boards/XilinxBoardStore/boards/Xilinx/vpk180/production/1.2/board.xml as part xcvp1802-lsvc4072-2mp-e-s specified in board_part file is either invalid or not available
WARNING: [Board 49-26] cannot add Board Part xilinx.com:zc706:part0:1.4 available at /tools/Xilinx/Vivado/2024.1/data/xhub/boards/XilinxBoardStore/boards/Xilinx/zc706/1.4/board.xml as part xc7z045ffg900-2 specified in board_part file is either invalid or not available
WARNING: [Board 49-26] cannot add Board Part xilinx.com:zcu102:part0:3.3 available at /tools/Xilinx/Vivado/2024.1/data/xhub/boards/XilinxBoardStore/boards/Xilinx/zcu102/3.3/board.xml as part xczu9eg-ffvb1156-2-e specified in board_part file is either invalid or not available
WARNING: [Board 49-26] cannot add Board Part xilinx.com:zcu102:part0:3.4 available at /tools/Xilinx/Vivado/2024.1/data/xhub/boards/XilinxBoardStore/boards/Xilinx/zcu102/3.4/board.xml as part xczu9eg-ffvb1156-2-e specified in board_part file is either invalid or not available
WARNING: [Board 49-26] cannot add Board Part xilinx.com:zcu111:part0:1.2 available at /tools/Xilinx/Vivado/2024.1/data/xhub/boards/XilinxBoardStore/boards/Xilinx/zcu111/1.2/board.xml as part xczu28dr-ffvg1517-2-e specified in board_part file is either invalid or not available
WARNING: [Board 49-26] cannot add Board Part xilinx.com:zcu111:part0:1.3 available at /tools/Xilinx/Vivado/2024.1/data/xhub/boards/XilinxBoardStore/boards/Xilinx/zcu111/1.3/board.xml as part xczu28dr-ffvg1517-2-e specified in board_part file is either invalid or not available
WARNING: [Board 49-26] cannot add Board Part xilinx.com:zcu111:part0:1.4 available at /tools/Xilinx/Vivado/2024.1/data/xhub/boards/XilinxBoardStore/boards/Xilinx/zcu111/1.4/board.xml as part xczu28dr-ffvg1517-2-e specified in board_part file is either invalid or not available
WARNING: [Board 49-26] cannot add Board Part xilinx.com:zcu1275:part0:1.0 available at /tools/Xilinx/Vivado/2024.1/data/xhub/boards/XilinxBoardStore/boards/Xilinx/zcu1275/1.0/board.xml as part xczu29dr-ffvf1760-2-e specified in board_part file is either invalid or not available
WARNING: [Board 49-26] cannot add Board Part xilinx.com:zcu1285:part0:1.0 available at /tools/Xilinx/Vivado/2024.1/data/xhub/boards/XilinxBoardStore/boards/Xilinx/zcu1285/1.0/board.xml as part xczu39dr-ffvf1760-2-i specified in board_part file is either invalid or not available
WARNING: [Board 49-26] cannot add Board Part xilinx.com:zcu208:part0:2.0 available at /tools/Xilinx/Vivado/2024.1/data/xhub/boards/XilinxBoardStore/boards/Xilinx/zcu208/production/2.0/board.xml as part xczu48dr-fsvg1517-2-e specified in board_part file is either invalid or not available
WARNING: [Board 49-26] cannot add Board Part xilinx.com:zcu208ld:part0:2.0 available at /tools/Xilinx/Vivado/2024.1/data/xhub/boards/XilinxBoardStore/boards/Xilinx/zcu208ld/production/2.0/board.xml as part xczu58dr-fsvg1517-2-i specified in board_part file is either invalid or not available
WARNING: [Board 49-26] cannot add Board Part xilinx.com:zcu216:part0:2.0 available at /tools/Xilinx/Vivado/2024.1/data/xhub/boards/XilinxBoardStore/boards/Xilinx/zcu216/production/2.0/board.xml as part xczu49dr-ffvf1760-2-e specified in board_part file is either invalid or not available
WARNING: [Board 49-26] cannot add Board Part xilinx.com:zcu216ld:part0:2.0 available at /tools/Xilinx/Vivado/2024.1/data/xhub/boards/XilinxBoardStore/boards/Xilinx/zcu216ld/production/2.0/board.xml as part xczu59dr-ffvf1760-2-i specified in board_part file is either invalid or not available
WARNING: [Board 49-26] cannot add Board Part xilinx.com:zcu670:part0:2.0 available at /tools/Xilinx/Vivado/2024.1/data/xhub/boards/XilinxBoardStore/boards/Xilinx/zcu670/2.0/board.xml as part xczu67dr-fsve1156-2-i specified in board_part file is either invalid or not available
WARNING: [Board 49-26] cannot add Board Part xilinx.com:zcu670ld:part0:1.0 available at /tools/Xilinx/Vivado/2024.1/data/xhub/boards/XilinxBoardStore/boards/Xilinx/zcu670ld/1.0/board.xml as part xczu57dr-fsve1156-2-i specified in board_part file is either invalid or not available
open_project /home/wu/__PYNQ__/boards/Pynq-Z2/base/base/base.xpr
Scanning sources...
Finished scanning sources
INFO: [IP_Flow 19-234] Refreshing IP repositories
INFO: [IP_Flow 19-1700] Loaded user IP repository '/home/wu/__PYNQ__/boards/ip'.
INFO: [IP_Flow 19-2313] Loaded Vivado IP repository '/tools/Xilinx/Vivado/2024.1/data/ip'.
WARNING: [IP_Flow 19-3664] IP 'base_ps7_0_0' generated file not found '/home/wu/__PYNQ__/boards/Pynq-Z2/base/base/base.gen/sources_1/bd/base/ip/base_ps7_0_0/base_ps7_0_0.dcp'. Please regenerate to continue.
WARNING: [IP_Flow 19-3664] IP 'base_ps7_0_0' generated file not found '/home/wu/__PYNQ__/boards/Pynq-Z2/base/base/base.gen/sources_1/bd/base/ip/base_ps7_0_0/base_ps7_0_0_stub.v'. Please regenerate to continue.
WARNING: [IP_Flow 19-3664] IP 'base_ps7_0_0' generated file not found '/home/wu/__PYNQ__/boards/Pynq-Z2/base/base/base.gen/sources_1/bd/base/ip/base_ps7_0_0/base_ps7_0_0_stub.vhdl'. Please regenerate to continue.
WARNING: [IP_Flow 19-3664] IP 'base_ps7_0_0' generated file not found '/home/wu/__PYNQ__/boards/Pynq-Z2/base/base/base.gen/sources_1/bd/base/ip/base_ps7_0_0/base_ps7_0_0_sim_netlist.v'. Please regenerate to continue.
WARNING: [IP_Flow 19-3664] IP 'base_ps7_0_0' generated file not found '/home/wu/__PYNQ__/boards/Pynq-Z2/base/base/base.gen/sources_1/bd/base/ip/base_ps7_0_0/base_ps7_0_0_sim_netlist.vhdl'. Please regenerate to continue.
WARNING: [IP_Flow 19-3664] IP 'base_xbar_6' generated file not found '/home/wu/__PYNQ__/boards/Pynq-Z2/base/base/base.gen/sources_1/bd/base/ip/base_xbar_6/base_xbar_6.dcp'. Please regenerate to continue.
WARNING: [IP_Flow 19-3664] IP 'base_xbar_6' generated file not found '/home/wu/__PYNQ__/boards/Pynq-Z2/base/base/base.gen/sources_1/bd/base/ip/base_xbar_6/base_xbar_6_stub.v'. Please regenerate to continue.
WARNING: [IP_Flow 19-3664] IP 'base_xbar_6' generated file not found '/home/wu/__PYNQ__/boards/Pynq-Z2/base/base/base.gen/sources_1/bd/base/ip/base_xbar_6/base_xbar_6_stub.vhdl'. Please regenerate to continue.
WARNING: [IP_Flow 19-3664] IP 'base_xbar_6' generated file not found '/home/wu/__PYNQ__/boards/Pynq-Z2/base/base/base.gen/sources_1/bd/base/ip/base_xbar_6/base_xbar_6_sim_netlist.v'. Please regenerate to continue.
WARNING: [IP_Flow 19-3664] IP 'base_xbar_6' generated file not found '/home/wu/__PYNQ__/boards/Pynq-Z2/base/base/base.gen/sources_1/bd/base/ip/base_xbar_6/base_xbar_6_sim_netlist.vhdl'. Please regenerate to continue.
WARNING: [IP_Flow 19-3664] IP 'base_auto_pc_1' generated file not found '/home/wu/__PYNQ__/boards/Pynq-Z2/base/base/base.gen/sources_1/bd/base/ip/base_auto_pc_1/base_auto_pc_1.dcp'. Please regenerate to continue.
WARNING: [IP_Flow 19-3664] IP 'base_auto_pc_1' generated file not found '/home/wu/__PYNQ__/boards/Pynq-Z2/base/base/base.gen/sources_1/bd/base/ip/base_auto_pc_1/base_auto_pc_1_stub.v'. Please regenerate to continue.
WARNING: [IP_Flow 19-3664] IP 'base_auto_pc_1' generated file not found '/home/wu/__PYNQ__/boards/Pynq-Z2/base/base/base.gen/sources_1/bd/base/ip/base_auto_pc_1/base_auto_pc_1_stub.vhdl'. Please regenerate to continue.
WARNING: [IP_Flow 19-3664] IP 'base_auto_pc_1' generated file not found '/home/wu/__PYNQ__/boards/Pynq-Z2/base/base/base.gen/sources_1/bd/base/ip/base_auto_pc_1/base_auto_pc_1_sim_netlist.v'. Please regenerate to continue.
WARNING: [IP_Flow 19-3664] IP 'base_auto_pc_1' generated file not found '/home/wu/__PYNQ__/boards/Pynq-Z2/base/base/base.gen/sources_1/bd/base/ip/base_auto_pc_1/base_auto_pc_1_sim_netlist.vhdl'. Please regenerate to continue.
WARNING: [IP_Flow 19-3664] IP 'base_auto_pc_0' generated file not found '/home/wu/__PYNQ__/boards/Pynq-Z2/base/base/base.gen/sources_1/bd/base/ip/base_auto_pc_0/base_auto_pc_0.dcp'. Please regenerate to continue.
WARNING: [IP_Flow 19-3664] IP 'base_auto_pc_0' generated file not found '/home/wu/__PYNQ__/boards/Pynq-Z2/base/base/base.gen/sources_1/bd/base/ip/base_auto_pc_0/base_auto_pc_0_stub.v'. Please regenerate to continue.
WARNING: [IP_Flow 19-3664] IP 'base_auto_pc_0' generated file not found '/home/wu/__PYNQ__/boards/Pynq-Z2/base/base/base.gen/sources_1/bd/base/ip/base_auto_pc_0/base_auto_pc_0_stub.vhdl'. Please regenerate to continue.
WARNING: [IP_Flow 19-3664] IP 'base_auto_pc_0' generated file not found '/home/wu/__PYNQ__/boards/Pynq-Z2/base/base/base.gen/sources_1/bd/base/ip/base_auto_pc_0/base_auto_pc_0_sim_netlist.v'. Please regenerate to continue.
WARNING: [IP_Flow 19-3664] IP 'base_auto_pc_0' generated file not found '/home/wu/__PYNQ__/boards/Pynq-Z2/base/base/base.gen/sources_1/bd/base/ip/base_auto_pc_0/base_auto_pc_0_sim_netlist.vhdl'. Please regenerate to continue.
WARNING: [IP_Flow 19-3664] IP 'base_rst_ps7_0_fclk0_0' generated file not found '/home/wu/__PYNQ__/boards/Pynq-Z2/base/base/base.gen/sources_1/bd/base/ip/base_rst_ps7_0_fclk0_0/base_rst_ps7_0_fclk0_0.dcp'. Please regenerate to continue.
WARNING: [IP_Flow 19-3664] IP 'base_rst_ps7_0_fclk0_0' generated file not found '/home/wu/__PYNQ__/boards/Pynq-Z2/base/base/base.gen/sources_1/bd/base/ip/base_rst_ps7_0_fclk0_0/base_rst_ps7_0_fclk0_0_stub.v'. Please regenerate to continue.
WARNING: [IP_Flow 19-3664] IP 'base_rst_ps7_0_fclk0_0' generated file not found '/home/wu/__PYNQ__/boards/Pynq-Z2/base/base/base.gen/sources_1/bd/base/ip/base_rst_ps7_0_fclk0_0/base_rst_ps7_0_fclk0_0_stub.vhdl'. Please regenerate to continue.
WARNING: [IP_Flow 19-3664] IP 'base_rst_ps7_0_fclk0_0' generated file not found '/home/wu/__PYNQ__/boards/Pynq-Z2/base/base/base.gen/sources_1/bd/base/ip/base_rst_ps7_0_fclk0_0/base_rst_ps7_0_fclk0_0_sim_netlist.v'. Please regenerate to continue.
WARNING: [IP_Flow 19-3664] IP 'base_rst_ps7_0_fclk0_0' generated file not found '/home/wu/__PYNQ__/boards/Pynq-Z2/base/base/base.gen/sources_1/bd/base/ip/base_rst_ps7_0_fclk0_0/base_rst_ps7_0_fclk0_0_sim_netlist.vhdl'. Please regenerate to continue.
WARNING: [IP_Flow 19-3664] IP 'base_rst_ps7_0_fclk1_0' generated file not found '/home/wu/__PYNQ__/boards/Pynq-Z2/base/base/base.gen/sources_1/bd/base/ip/base_rst_ps7_0_fclk1_0/base_rst_ps7_0_fclk1_0.dcp'. Please regenerate to continue.
WARNING: [IP_Flow 19-3664] IP 'base_rst_ps7_0_fclk1_0' generated file not found '/home/wu/__PYNQ__/boards/Pynq-Z2/base/base/base.gen/sources_1/bd/base/ip/base_rst_ps7_0_fclk1_0/base_rst_ps7_0_fclk1_0_stub.v'. Please regenerate to continue.
WARNING: [IP_Flow 19-3664] IP 'base_rst_ps7_0_fclk1_0' generated file not found '/home/wu/__PYNQ__/boards/Pynq-Z2/base/base/base.gen/sources_1/bd/base/ip/base_rst_ps7_0_fclk1_0/base_rst_ps7_0_fclk1_0_stub.vhdl'. Please regenerate to continue.
WARNING: [IP_Flow 19-3664] IP 'base_rst_ps7_0_fclk1_0' generated file not found '/home/wu/__PYNQ__/boards/Pynq-Z2/base/base/base.gen/sources_1/bd/base/ip/base_rst_ps7_0_fclk1_0/base_rst_ps7_0_fclk1_0_sim_netlist.v'. Please regenerate to continue.
WARNING: [IP_Flow 19-3664] IP 'base_rst_ps7_0_fclk1_0' generated file not found '/home/wu/__PYNQ__/boards/Pynq-Z2/base/base/base.gen/sources_1/bd/base/ip/base_rst_ps7_0_fclk1_0/base_rst_ps7_0_fclk1_0_sim_netlist.vhdl'. Please regenerate to continue.
WARNING: [IP_Flow 19-3664] IP 'base_system_interrupts_0' generated file not found '/home/wu/__PYNQ__/boards/Pynq-Z2/base/base/base.gen/sources_1/bd/base/ip/base_system_interrupts_0/base_system_interrupts_0.dcp'. Please regenerate to continue.
WARNING: [IP_Flow 19-3664] IP 'base_system_interrupts_0' generated file not found '/home/wu/__PYNQ__/boards/Pynq-Z2/base/base/base.gen/sources_1/bd/base/ip/base_system_interrupts_0/base_system_interrupts_0_stub.v'. Please regenerate to continue.
WARNING: [IP_Flow 19-3664] IP 'base_system_interrupts_0' generated file not found '/home/wu/__PYNQ__/boards/Pynq-Z2/base/base/base.gen/sources_1/bd/base/ip/base_system_interrupts_0/base_system_interrupts_0_stub.vhdl'. Please regenerate to continue.
WARNING: [IP_Flow 19-3664] IP 'base_system_interrupts_0' generated file not found '/home/wu/__PYNQ__/boards/Pynq-Z2/base/base/base.gen/sources_1/bd/base/ip/base_system_interrupts_0/base_system_interrupts_0_sim_netlist.v'. Please regenerate to continue.
WARNING: [IP_Flow 19-3664] IP 'base_system_interrupts_0' generated file not found '/home/wu/__PYNQ__/boards/Pynq-Z2/base/base/base.gen/sources_1/bd/base/ip/base_system_interrupts_0/base_system_interrupts_0_sim_netlist.vhdl'. Please regenerate to continue.
WARNING: [IP_Flow 19-3664] IP 'base_xbar_9' generated file not found '/home/wu/__PYNQ__/boards/Pynq-Z2/base/base/base.gen/sources_1/bd/base/ip/base_xbar_9/base_xbar_9.dcp'. Please regenerate to continue.
WARNING: [IP_Flow 19-3664] IP 'base_xbar_9' generated file not found '/home/wu/__PYNQ__/boards/Pynq-Z2/base/base/base.gen/sources_1/bd/base/ip/base_xbar_9/base_xbar_9_stub.v'. Please regenerate to continue.
WARNING: [IP_Flow 19-3664] IP 'base_xbar_9' generated file not found '/home/wu/__PYNQ__/boards/Pynq-Z2/base/base/base.gen/sources_1/bd/base/ip/base_xbar_9/base_xbar_9_stub.vhdl'. Please regenerate to continue.
WARNING: [IP_Flow 19-3664] IP 'base_xbar_9' generated file not found '/home/wu/__PYNQ__/boards/Pynq-Z2/base/base/base.gen/sources_1/bd/base/ip/base_xbar_9/base_xbar_9_sim_netlist.v'. Please regenerate to continue.
WARNING: [IP_Flow 19-3664] IP 'base_xbar_9' generated file not found '/home/wu/__PYNQ__/boards/Pynq-Z2/base/base/base.gen/sources_1/bd/base/ip/base_xbar_9/base_xbar_9_sim_netlist.vhdl'. Please regenerate to continue.
WARNING: [IP_Flow 19-3664] IP 'base_auto_pc_2' generated file not found '/home/wu/__PYNQ__/boards/Pynq-Z2/base/base/base.gen/sources_1/bd/base/ip/base_auto_pc_2/base_auto_pc_2.dcp'. Please regenerate to continue.
WARNING: [IP_Flow 19-3664] IP 'base_auto_pc_2' generated file not found '/home/wu/__PYNQ__/boards/Pynq-Z2/base/base/base.gen/sources_1/bd/base/ip/base_auto_pc_2/base_auto_pc_2_stub.v'. Please regenerate to continue.
WARNING: [IP_Flow 19-3664] IP 'base_auto_pc_2' generated file not found '/home/wu/__PYNQ__/boards/Pynq-Z2/base/base/base.gen/sources_1/bd/base/ip/base_auto_pc_2/base_auto_pc_2_stub.vhdl'. Please regenerate to continue.
WARNING: [IP_Flow 19-3664] IP 'base_auto_pc_2' generated file not found '/home/wu/__PYNQ__/boards/Pynq-Z2/base/base/base.gen/sources_1/bd/base/ip/base_auto_pc_2/base_auto_pc_2_sim_netlist.v'. Please regenerate to continue.
WARNING: [IP_Flow 19-3664] IP 'base_auto_pc_2' generated file not found '/home/wu/__PYNQ__/boards/Pynq-Z2/base/base/base.gen/sources_1/bd/base/ip/base_auto_pc_2/base_auto_pc_2_sim_netlist.vhdl'. Please regenerate to continue.
WARNING: [IP_Flow 19-3664] IP 'base_m00_regslice_17' generated file not found '/home/wu/__PYNQ__/boards/Pynq-Z2/base/base/base.gen/sources_1/bd/base/ip/base_m00_regslice_17/base_m00_regslice_17.dcp'. Please regenerate to continue.
WARNING: [IP_Flow 19-3664] IP 'base_m00_regslice_17' generated file not found '/home/wu/__PYNQ__/boards/Pynq-Z2/base/base/base.gen/sources_1/bd/base/ip/base_m00_regslice_17/base_m00_regslice_17_stub.v'. Please regenerate to continue.
WARNING: [IP_Flow 19-3664] IP 'base_m00_regslice_17' generated file not found '/home/wu/__PYNQ__/boards/Pynq-Z2/base/base/base.gen/sources_1/bd/base/ip/base_m00_regslice_17/base_m00_regslice_17_stub.vhdl'. Please regenerate to continue.
WARNING: [IP_Flow 19-3664] IP 'base_m00_regslice_17' generated file not found '/home/wu/__PYNQ__/boards/Pynq-Z2/base/base/base.gen/sources_1/bd/base/ip/base_m00_regslice_17/base_m00_regslice_17_sim_netlist.v'. Please regenerate to continue.
WARNING: [IP_Flow 19-3664] IP 'base_m00_regslice_17' generated file not found '/home/wu/__PYNQ__/boards/Pynq-Z2/base/base/base.gen/sources_1/bd/base/ip/base_m00_regslice_17/base_m00_regslice_17_sim_netlist.vhdl'. Please regenerate to continue.
WARNING: [IP_Flow 19-3664] IP 'base_auto_cc_0' generated file not found '/home/wu/__PYNQ__/boards/Pynq-Z2/base/base/base.gen/sources_1/bd/base/ip/base_auto_cc_0/base_auto_cc_0.dcp'. Please regenerate to continue.
WARNING: [IP_Flow 19-3664] IP 'base_auto_cc_0' generated file not found '/home/wu/__PYNQ__/boards/Pynq-Z2/base/base/base.gen/sources_1/bd/base/ip/base_auto_cc_0/base_auto_cc_0_stub.v'. Please regenerate to continue.
WARNING: [IP_Flow 19-3664] IP 'base_auto_cc_0' generated file not found '/home/wu/__PYNQ__/boards/Pynq-Z2/base/base/base.gen/sources_1/bd/base/ip/base_auto_cc_0/base_auto_cc_0_stub.vhdl'. Please regenerate to continue.
WARNING: [IP_Flow 19-3664] IP 'base_auto_cc_0' generated file not found '/home/wu/__PYNQ__/boards/Pynq-Z2/base/base/base.gen/sources_1/bd/base/ip/base_auto_cc_0/base_auto_cc_0_sim_netlist.v'. Please regenerate to continue.
WARNING: [IP_Flow 19-3664] IP 'base_auto_cc_0' generated file not found '/home/wu/__PYNQ__/boards/Pynq-Z2/base/base/base.gen/sources_1/bd/base/ip/base_auto_cc_0/base_auto_cc_0_sim_netlist.vhdl'. Please regenerate to continue.
WARNING: [IP_Flow 19-3664] IP 'base_m02_regslice_0' generated file not found '/home/wu/__PYNQ__/boards/Pynq-Z2/base/base/base.gen/sources_1/bd/base/ip/base_m02_regslice_0/base_m02_regslice_0.dcp'. Please regenerate to continue.
WARNING: [IP_Flow 19-3664] IP 'base_m02_regslice_0' generated file not found '/home/wu/__PYNQ__/boards/Pynq-Z2/base/base/base.gen/sources_1/bd/base/ip/base_m02_regslice_0/base_m02_regslice_0_stub.v'. Please regenerate to continue.
WARNING: [IP_Flow 19-3664] IP 'base_m02_regslice_0' generated file not found '/home/wu/__PYNQ__/boards/Pynq-Z2/base/base/base.gen/sources_1/bd/base/ip/base_m02_regslice_0/base_m02_regslice_0_stub.vhdl'. Please regenerate to continue.
WARNING: [IP_Flow 19-3664] IP 'base_m02_regslice_0' generated file not found '/home/wu/__PYNQ__/boards/Pynq-Z2/base/base/base.gen/sources_1/bd/base/ip/base_m02_regslice_0/base_m02_regslice_0_sim_netlist.v'. Please regenerate to continue.
WARNING: [IP_Flow 19-3664] IP 'base_m02_regslice_0' generated file not found '/home/wu/__PYNQ__/boards/Pynq-Z2/base/base/base.gen/sources_1/bd/base/ip/base_m02_regslice_0/base_m02_regslice_0_sim_netlist.vhdl'. Please regenerate to continue.
WARNING: [IP_Flow 19-3664] IP 'base_auto_cc_1' generated file not found '/home/wu/__PYNQ__/boards/Pynq-Z2/base/base/base.gen/sources_1/bd/base/ip/base_auto_cc_1/base_auto_cc_1.dcp'. Please regenerate to continue.
WARNING: [IP_Flow 19-3664] IP 'base_auto_cc_1' generated file not found '/home/wu/__PYNQ__/boards/Pynq-Z2/base/base/base.gen/sources_1/bd/base/ip/base_auto_cc_1/base_auto_cc_1_stub.v'. Please regenerate to continue.
WARNING: [IP_Flow 19-3664] IP 'base_auto_cc_1' generated file not found '/home/wu/__PYNQ__/boards/Pynq-Z2/base/base/base.gen/sources_1/bd/base/ip/base_auto_cc_1/base_auto_cc_1_stub.vhdl'. Please regenerate to continue.
WARNING: [IP_Flow 19-3664] IP 'base_auto_cc_1' generated file not found '/home/wu/__PYNQ__/boards/Pynq-Z2/base/base/base.gen/sources_1/bd/base/ip/base_auto_cc_1/base_auto_cc_1_sim_netlist.v'. Please regenerate to continue.
WARNING: [IP_Flow 19-3664] IP 'base_auto_cc_1' generated file not found '/home/wu/__PYNQ__/boards/Pynq-Z2/base/base/base.gen/sources_1/bd/base/ip/base_auto_cc_1/base_auto_cc_1_sim_netlist.vhdl'. Please regenerate to continue.
WARNING: [IP_Flow 19-3664] IP 'base_m03_regslice_0' generated file not found '/home/wu/__PYNQ__/boards/Pynq-Z2/base/base/base.gen/sources_1/bd/base/ip/base_m03_regslice_0/base_m03_regslice_0.dcp'. Please regenerate to continue.
WARNING: [IP_Flow 19-3664] IP 'base_m03_regslice_0' generated file not found '/home/wu/__PYNQ__/boards/Pynq-Z2/base/base/base.gen/sources_1/bd/base/ip/base_m03_regslice_0/base_m03_regslice_0_stub.v'. Please regenerate to continue.
WARNING: [IP_Flow 19-3664] IP 'base_m03_regslice_0' generated file not found '/home/wu/__PYNQ__/boards/Pynq-Z2/base/base/base.gen/sources_1/bd/base/ip/base_m03_regslice_0/base_m03_regslice_0_stub.vhdl'. Please regenerate to continue.
WARNING: [IP_Flow 19-3664] IP 'base_m03_regslice_0' generated file not found '/home/wu/__PYNQ__/boards/Pynq-Z2/base/base/base.gen/sources_1/bd/base/ip/base_m03_regslice_0/base_m03_regslice_0_sim_netlist.v'. Please regenerate to continue.
WARNING: [IP_Flow 19-3664] IP 'base_m03_regslice_0' generated file not found '/home/wu/__PYNQ__/boards/Pynq-Z2/base/base/base.gen/sources_1/bd/base/ip/base_m03_regslice_0/base_m03_regslice_0_sim_netlist.vhdl'. Please regenerate to continue.
WARNING: [IP_Flow 19-3664] IP 'base_xbar_10' generated file not found '/home/wu/__PYNQ__/boards/Pynq-Z2/base/base/base.gen/sources_1/bd/base/ip/base_xbar_10/base_xbar_10.dcp'. Please regenerate to continue.
WARNING: [IP_Flow 19-3664] IP 'base_xbar_10' generated file not found '/home/wu/__PYNQ__/boards/Pynq-Z2/base/base/base.gen/sources_1/bd/base/ip/base_xbar_10/base_xbar_10_stub.v'. Please regenerate to continue.
WARNING: [IP_Flow 19-3664] IP 'base_xbar_10' generated file not found '/home/wu/__PYNQ__/boards/Pynq-Z2/base/base/base.gen/sources_1/bd/base/ip/base_xbar_10/base_xbar_10_stub.vhdl'. Please regenerate to continue.
WARNING: [IP_Flow 19-3664] IP 'base_xbar_10' generated file not found '/home/wu/__PYNQ__/boards/Pynq-Z2/base/base/base.gen/sources_1/bd/base/ip/base_xbar_10/base_xbar_10_sim_netlist.v'. Please regenerate to continue.
WARNING: [IP_Flow 19-3664] IP 'base_xbar_10' generated file not found '/home/wu/__PYNQ__/boards/Pynq-Z2/base/base/base.gen/sources_1/bd/base/ip/base_xbar_10/base_xbar_10_sim_netlist.vhdl'. Please regenerate to continue.
WARNING: [IP_Flow 19-3664] IP 'base_auto_us_0' generated file not found '/home/wu/__PYNQ__/boards/Pynq-Z2/base/base/base.gen/sources_1/bd/base/ip/base_auto_us_0/base_auto_us_0.dcp'. Please regenerate to continue.
WARNING: [IP_Flow 19-3664] IP 'base_auto_us_0' generated file not found '/home/wu/__PYNQ__/boards/Pynq-Z2/base/base/base.gen/sources_1/bd/base/ip/base_auto_us_0/base_auto_us_0_stub.v'. Please regenerate to continue.
WARNING: [IP_Flow 19-3664] IP 'base_auto_us_0' generated file not found '/home/wu/__PYNQ__/boards/Pynq-Z2/base/base/base.gen/sources_1/bd/base/ip/base_auto_us_0/base_auto_us_0_stub.vhdl'. Please regenerate to continue.
WARNING: [IP_Flow 19-3664] IP 'base_auto_us_0' generated file not found '/home/wu/__PYNQ__/boards/Pynq-Z2/base/base/base.gen/sources_1/bd/base/ip/base_auto_us_0/base_auto_us_0_sim_netlist.v'. Please regenerate to continue.
WARNING: [IP_Flow 19-3664] IP 'base_auto_us_0' generated file not found '/home/wu/__PYNQ__/boards/Pynq-Z2/base/base/base.gen/sources_1/bd/base/ip/base_auto_us_0/base_auto_us_0_sim_netlist.vhdl'. Please regenerate to continue.
WARNING: [IP_Flow 19-3664] IP 'base_auto_pc_3' generated file not found '/home/wu/__PYNQ__/boards/Pynq-Z2/base/base/base.gen/sources_1/bd/base/ip/base_auto_pc_3/base_auto_pc_3.dcp'. Please regenerate to continue.
WARNING: [IP_Flow 19-3664] IP 'base_auto_pc_3' generated file not found '/home/wu/__PYNQ__/boards/Pynq-Z2/base/base/base.gen/sources_1/bd/base/ip/base_auto_pc_3/base_auto_pc_3_stub.v'. Please regenerate to continue.
WARNING: [IP_Flow 19-3664] IP 'base_auto_pc_3' generated file not found '/home/wu/__PYNQ__/boards/Pynq-Z2/base/base/base.gen/sources_1/bd/base/ip/base_auto_pc_3/base_auto_pc_3_stub.vhdl'. Please regenerate to continue.
WARNING: [IP_Flow 19-3664] IP 'base_auto_pc_3' generated file not found '/home/wu/__PYNQ__/boards/Pynq-Z2/base/base/base.gen/sources_1/bd/base/ip/base_auto_pc_3/base_auto_pc_3_sim_netlist.v'. Please regenerate to continue.
WARNING: [IP_Flow 19-3664] IP 'base_auto_pc_3' generated file not found '/home/wu/__PYNQ__/boards/Pynq-Z2/base/base/base.gen/sources_1/bd/base/ip/base_auto_pc_3/base_auto_pc_3_sim_netlist.vhdl'. Please regenerate to continue.
WARNING: [IP_Flow 19-3664] IP 'base_axi_vdma_0' generated file not found '/home/wu/__PYNQ__/boards/Pynq-Z2/base/base/base.gen/sources_1/bd/base/ip/base_axi_vdma_0/base_axi_vdma_0.dcp'. Please regenerate to continue.
WARNING: [IP_Flow 19-3664] IP 'base_axi_vdma_0' generated file not found '/home/wu/__PYNQ__/boards/Pynq-Z2/base/base/base.gen/sources_1/bd/base/ip/base_axi_vdma_0/base_axi_vdma_0_stub.v'. Please regenerate to continue.
WARNING: [IP_Flow 19-3664] IP 'base_axi_vdma_0' generated file not found '/home/wu/__PYNQ__/boards/Pynq-Z2/base/base/base.gen/sources_1/bd/base/ip/base_axi_vdma_0/base_axi_vdma_0_stub.vhdl'. Please regenerate to continue.
WARNING: [IP_Flow 19-3664] IP 'base_axi_vdma_0' generated file not found '/home/wu/__PYNQ__/boards/Pynq-Z2/base/base/base.gen/sources_1/bd/base/ip/base_axi_vdma_0/base_axi_vdma_0_sim_netlist.v'. Please regenerate to continue.
WARNING: [IP_Flow 19-3664] IP 'base_axi_vdma_0' generated file not found '/home/wu/__PYNQ__/boards/Pynq-Z2/base/base/base.gen/sources_1/bd/base/ip/base_axi_vdma_0/base_axi_vdma_0_sim_netlist.vhdl'. Please regenerate to continue.
WARNING: [IP_Flow 19-3664] IP 'base_axis_register_slice_0_0' generated file not found '/home/wu/__PYNQ__/boards/Pynq-Z2/base/base/base.gen/sources_1/bd/base/ip/base_axis_register_slice_0_0/base_axis_register_slice_0_0.dcp'. Please regenerate to continue.
WARNING: [IP_Flow 19-3664] IP 'base_axis_register_slice_0_0' generated file not found '/home/wu/__PYNQ__/boards/Pynq-Z2/base/base/base.gen/sources_1/bd/base/ip/base_axis_register_slice_0_0/base_axis_register_slice_0_0_stub.v'. Please regenerate to continue.
WARNING: [IP_Flow 19-3664] IP 'base_axis_register_slice_0_0' generated file not found '/home/wu/__PYNQ__/boards/Pynq-Z2/base/base/base.gen/sources_1/bd/base/ip/base_axis_register_slice_0_0/base_axis_register_slice_0_0_stub.vhdl'. Please regenerate to continue.
WARNING: [IP_Flow 19-3664] IP 'base_axis_register_slice_0_0' generated file not found '/home/wu/__PYNQ__/boards/Pynq-Z2/base/base/base.gen/sources_1/bd/base/ip/base_axis_register_slice_0_0/base_axis_register_slice_0_0_sim_netlist.v'. Please regenerate to continue.
WARNING: [IP_Flow 19-3664] IP 'base_axis_register_slice_0_0' generated file not found '/home/wu/__PYNQ__/boards/Pynq-Z2/base/base/base.gen/sources_1/bd/base/ip/base_axis_register_slice_0_0/base_axis_register_slice_0_0_sim_netlist.vhdl'. Please regenerate to continue.
WARNING: [IP_Flow 19-3664] IP 'base_color_convert_0' generated file not found '/home/wu/__PYNQ__/boards/Pynq-Z2/base/base/base.gen/sources_1/bd/base/ip/base_color_convert_0/base_color_convert_0.dcp'. Please regenerate to continue.
WARNING: [IP_Flow 19-3664] IP 'base_color_convert_0' generated file not found '/home/wu/__PYNQ__/boards/Pynq-Z2/base/base/base.gen/sources_1/bd/base/ip/base_color_convert_0/base_color_convert_0_stub.v'. Please regenerate to continue.
WARNING: [IP_Flow 19-3664] IP 'base_color_convert_0' generated file not found '/home/wu/__PYNQ__/boards/Pynq-Z2/base/base/base.gen/sources_1/bd/base/ip/base_color_convert_0/base_color_convert_0_stub.vhdl'. Please regenerate to continue.
WARNING: [IP_Flow 19-3664] IP 'base_color_convert_0' generated file not found '/home/wu/__PYNQ__/boards/Pynq-Z2/base/base/base.gen/sources_1/bd/base/ip/base_color_convert_0/base_color_convert_0_sim_netlist.v'. Please regenerate to continue.
WARNING: [IP_Flow 19-3664] IP 'base_color_convert_0' generated file not found '/home/wu/__PYNQ__/boards/Pynq-Z2/base/base/base.gen/sources_1/bd/base/ip/base_color_convert_0/base_color_convert_0_sim_netlist.vhdl'. Please regenerate to continue.
INFO: [Common 17-14] Message 'IP_Flow 19-3664' appears 100 times and further instances of the messages will be disabled. Use the Tcl command set_msg_config to change the current settings.
update_compile_order -fileset sources_1
reset_run base_ps7_0_0_synth_1
reset_run base_xbar_6_synth_1
reset_run base_rst_ps7_0_fclk0_0_synth_1
reset_run base_rst_ps7_0_fclk1_0_synth_1
reset_run base_system_interrupts_0_synth_1
reset_run base_xbar_9_synth_1
reset_run base_xbar_10_synth_1
reset_run base_axi_vdma_0_synth_1
reset_run base_axis_register_slice_0_0_synth_1
reset_run base_color_convert_0_synth_1
reset_run base_axi_gpio_hdmiin_0_synth_1
reset_run base_color_swap_0_0_synth_1
reset_run base_dvi2rgb_0_0_synth_1
reset_run base_v_vid_in_axi4s_0_0_synth_1
reset_run base_vtc_in_0_synth_1
reset_run base_pixel_pack_0_synth_1
reset_run base_axis_register_slice_0_1_synth_1
reset_run base_color_convert_1_synth_1
reset_run base_axi_dynclk_0_synth_1
reset_run base_hdmi_out_hpd_video_0_synth_1
reset_run base_rgb2dvi_0_0_synth_1
reset_run base_v_axi4s_vid_out_0_0_synth_1
reset_run base_vtc_out_0_synth_1
reset_run base_pixel_unpack_0_synth_1
reset_run base_proc_sys_reset_pixelclk_0_synth_1
reset_run base_auto_us_0_synth_1
reset_run base_m00_regslice_17_synth_1
reset_run base_m01_regslice_17_synth_1
reset_run base_m02_regslice_0_synth_1
reset_run base_m03_regslice_0_synth_1
reset_run base_auto_pc_0_synth_1
reset_run base_auto_pc_1_synth_1
reset_run base_auto_cc_1_synth_1
reset_run base_s00_regslice_16_synth_1
reset_run base_auto_cc_0_synth_1
reset_run base_auto_pc_3_synth_1
reset_run base_auto_pc_2_synth_1
reset_run synth_1
launch_runs synth_1 -jobs 8
INFO: [IP_Flow 19-6930] IPCACHE: runCacheChecks() number of threads = 8
INFO: [IP_Flow 19-6921] IPCACHE: Adding cache check func to thread queue for IP base_auto_cc_0
INFO: [IP_Flow 19-6921] IPCACHE: Adding cache check func to thread queue for IP base_auto_cc_1
INFO: [IP_Flow 19-6921] IPCACHE: Adding cache check func to thread queue for IP base_auto_pc_0
INFO: [IP_Flow 19-6921] IPCACHE: Adding cache check func to thread queue for IP base_auto_pc_1
INFO: [IP_Flow 19-6921] IPCACHE: Adding cache check func to thread queue for IP base_auto_pc_2
INFO: [IP_Flow 19-6921] IPCACHE: Adding cache check func to thread queue for IP base_auto_pc_3
INFO: [IP_Flow 19-6921] IPCACHE: Adding cache check func to thread queue for IP base_auto_us_0
INFO: [IP_Flow 19-6921] IPCACHE: Adding cache check func to thread queue for IP base_axi_dynclk_0
INFO: [IP_Flow 19-6921] IPCACHE: Adding cache check func to thread queue for IP base_axi_gpio_hdmiin_0
INFO: [IP_Flow 19-6921] IPCACHE: Adding cache check func to thread queue for IP base_axi_vdma_0
INFO: [IP_Flow 19-6921] IPCACHE: Adding cache check func to thread queue for IP base_axis_register_slice_0_0
INFO: [IP_Flow 19-6921] IPCACHE: Adding cache check func to thread queue for IP base_axis_register_slice_0_1
INFO: [IP_Flow 19-6921] IPCACHE: Adding cache check func to thread queue for IP base_color_convert_0
INFO: [IP_Flow 19-6921] IPCACHE: Adding cache check func to thread queue for IP base_color_convert_1
INFO: [IP_Flow 19-6921] IPCACHE: Adding cache check func to thread queue for IP base_color_swap_0_0
INFO: [IP_Flow 19-6921] IPCACHE: Adding cache check func to thread queue for IP base_dvi2rgb_0_0
INFO: [IP_Flow 19-6921] IPCACHE: Adding cache check func to thread queue for IP base_hdmi_out_hpd_video_0
INFO: [IP_Flow 19-6921] IPCACHE: Adding cache check func to thread queue for IP base_m00_regslice_17
INFO: [IP_Flow 19-6921] IPCACHE: Adding cache check func to thread queue for IP base_m02_regslice_0
INFO: [IP_Flow 19-6921] IPCACHE: Adding cache check func to thread queue for IP base_m03_regslice_0
INFO: [IP_Flow 19-6921] IPCACHE: Adding cache check func to thread queue for IP base_pixel_pack_0
INFO: [IP_Flow 19-6921] IPCACHE: Adding cache check func to thread queue for IP base_pixel_unpack_0
INFO: [IP_Flow 19-6921] IPCACHE: Adding cache check func to thread queue for IP base_proc_sys_reset_pixelclk_0
INFO: [IP_Flow 19-6921] IPCACHE: Adding cache check func to thread queue for IP base_rgb2dvi_0_0
INFO: [IP_Flow 19-6921] IPCACHE: Adding cache check func to thread queue for IP base_rst_ps7_0_fclk0_0
INFO: [IP_Flow 19-6921] IPCACHE: Adding cache check func to thread queue for IP base_rst_ps7_0_fclk1_0
INFO: [IP_Flow 19-6921] IPCACHE: Adding cache check func to thread queue for IP base_system_interrupts_0
INFO: [IP_Flow 19-6921] IPCACHE: Adding cache check func to thread queue for IP base_v_axi4s_vid_out_0_0
INFO: [IP_Flow 19-6921] IPCACHE: Adding cache check func to thread queue for IP base_v_vid_in_axi4s_0_0
INFO: [IP_Flow 19-6921] IPCACHE: Adding cache check func to thread queue for IP base_vtc_in_0
INFO: [IP_Flow 19-6921] IPCACHE: Adding cache check func to thread queue for IP base_vtc_out_0
INFO: [IP_Flow 19-6921] IPCACHE: Adding cache check func to thread queue for IP base_xbar_10
INFO: [IP_Flow 19-6921] IPCACHE: Adding cache check func to thread queue for IP base_xbar_6
INFO: [IP_Flow 19-6921] IPCACHE: Adding cache check func to thread queue for IP base_xbar_9
INFO: [IP_Flow 19-8020] IPCACHE: runCacheChecks() calling threadPool finishWork()
INFO: [IP_Flow 19-6924] IPCACHE: Running cache check for IP inst: base_auto_cc_0
INFO: [IP_Flow 19-6922] IPCACHE: Exporting cached entry ca6b4ddf64565c56 to dir: /home/wu/__PYNQ__/boards/Pynq-Z2/base/base/base.gen/sources_1/bd/base/ip/base_auto_cc_0
INFO: [IP_Flow 19-6928] IPCACHE: copied cached file /home/wu/__PYNQ__/boards/Pynq-Z2/base/base/base.cache/ip/2024.1/c/a/ca6b4ddf64565c56/base_auto_cc_3_stub.v to /home/wu/__PYNQ__/boards/Pynq-Z2/base/base/base.gen/sources_1/bd/base/ip/base_auto_cc_0/base_auto_cc_0_stub.v.
INFO: [IP_Flow 19-6926] IPCACHE: added file to list for BOM: /home/wu/__PYNQ__/boards/Pynq-Z2/base/base/base.gen/sources_1/bd/base/ip/base_auto_cc_0/base_auto_cc_0_stub.v
INFO: [IP_Flow 19-6928] IPCACHE: copied cached file /home/wu/__PYNQ__/boards/Pynq-Z2/base/base/base.cache/ip/2024.1/c/a/ca6b4ddf64565c56/base_auto_cc_3_sim_netlist.v to /home/wu/__PYNQ__/boards/Pynq-Z2/base/base/base.gen/sources_1/bd/base/ip/base_auto_cc_0/base_auto_cc_0_sim_netlist.v.
INFO: [IP_Flow 19-6926] IPCACHE: added file to list for BOM: /home/wu/__PYNQ__/boards/Pynq-Z2/base/base/base.gen/sources_1/bd/base/ip/base_auto_cc_0/base_auto_cc_0_sim_netlist.v
INFO: [IP_Flow 19-6928] IPCACHE: copied cached file /home/wu/__PYNQ__/boards/Pynq-Z2/base/base/base.cache/ip/2024.1/c/a/ca6b4ddf64565c56/base_auto_cc_3_stub.vhdl to /home/wu/__PYNQ__/boards/Pynq-Z2/base/base/base.gen/sources_1/bd/base/ip/base_auto_cc_0/base_auto_cc_0_stub.vhdl.
INFO: [IP_Flow 19-6926] IPCACHE: added file to list for BOM: /home/wu/__PYNQ__/boards/Pynq-Z2/base/base/base.gen/sources_1/bd/base/ip/base_auto_cc_0/base_auto_cc_0_stub.vhdl
INFO: [IP_Flow 19-6928] IPCACHE: copied cached file /home/wu/__PYNQ__/boards/Pynq-Z2/base/base/base.cache/ip/2024.1/c/a/ca6b4ddf64565c56/base_auto_cc_3_sim_netlist.vhdl to /home/wu/__PYNQ__/boards/Pynq-Z2/base/base/base.gen/sources_1/bd/base/ip/base_auto_cc_0/base_auto_cc_0_sim_netlist.vhdl.
INFO: [IP_Flow 19-6926] IPCACHE: added file to list for BOM: /home/wu/__PYNQ__/boards/Pynq-Z2/base/base/base.gen/sources_1/bd/base/ip/base_auto_cc_0/base_auto_cc_0_sim_netlist.vhdl
INFO: [IP_Flow 19-6928] IPCACHE: copied cached file /home/wu/__PYNQ__/boards/Pynq-Z2/base/base/base.cache/ip/2024.1/c/a/ca6b4ddf64565c56/base_auto_cc_3.dcp to /home/wu/__PYNQ__/boards/Pynq-Z2/base/base/base.gen/sources_1/bd/base/ip/base_auto_cc_0/base_auto_cc_0.dcp.
INFO: [IP_Flow 19-6926] IPCACHE: added file to list for BOM: /home/wu/__PYNQ__/boards/Pynq-Z2/base/base/base.gen/sources_1/bd/base/ip/base_auto_cc_0/base_auto_cc_0.dcp
INFO: [IP_Flow 19-4993] Using cached IP synthesis design for IP base_auto_cc_0, cache-ID = ca6b4ddf64565c56; cache size = 2.121 MB.
INFO: [IP_Flow 19-6924] IPCACHE: Running cache check for IP inst: base_auto_cc_1
INFO: [IP_Flow 19-6922] IPCACHE: Exporting cached entry c6be6c270725fcfa to dir: /home/wu/__PYNQ__/boards/Pynq-Z2/base/base/base.gen/sources_1/bd/base/ip/base_auto_cc_1
INFO: [IP_Flow 19-6928] IPCACHE: copied cached file /home/wu/__PYNQ__/boards/Pynq-Z2/base/base/base.cache/ip/2024.1/c/6/c6be6c270725fcfa/base_auto_cc_2_sim_netlist.vhdl to /home/wu/__PYNQ__/boards/Pynq-Z2/base/base/base.gen/sources_1/bd/base/ip/base_auto_cc_1/base_auto_cc_1_sim_netlist.vhdl.
INFO: [IP_Flow 19-6926] IPCACHE: added file to list for BOM: /home/wu/__PYNQ__/boards/Pynq-Z2/base/base/base.gen/sources_1/bd/base/ip/base_auto_cc_1/base_auto_cc_1_sim_netlist.vhdl
INFO: [IP_Flow 19-6928] IPCACHE: copied cached file /home/wu/__PYNQ__/boards/Pynq-Z2/base/base/base.cache/ip/2024.1/c/6/c6be6c270725fcfa/base_auto_cc_2.dcp to /home/wu/__PYNQ__/boards/Pynq-Z2/base/base/base.gen/sources_1/bd/base/ip/base_auto_cc_1/base_auto_cc_1.dcp.
INFO: [IP_Flow 19-6926] IPCACHE: added file to list for BOM: /home/wu/__PYNQ__/boards/Pynq-Z2/base/base/base.gen/sources_1/bd/base/ip/base_auto_cc_1/base_auto_cc_1.dcp
INFO: [IP_Flow 19-6928] IPCACHE: copied cached file /home/wu/__PYNQ__/boards/Pynq-Z2/base/base/base.cache/ip/2024.1/c/6/c6be6c270725fcfa/base_auto_cc_2_sim_netlist.v to /home/wu/__PYNQ__/boards/Pynq-Z2/base/base/base.gen/sources_1/bd/base/ip/base_auto_cc_1/base_auto_cc_1_sim_netlist.v.
INFO: [IP_Flow 19-6926] IPCACHE: added file to list for BOM: /home/wu/__PYNQ__/boards/Pynq-Z2/base/base/base.gen/sources_1/bd/base/ip/base_auto_cc_1/base_auto_cc_1_sim_netlist.v
INFO: [IP_Flow 19-6928] IPCACHE: copied cached file /home/wu/__PYNQ__/boards/Pynq-Z2/base/base/base.cache/ip/2024.1/c/6/c6be6c270725fcfa/base_auto_cc_2_stub.vhdl to /home/wu/__PYNQ__/boards/Pynq-Z2/base/base/base.gen/sources_1/bd/base/ip/base_auto_cc_1/base_auto_cc_1_stub.vhdl.
INFO: [IP_Flow 19-6926] IPCACHE: added file to list for BOM: /home/wu/__PYNQ__/boards/Pynq-Z2/base/base/base.gen/sources_1/bd/base/ip/base_auto_cc_1/base_auto_cc_1_stub.vhdl
INFO: [IP_Flow 19-6928] IPCACHE: copied cached file /home/wu/__PYNQ__/boards/Pynq-Z2/base/base/base.cache/ip/2024.1/c/6/c6be6c270725fcfa/base_auto_cc_2_stub.v to /home/wu/__PYNQ__/boards/Pynq-Z2/base/base/base.gen/sources_1/bd/base/ip/base_auto_cc_1/base_auto_cc_1_stub.v.
INFO: [IP_Flow 19-6926] IPCACHE: added file to list for BOM: /home/wu/__PYNQ__/boards/Pynq-Z2/base/base/base.gen/sources_1/bd/base/ip/base_auto_cc_1/base_auto_cc_1_stub.v
INFO: [IP_Flow 19-4993] Using cached IP synthesis design for IP base_auto_cc_1, cache-ID = c6be6c270725fcfa; cache size = 2.121 MB.
INFO: [IP_Flow 19-6924] IPCACHE: Running cache check for IP inst: base_auto_pc_0
INFO: [IP_Flow 19-6924] IPCACHE: Running cache check for IP inst: base_pixel_pack_0
INFO: [IP_Flow 19-6924] IPCACHE: Running cache check for IP inst: base_rgb2dvi_0_0
INFO: [IP_Flow 19-6924] IPCACHE: Running cache check for IP inst: base_auto_pc_1
INFO: [IP_Flow 19-6924] IPCACHE: Running cache check for IP inst: base_m03_regslice_0
INFO: [IP_Flow 19-6924] IPCACHE: Running cache check for IP inst: base_rst_ps7_0_fclk0_0
INFO: [IP_Flow 19-6924] IPCACHE: Running cache check for IP inst: base_v_axi4s_vid_out_0_0
INFO: [IP_Flow 19-6924] IPCACHE: Running cache check for IP inst: base_xbar_10
INFO: [IP_Flow 19-6924] IPCACHE: Running cache check for IP inst: base_auto_pc_2
INFO: [IP_Flow 19-6924] IPCACHE: Running cache check for IP inst: base_v_vid_in_axi4s_0_0
INFO: [IP_Flow 19-6924] IPCACHE: Running cache check for IP inst: base_auto_pc_3
INFO: [IP_Flow 19-6924] IPCACHE: Running cache check for IP inst: base_pixel_unpack_0
INFO: [IP_Flow 19-6924] IPCACHE: Running cache check for IP inst: base_proc_sys_reset_pixelclk_0
INFO: [IP_Flow 19-6924] IPCACHE: Running cache check for IP inst: base_system_interrupts_0
INFO: [IP_Flow 19-6924] IPCACHE: Running cache check for IP inst: base_vtc_out_0
INFO: [IP_Flow 19-6924] IPCACHE: Running cache check for IP inst: base_xbar_6
INFO: [IP_Flow 19-6924] IPCACHE: Running cache check for IP inst: base_auto_us_0
INFO: [IP_Flow 19-6924] IPCACHE: Running cache check for IP inst: base_rst_ps7_0_fclk1_0
INFO: [IP_Flow 19-6924] IPCACHE: Running cache check for IP inst: base_vtc_in_0
INFO: [IP_Flow 19-6924] IPCACHE: Running cache check for IP inst: base_xbar_9
INFO: [IP_Flow 19-6924] IPCACHE: Running cache check for IP inst: base_axi_dynclk_0
INFO: [IP_Flow 19-6924] IPCACHE: Running cache check for IP inst: base_axis_register_slice_0_0
INFO: [IP_Flow 19-6924] IPCACHE: Running cache check for IP inst: base_axis_register_slice_0_1
INFO: [IP_Flow 19-6924] IPCACHE: Running cache check for IP inst: base_color_convert_0
INFO: [IP_Flow 19-6924] IPCACHE: Running cache check for IP inst: base_color_convert_1
INFO: [IP_Flow 19-6924] IPCACHE: Running cache check for IP inst: base_color_swap_0_0
INFO: [IP_Flow 19-6924] IPCACHE: Running cache check for IP inst: base_dvi2rgb_0_0
INFO: [IP_Flow 19-6924] IPCACHE: Running cache check for IP inst: base_m02_regslice_0
INFO: [IP_Flow 19-6922] IPCACHE: Exporting cached entry 4999f5bd2825f08c to dir: /home/wu/__PYNQ__/boards/Pynq-Z2/base/base/base.gen/sources_1/bd/base/ip/base_m02_regslice_0
INFO: [IP_Flow 19-6928] IPCACHE: copied cached file /home/wu/__PYNQ__/boards/Pynq-Z2/base/base/base.cache/ip/2024.1/4/9/4999f5bd2825f08c/base_m06_regslice_0_stub.v to /home/wu/__PYNQ__/boards/Pynq-Z2/base/base/base.gen/sources_1/bd/base/ip/base_m02_regslice_0/base_m02_regslice_0_stub.v.
INFO: [IP_Flow 19-6926] IPCACHE: added file to list for BOM: /home/wu/__PYNQ__/boards/Pynq-Z2/base/base/base.gen/sources_1/bd/base/ip/base_m02_regslice_0/base_m02_regslice_0_stub.v
INFO: [IP_Flow 19-6928] IPCACHE: copied cached file /home/wu/__PYNQ__/boards/Pynq-Z2/base/base/base.cache/ip/2024.1/4/9/4999f5bd2825f08c/base_m06_regslice_0_sim_netlist.vhdl to /home/wu/__PYNQ__/boards/Pynq-Z2/base/base/base.gen/sources_1/bd/base/ip/base_m02_regslice_0/base_m02_regslice_0_sim_netlist.vhdl.
INFO: [IP_Flow 19-6926] IPCACHE: added file to list for BOM: /home/wu/__PYNQ__/boards/Pynq-Z2/base/base/base.gen/sources_1/bd/base/ip/base_m02_regslice_0/base_m02_regslice_0_sim_netlist.vhdl
INFO: [IP_Flow 19-6928] IPCACHE: copied cached file /home/wu/__PYNQ__/boards/Pynq-Z2/base/base/base.cache/ip/2024.1/4/9/4999f5bd2825f08c/base_m06_regslice_0.dcp to /home/wu/__PYNQ__/boards/Pynq-Z2/base/base/base.gen/sources_1/bd/base/ip/base_m02_regslice_0/base_m02_regslice_0.dcp.
INFO: [IP_Flow 19-6926] IPCACHE: added file to list for BOM: /home/wu/__PYNQ__/boards/Pynq-Z2/base/base/base.gen/sources_1/bd/base/ip/base_m02_regslice_0/base_m02_regslice_0.dcp
INFO: [IP_Flow 19-6928] IPCACHE: copied cached file /home/wu/__PYNQ__/boards/Pynq-Z2/base/base/base.cache/ip/2024.1/4/9/4999f5bd2825f08c/base_m06_regslice_0_stub.vhdl to /home/wu/__PYNQ__/boards/Pynq-Z2/base/base/base.gen/sources_1/bd/base/ip/base_m02_regslice_0/base_m02_regslice_0_stub.vhdl.
INFO: [IP_Flow 19-6926] IPCACHE: added file to list for BOM: /home/wu/__PYNQ__/boards/Pynq-Z2/base/base/base.gen/sources_1/bd/base/ip/base_m02_regslice_0/base_m02_regslice_0_stub.vhdl
INFO: [IP_Flow 19-6928] IPCACHE: copied cached file /home/wu/__PYNQ__/boards/Pynq-Z2/base/base/base.cache/ip/2024.1/4/9/4999f5bd2825f08c/base_m06_regslice_0_sim_netlist.v to /home/wu/__PYNQ__/boards/Pynq-Z2/base/base/base.gen/sources_1/bd/base/ip/base_m02_regslice_0/base_m02_regslice_0_sim_netlist.v.
INFO: [IP_Flow 19-6926] IPCACHE: added file to list for BOM: /home/wu/__PYNQ__/boards/Pynq-Z2/base/base/base.gen/sources_1/bd/base/ip/base_m02_regslice_0/base_m02_regslice_0_sim_netlist.v
INFO: [IP_Flow 19-4993] Using cached IP synthesis design for IP base_m02_regslice_0, cache-ID = 4999f5bd2825f08c; cache size = 2.121 MB.
INFO: [IP_Flow 19-6924] IPCACHE: Running cache check for IP inst: base_axi_gpio_hdmiin_0
INFO: [IP_Flow 19-6924] IPCACHE: Running cache check for IP inst: base_hdmi_out_hpd_video_0
INFO: [IP_Flow 19-6924] IPCACHE: Running cache check for IP inst: base_m00_regslice_17
INFO: [IP_Flow 19-6922] IPCACHE: Exporting cached entry c74575352cf30413 to dir: /home/wu/__PYNQ__/boards/Pynq-Z2/base/base/base.gen/sources_1/bd/base/ip/base_m00_regslice_17
INFO: [IP_Flow 19-6928] IPCACHE: copied cached file /home/wu/__PYNQ__/boards/Pynq-Z2/base/base/base.cache/ip/2024.1/c/7/c74575352cf30413/base_m00_regslice_17.dcp to /home/wu/__PYNQ__/boards/Pynq-Z2/base/base/base.gen/sources_1/bd/base/ip/base_m00_regslice_17/base_m00_regslice_17.dcp.
INFO: [IP_Flow 19-6926] IPCACHE: added file to list for BOM: /home/wu/__PYNQ__/boards/Pynq-Z2/base/base/base.gen/sources_1/bd/base/ip/base_m00_regslice_17/base_m00_regslice_17.dcp
INFO: [IP_Flow 19-6928] IPCACHE: copied cached file /home/wu/__PYNQ__/boards/Pynq-Z2/base/base/base.cache/ip/2024.1/c/7/c74575352cf30413/base_m00_regslice_17_stub.vhdl to /home/wu/__PYNQ__/boards/Pynq-Z2/base/base/base.gen/sources_1/bd/base/ip/base_m00_regslice_17/base_m00_regslice_17_stub.vhdl.
INFO: [IP_Flow 19-6926] IPCACHE: added file to list for BOM: /home/wu/__PYNQ__/boards/Pynq-Z2/base/base/base.gen/sources_1/bd/base/ip/base_m00_regslice_17/base_m00_regslice_17_stub.vhdl
INFO: [IP_Flow 19-6928] IPCACHE: copied cached file /home/wu/__PYNQ__/boards/Pynq-Z2/base/base/base.cache/ip/2024.1/c/7/c74575352cf30413/base_m00_regslice_17_sim_netlist.v to /home/wu/__PYNQ__/boards/Pynq-Z2/base/base/base.gen/sources_1/bd/base/ip/base_m00_regslice_17/base_m00_regslice_17_sim_netlist.v.
INFO: [IP_Flow 19-6926] IPCACHE: added file to list for BOM: /home/wu/__PYNQ__/boards/Pynq-Z2/base/base/base.gen/sources_1/bd/base/ip/base_m00_regslice_17/base_m00_regslice_17_sim_netlist.v
INFO: [IP_Flow 19-6928] IPCACHE: copied cached file /home/wu/__PYNQ__/boards/Pynq-Z2/base/base/base.cache/ip/2024.1/c/7/c74575352cf30413/base_m00_regslice_17_stub.v to /home/wu/__PYNQ__/boards/Pynq-Z2/base/base/base.gen/sources_1/bd/base/ip/base_m00_regslice_17/base_m00_regslice_17_stub.v.
INFO: [IP_Flow 19-6926] IPCACHE: added file to list for BOM: /home/wu/__PYNQ__/boards/Pynq-Z2/base/base/base.gen/sources_1/bd/base/ip/base_m00_regslice_17/base_m00_regslice_17_stub.v
INFO: [IP_Flow 19-6928] IPCACHE: copied cached file /home/wu/__PYNQ__/boards/Pynq-Z2/base/base/base.cache/ip/2024.1/c/7/c74575352cf30413/base_m00_regslice_17_sim_netlist.vhdl to /home/wu/__PYNQ__/boards/Pynq-Z2/base/base/base.gen/sources_1/bd/base/ip/base_m00_regslice_17/base_m00_regslice_17_sim_netlist.vhdl.
INFO: [IP_Flow 19-6926] IPCACHE: added file to list for BOM: /home/wu/__PYNQ__/boards/Pynq-Z2/base/base/base.gen/sources_1/bd/base/ip/base_m00_regslice_17/base_m00_regslice_17_sim_netlist.vhdl
INFO: [IP_Flow 19-4993] Using cached IP synthesis design for IP base_m00_regslice_17, cache-ID = c74575352cf30413; cache size = 2.120 MB.
INFO: [IP_Flow 19-6924] IPCACHE: Running cache check for IP inst: base_axi_vdma_0
WARNING: [Vivado 12-7122] Auto Incremental Compile:: No reference checkpoint was found in run synth_1. Auto-incremental flow will not be run, the standard flow will be run instead.
[Thu Oct 23 02:05:38 2025] Launched base_ps7_0_0_synth_1, base_xbar_6_synth_1, base_rst_ps7_0_fclk0_0_synth_1, base_rst_ps7_0_fclk1_0_synth_1, base_system_interrupts_0_synth_1, base_xbar_9_synth_1, base_xbar_10_synth_1, base_axi_vdma_0_synth_1, base_axis_register_slice_0_0_synth_1, base_color_convert_0_synth_1, base_axi_gpio_hdmiin_0_synth_1, base_color_swap_0_0_synth_1, base_dvi2rgb_0_0_synth_1, base_v_vid_in_axi4s_0_0_synth_1, base_vtc_in_0_synth_1, base_pixel_pack_0_synth_1, base_axis_register_slice_0_1_synth_1, base_color_convert_1_synth_1, base_axi_dynclk_0_synth_1, base_hdmi_out_hpd_video_0_synth_1, base_rgb2dvi_0_0_synth_1, base_v_axi4s_vid_out_0_0_synth_1, base_vtc_out_0_synth_1, base_pixel_unpack_0_synth_1, base_proc_sys_reset_pixelclk_0_synth_1, base_auto_us_0_synth_1, base_m01_regslice_17_synth_1, base_m03_regslice_0_synth_1, base_auto_pc_0_synth_1, base_auto_pc_1_synth_1, base_s00_regslice_16_synth_1, base_auto_pc_3_synth_1, base_auto_pc_2_synth_1...
Run output will be captured here:
base_ps7_0_0_synth_1: /home/wu/__PYNQ__/boards/Pynq-Z2/base/base/base.runs/base_ps7_0_0_synth_1/runme.log
base_xbar_6_synth_1: /home/wu/__PYNQ__/boards/Pynq-Z2/base/base/base.runs/base_xbar_6_synth_1/runme.log
base_rst_ps7_0_fclk0_0_synth_1: /home/wu/__PYNQ__/boards/Pynq-Z2/base/base/base.runs/base_rst_ps7_0_fclk0_0_synth_1/runme.log
base_rst_ps7_0_fclk1_0_synth_1: /home/wu/__PYNQ__/boards/Pynq-Z2/base/base/base.runs/base_rst_ps7_0_fclk1_0_synth_1/runme.log
base_system_interrupts_0_synth_1: /home/wu/__PYNQ__/boards/Pynq-Z2/base/base/base.runs/base_system_interrupts_0_synth_1/runme.log
base_xbar_9_synth_1: /home/wu/__PYNQ__/boards/Pynq-Z2/base/base/base.runs/base_xbar_9_synth_1/runme.log
base_xbar_10_synth_1: /home/wu/__PYNQ__/boards/Pynq-Z2/base/base/base.runs/base_xbar_10_synth_1/runme.log
base_axi_vdma_0_synth_1: /home/wu/__PYNQ__/boards/Pynq-Z2/base/base/base.runs/base_axi_vdma_0_synth_1/runme.log
base_axis_register_slice_0_0_synth_1: /home/wu/__PYNQ__/boards/Pynq-Z2/base/base/base.runs/base_axis_register_slice_0_0_synth_1/runme.log
base_color_convert_0_synth_1: /home/wu/__PYNQ__/boards/Pynq-Z2/base/base/base.runs/base_color_convert_0_synth_1/runme.log
base_axi_gpio_hdmiin_0_synth_1: /home/wu/__PYNQ__/boards/Pynq-Z2/base/base/base.runs/base_axi_gpio_hdmiin_0_synth_1/runme.log
base_color_swap_0_0_synth_1: /home/wu/__PYNQ__/boards/Pynq-Z2/base/base/base.runs/base_color_swap_0_0_synth_1/runme.log
base_dvi2rgb_0_0_synth_1: /home/wu/__PYNQ__/boards/Pynq-Z2/base/base/base.runs/base_dvi2rgb_0_0_synth_1/runme.log
base_v_vid_in_axi4s_0_0_synth_1: /home/wu/__PYNQ__/boards/Pynq-Z2/base/base/base.runs/base_v_vid_in_axi4s_0_0_synth_1/runme.log
base_vtc_in_0_synth_1: /home/wu/__PYNQ__/boards/Pynq-Z2/base/base/base.runs/base_vtc_in_0_synth_1/runme.log
base_pixel_pack_0_synth_1: /home/wu/__PYNQ__/boards/Pynq-Z2/base/base/base.runs/base_pixel_pack_0_synth_1/runme.log
base_axis_register_slice_0_1_synth_1: /home/wu/__PYNQ__/boards/Pynq-Z2/base/base/base.runs/base_axis_register_slice_0_1_synth_1/runme.log
base_color_convert_1_synth_1: /home/wu/__PYNQ__/boards/Pynq-Z2/base/base/base.runs/base_color_convert_1_synth_1/runme.log
base_axi_dynclk_0_synth_1: /home/wu/__PYNQ__/boards/Pynq-Z2/base/base/base.runs/base_axi_dynclk_0_synth_1/runme.log
base_hdmi_out_hpd_video_0_synth_1: /home/wu/__PYNQ__/boards/Pynq-Z2/base/base/base.runs/base_hdmi_out_hpd_video_0_synth_1/runme.log
base_rgb2dvi_0_0_synth_1: /home/wu/__PYNQ__/boards/Pynq-Z2/base/base/base.runs/base_rgb2dvi_0_0_synth_1/runme.log
base_v_axi4s_vid_out_0_0_synth_1: /home/wu/__PYNQ__/boards/Pynq-Z2/base/base/base.runs/base_v_axi4s_vid_out_0_0_synth_1/runme.log
base_vtc_out_0_synth_1: /home/wu/__PYNQ__/boards/Pynq-Z2/base/base/base.runs/base_vtc_out_0_synth_1/runme.log
base_pixel_unpack_0_synth_1: /home/wu/__PYNQ__/boards/Pynq-Z2/base/base/base.runs/base_pixel_unpack_0_synth_1/runme.log
base_proc_sys_reset_pixelclk_0_synth_1: /home/wu/__PYNQ__/boards/Pynq-Z2/base/base/base.runs/base_proc_sys_reset_pixelclk_0_synth_1/runme.log
base_auto_us_0_synth_1: /home/wu/__PYNQ__/boards/Pynq-Z2/base/base/base.runs/base_auto_us_0_synth_1/runme.log
base_m01_regslice_17_synth_1: /home/wu/__PYNQ__/boards/Pynq-Z2/base/base/base.runs/base_m01_regslice_17_synth_1/runme.log
base_m03_regslice_0_synth_1: /home/wu/__PYNQ__/boards/Pynq-Z2/base/base/base.runs/base_m03_regslice_0_synth_1/runme.log
base_auto_pc_0_synth_1: /home/wu/__PYNQ__/boards/Pynq-Z2/base/base/base.runs/base_auto_pc_0_synth_1/runme.log
base_auto_pc_1_synth_1: /home/wu/__PYNQ__/boards/Pynq-Z2/base/base/base.runs/base_auto_pc_1_synth_1/runme.log
base_s00_regslice_16_synth_1: /home/wu/__PYNQ__/boards/Pynq-Z2/base/base/base.runs/base_s00_regslice_16_synth_1/runme.log
base_auto_pc_3_synth_1: /home/wu/__PYNQ__/boards/Pynq-Z2/base/base/base.runs/base_auto_pc_3_synth_1/runme.log
base_auto_pc_2_synth_1: /home/wu/__PYNQ__/boards/Pynq-Z2/base/base/base.runs/base_auto_pc_2_synth_1/runme.log
[Thu Oct 23 02:05:41 2025] Launched synth_1...
Run output will be captured here: /home/wu/__PYNQ__/boards/Pynq-Z2/base/base/base.runs/synth_1/runme.log
launch_runs: Time (s): cpu = 00:00:09 ; elapsed = 00:00:07 . Memory (MB): peak = 11670.074 ; gain = 1479.797 ; free physical = 892 ; free virtual = 7221
