

================================================================
== Vitis HLS Report for 'main_process_Pipeline_VITIS_LOOP_274_14'
================================================================
* Date:           Mon Oct 27 17:27:49 2025

* Version:        2024.1 (Build 5069499 on May 21 2024)
* Project:        render
* Solution:       hls (Vivado IP Flow Target)
* Product family: zynq
* Target device:  xc7z020-clg400-1


================================================================
== Performance Estimates
================================================================
+ Timing: 
    * Summary: 
    +--------+----------+----------+------------+
    |  Clock |  Target  | Estimated| Uncertainty|
    +--------+----------+----------+------------+
    |ap_clk  |  10.00 ns|  5.120 ns|     2.50 ns|
    +--------+----------+----------+------------+

+ Latency: 
    * Summary: 
    +---------+---------+----------+----------+-------+-------+-----------------------------------------------+
    |  Latency (cycles) |  Latency (absolute) |    Interval   |                    Pipeline                   |
    |   min   |   max   |    min   |    max   |  min  |  max  |                      Type                     |
    +---------+---------+----------+----------+-------+-------+-----------------------------------------------+
    |    30593|    30593|  0.306 ms|  0.306 ms|  30592|  30592|  loop auto-rewind stp(delay=0 clock cycles(s))|
    +---------+---------+----------+----------+-------+-------+-----------------------------------------------+

    + Detail: 
        * Instance: 
        N/A

        * Loop: 
        +---------------------+---------+---------+----------+-----------+-----------+-------+----------+
        |                     |  Latency (cycles) | Iteration|  Initiation Interval  |  Trip |          |
        |      Loop Name      |   min   |   max   |  Latency |  achieved |   target  | Count | Pipelined|
        +---------------------+---------+---------+----------+-----------+-----------+-------+----------+
        |- VITIS_LOOP_274_14  |    30591|    30591|         2|          1|          1|  30591|       yes|
        +---------------------+---------+---------+----------+-----------+-----------+-------+----------+



================================================================
== Utilization Estimates
================================================================
* Summary: 
+-----------------+---------+-----+--------+-------+-----+
|       Name      | BRAM_18K| DSP |   FF   |  LUT  | URAM|
+-----------------+---------+-----+--------+-------+-----+
|DSP              |        -|    -|       -|      -|    -|
|Expression       |        -|    -|       0|     46|    -|
|FIFO             |        -|    -|       -|      -|    -|
|Instance         |        -|    -|       -|      -|    -|
|Memory           |        -|    -|       -|      -|    -|
|Multiplexer      |        -|    -|       0|     45|    -|
|Register         |        -|    -|      18|      -|    -|
+-----------------+---------+-----+--------+-------+-----+
|Total            |        0|    0|      18|     91|    0|
+-----------------+---------+-----+--------+-------+-----+
|Available        |      280|  220|  106400|  53200|    0|
+-----------------+---------+-----+--------+-------+-----+
|Utilization (%)  |        0|    0|      ~0|     ~0|    0|
+-----------------+---------+-----+--------+-------+-----+

+ Detail: 
    * Instance: 
    N/A

    * DSP: 
    N/A

    * Memory: 
    N/A

    * FIFO: 
    N/A

    * Expression: 
    +---------------------------+----------+----+---+----+------------+------------+
    |       Variable Name       | Operation| DSP| FF| LUT| Bitwidth P0| Bitwidth P1|
    +---------------------------+----------+----+---+----+------------+------------+
    |i_5_fu_90_p2               |         +|   0|  0|  20|          15|           1|
    |ap_block_pp0_stage0_01001  |       and|   0|  0|   2|           1|           1|
    |ap_block_pp0_stage0_11001  |       and|   0|  0|   2|           1|           1|
    |icmp_ln274_fu_84_p2        |      icmp|   0|  0|  20|          15|          13|
    |ap_enable_pp0              |       xor|   0|  0|   2|           1|           2|
    +---------------------------+----------+----+---+----+------------+------------+
    |Total                      |          |   0|  0|  46|          33|          18|
    +---------------------------+----------+----+---+----+------------+------------+

    * Multiplexer: 
    +---------------------------+----+-----------+-----+-----------+
    |            Name           | LUT| Input Size| Bits| Total Bits|
    +---------------------------+----+-----------+-----+-----------+
    |ap_done_int                |   9|          2|    1|          2|
    |ap_enable_reg_pp0_iter1    |   9|          2|    1|          2|
    |ap_sig_allocacmp_i         |   9|          2|   15|         30|
    |i_4_fu_52                  |   9|          2|   15|         30|
    |output_stream_TDATA_blk_n  |   9|          2|    1|          2|
    +---------------------------+----+-----------+-----+-----------+
    |Total                      |  45|         10|   33|         66|
    +---------------------------+----+-----------+-----+-----------+

    * Register: 
    +-------------------------+----+----+-----+-----------+
    |           Name          | FF | LUT| Bits| Const Bits|
    +-------------------------+----+----+-----+-----------+
    |ap_CS_fsm                |   1|   0|    1|          0|
    |ap_done_reg              |   1|   0|    1|          0|
    |ap_enable_reg_pp0_iter1  |   1|   0|    1|          0|
    |i_4_fu_52                |  15|   0|   15|          0|
    +-------------------------+----+----+-----+-----------+
    |Total                    |  18|   0|   18|          0|
    +-------------------------+----+----+-----+-----------+



================================================================
== Interface
================================================================
* Summary: 
+----------------------+-----+-----+------------+-----------------------------------------+--------------+
|       RTL Ports      | Dir | Bits|  Protocol  |              Source Object              |    C Type    |
+----------------------+-----+-----+------------+-----------------------------------------+--------------+
|ap_clk                |   in|    1|  ap_ctrl_hs|  main_process_Pipeline_VITIS_LOOP_274_14|  return value|
|ap_rst                |   in|    1|  ap_ctrl_hs|  main_process_Pipeline_VITIS_LOOP_274_14|  return value|
|ap_start              |   in|    1|  ap_ctrl_hs|  main_process_Pipeline_VITIS_LOOP_274_14|  return value|
|ap_done               |  out|    1|  ap_ctrl_hs|  main_process_Pipeline_VITIS_LOOP_274_14|  return value|
|ap_idle               |  out|    1|  ap_ctrl_hs|  main_process_Pipeline_VITIS_LOOP_274_14|  return value|
|ap_ready              |  out|    1|  ap_ctrl_hs|  main_process_Pipeline_VITIS_LOOP_274_14|  return value|
|output_stream_TREADY  |   in|    1|        axis|                   output_stream_V_data_V|       pointer|
|output_stream_TDATA   |  out|   24|        axis|                   output_stream_V_data_V|       pointer|
|output_stream_TVALID  |  out|    1|        axis|                   output_stream_V_last_V|       pointer|
|output_stream_TLAST   |  out|    1|        axis|                   output_stream_V_last_V|       pointer|
|output_stream_TKEEP   |  out|    3|        axis|                   output_stream_V_keep_V|       pointer|
|output_stream_TSTRB   |  out|    3|        axis|                   output_stream_V_strb_V|       pointer|
+----------------------+-----+-----+------------+-----------------------------------------+--------------+

